Using pre-set license
Built from '2021.2/staging' branch; Version is '2021.2.2f1 (5e2b1e92c7f8) revision 6171422'; Using compiler version '192829333'; Build Type 'Release'
OS: 'Windows 10 Pro; OS build 22000.1455; Version 2009; 64bit' Language: 'ru' Physical Memory: 16263 MB
BatchMode: 1, IsHumanControllingUs: 0, StartBugReporterOnCrash: 0, Is64bit: 1, IsPro: 0

COMMAND LINE ARGUMENTS:
C:\Program Files\Unity\Hub\Editor\2021.2.2f1\Editor\Unity.exe
-adb2
-batchMode
-noUpm
-name
AssetImportWorker6
-projectPath
C:/Users/meles/Desktop/Bar Cooking
-logFile
Logs/AssetImportWorker6.log
-srvPort
65299
Successfully changed project path to: C:/Users/meles/Desktop/Bar Cooking
C:/Users/meles/Desktop/Bar Cooking
[UnityMemory] Configuration Parameters - Can be set up in boot.config
    "memorysetup-bucket-allocator-granularity=16"
    "memorysetup-bucket-allocator-bucket-count=8"
    "memorysetup-bucket-allocator-block-size=33554432"
    "memorysetup-bucket-allocator-block-count=8"
    "memorysetup-main-allocator-block-size=16777216"
    "memorysetup-thread-allocator-block-size=16777216"
    "memorysetup-gfx-main-allocator-block-size=16777216"
    "memorysetup-gfx-thread-allocator-block-size=16777216"
    "memorysetup-cache-allocator-block-size=4194304"
    "memorysetup-typetree-allocator-block-size=2097152"
    "memorysetup-profiler-bucket-allocator-granularity=16"
    "memorysetup-profiler-bucket-allocator-bucket-count=8"
    "memorysetup-profiler-bucket-allocator-block-size=33554432"
    "memorysetup-profiler-bucket-allocator-block-count=8"
    "memorysetup-profiler-allocator-block-size=16777216"
    "memorysetup-profiler-editor-allocator-block-size=1048576"
    "memorysetup-temp-allocator-size-main=16777216"
    "memorysetup-job-temp-allocator-block-size=2097152"
    "memorysetup-job-temp-allocator-block-size-background=1048576"
    "memorysetup-job-temp-allocator-reduction-small-platforms=262144"
    "memorysetup-temp-allocator-size-background-worker=32768"
    "memorysetup-temp-allocator-size-job-worker=262144"
    "memorysetup-temp-allocator-size-preload-manager=33554432"
    "memorysetup-temp-allocator-size-nav-mesh-worker=65536"
    "memorysetup-temp-allocator-size-audio-worker=65536"
    "memorysetup-temp-allocator-size-cloud-worker=32768"
    "memorysetup-temp-allocator-size-gi-baking-worker=262144"
    "memorysetup-temp-allocator-size-gfx=262144"
Refreshing native plugins compatible for Editor in 103.04 ms, found 3 plugins.
Preloading 0 native plugins for Editor in 0.00 ms.
Initialize engine version: 2021.2.2f1 (5e2b1e92c7f8)
[Subsystems] Discovering subsystems at path C:/Program Files/Unity/Hub/Editor/2021.2.2f1/Editor/Data/Resources/UnitySubsystems
[Subsystems] Discovering subsystems at path C:/Users/meles/Desktop/Bar Cooking/Assets
GfxDevice: creating device client; threaded=0; jobified=0
Direct3D:
    Version:  Direct3D 11.0 [level 11.1]
    Renderer: NVIDIA GeForce GTX 1650 (ID=0x1f91)
    Vendor:   NVIDIA
    VRAM:     3949 MB
    Driver:   31.0.15.2756
Initialize mono
Mono path[0] = 'C:/Program Files/Unity/Hub/Editor/2021.2.2f1/Editor/Data/Managed'
Mono path[1] = 'C:/Program Files/Unity/Hub/Editor/2021.2.2f1/Editor/Data/MonoBleedingEdge/lib/mono/unityjit-win32'
Mono config path = 'C:/Program Files/Unity/Hub/Editor/2021.2.2f1/Editor/Data/MonoBleedingEdge/etc'
Using monoOptions --debugger-agent=transport=dt_socket,embedding=1,server=y,suspend=n,address=127.0.0.1:56388
Begin MonoManager ReloadAssembly
Registering precompiled unity dll's ...
Register platform support module: C:/Program Files/Unity/Hub/Editor/2021.2.2f1/Editor/Data/PlaybackEngines/WindowsStandaloneSupport/UnityEditor.WindowsStandalone.Extensions.dll
Registered in 0.006079 seconds.
Native extension for WindowsStandalone target not found
Refreshing native plugins compatible for Editor in 118.26 ms, found 3 plugins.
Preloading 0 native plugins for Editor in 0.00 ms.
Mono: successfully reloaded assembly
- Completed reload, in  0.868 seconds
Domain Reload Profiling:
	ReloadAssembly (869ms)
		BeginReloadAssembly (93ms)
			ExecutionOrderSort (0ms)
			DisableScriptedObjects (0ms)
			BackupInstance (0ms)
			ReleaseScriptingObjects (0ms)
			CreateAndSetChildDomain (1ms)
		EndReloadAssembly (678ms)
			LoadAssemblies (91ms)
			RebuildTransferFunctionScriptingTraits (0ms)
			SetupTypeCache (126ms)
			ReleaseScriptCaches (0ms)
			RebuildScriptCaches (47ms)
			SetupLoadedEditorAssemblies (431ms)
				LogAssemblyErrors (0ms)
				InitializePlatformSupportModulesInManaged (22ms)
				SetLoadedEditorAssemblies (0ms)
				RefreshPlugins (118ms)
				BeforeProcessingInitializeOnLoad (2ms)
				ProcessInitializeOnLoadAttributes (215ms)
				ProcessInitializeOnLoadMethodAttributes (74ms)
				AfterProcessingInitializeOnLoad (0ms)
				EditorAssembliesLoaded (0ms)
			ExecutionOrderSort2 (0ms)
			AwakeInstancesAfterBackupRestoration (0ms)
Platform modules already initialized, skipping
Registering precompiled user dll's ...
Registered in 0.007540 seconds.
Begin MonoManager ReloadAssembly
Symbol file LoadedFromMemory doesn't match image C:\Users\meles\Desktop\Bar Cooking\Library\PackageCache\com.unity.visualscripting@1.7.5\Editor\VisualScripting.Core\Dependencies\YamlDotNet\Unity.VisualScripting.YamlDotNet.dll
Symbol file LoadedFromMemory doesn't match image C:\Users\meles\Desktop\Bar Cooking\Library\PackageCache\com.unity.visualscripting@1.7.5\Editor\VisualScripting.Core\Dependencies\DotNetZip\Unity.VisualScripting.IonicZip.dll
Native extension for WindowsStandalone target not found
Refreshing native plugins compatible for Editor in 1.39 ms, found 3 plugins.
Preloading 0 native plugins for Editor in 0.00 ms.
Mono: successfully reloaded assembly
- Completed reload, in  2.015 seconds
Domain Reload Profiling:
	ReloadAssembly (2017ms)
		BeginReloadAssembly (259ms)
			ExecutionOrderSort (0ms)
			DisableScriptedObjects (9ms)
			BackupInstance (0ms)
			ReleaseScriptingObjects (0ms)
			CreateAndSetChildDomain (37ms)
		EndReloadAssembly (1624ms)
			LoadAssemblies (114ms)
			RebuildTransferFunctionScriptingTraits (0ms)
			SetupTypeCache (376ms)
			ReleaseScriptCaches (1ms)
			RebuildScriptCaches (94ms)
			SetupLoadedEditorAssemblies (844ms)
				LogAssemblyErrors (0ms)
				InitializePlatformSupportModulesInManaged (27ms)
				SetLoadedEditorAssemblies (1ms)
				RefreshPlugins (2ms)
				BeforeProcessingInitializeOnLoad (167ms)
				ProcessInitializeOnLoadAttributes (588ms)
				ProcessInitializeOnLoadMethodAttributes (48ms)
				AfterProcessingInitializeOnLoad (12ms)
				EditorAssembliesLoaded (0ms)
			ExecutionOrderSort2 (0ms)
			AwakeInstancesAfterBackupRestoration (11ms)
Platform modules already initialized, skipping
========================================================================
Worker process is ready to serve import requests
Launched and connected shader compiler UnityShaderCompiler.exe after 0.06 seconds
Refreshing native plugins compatible for Editor in 0.84 ms, found 3 plugins.
Preloading 0 native plugins for Editor in 0.00 ms.
Unloading 3516 Unused Serialized files (Serialized files now loaded: 0)
Unloading 24 unused Assets / (93.5 KB). Loaded Objects now: 3985.
Memory consumption went from 132.3 MB to 132.2 MB.
Total: 5.374400 ms (FindLiveObjects: 0.549300 ms CreateObjectMapping: 0.480300 ms MarkObjects: 4.193500 ms  DeleteObjects: 0.149400 ms)

AssetImportParameters requested are different than current active one (requested -> active):
  custom:video-decoder-ogg-theora: a1e56fd34408186e4bbccfd4996cb3dc -> 
  custom:container-muxer-webm: aa71ff27fc2769a1b78a27578f13a17b -> 
  custom:container-demuxer-webm: 4f35f7cbe854078d1ac9338744f61a02 -> 
  custom:video-encoder-webm-vp8: eb34c28f22e8b96e1ab97ce403110664 -> 
  custom:audio-encoder-webm-vorbis: bf7c407c2cedff20999df2af8eb42d56 -> 
  custom:framework-win-MediaFoundation: 216162199b28c13a410421893ffa2e32 -> 
  custom:container-demuxer-ogg: 62fdf1f143b41e24485cea50d1cbac27 -> 
  custom:video-decoder-webm-vp8: 9c59270c3fd7afecdb556c50c9e8de78 -> 
  custom:audio-decoder-ogg-vorbis: bf7c407c2cedff20999df2af8eb42d56 -> 
========================================================================
Received Import Request.
  Time since last request: 13583.194819 seconds.
  path: Assets/Model/ExtrasHuman/human2.fbx
  artifactKey: Guid(9df7432ed7be99e4e8183862a7f5db3a) Importer(815301076,1909f56bfc062723c751e8b465ee728b)
Start importing Assets/Model/ExtrasHuman/human2.fbx using Guid(9df7432ed7be99e4e8183862a7f5db3a) Importer(815301076,1909f56bfc062723c751e8b465ee728b)  -> (artifact id: '7d1501abee69c0b2e7315c05db41dd8e') in 0.449811 seconds 
========================================================================
Received Import Request.
  Time since last request: 0.000036 seconds.
  path: Assets/Model/ExtrasHuman/human7.fbx
  artifactKey: Guid(54a45baaf11d0d9499c7441ee08d6bed) Importer(815301076,1909f56bfc062723c751e8b465ee728b)
Start importing Assets/Model/ExtrasHuman/human7.fbx using Guid(54a45baaf11d0d9499c7441ee08d6bed) Importer(815301076,1909f56bfc062723c751e8b465ee728b)  -> (artifact id: 'e73b19be11a142ed3be11eb62d973879') in 0.182930 seconds 
========================================================================
Received Import Request.
  Time since last request: 0.000043 seconds.
  path: Assets/Model/ExtrasHuman/human8.fbx
  artifactKey: Guid(4b173366bca2a4b45b2509006ef4c110) Importer(815301076,1909f56bfc062723c751e8b465ee728b)
Start importing Assets/Model/ExtrasHuman/human8.fbx using Guid(4b173366bca2a4b45b2509006ef4c110) Importer(815301076,1909f56bfc062723c751e8b465ee728b)  -> (artifact id: '44ea23932c7267bd205a2d14ad8531dd') in 0.193640 seconds 
========================================================================
Received Import Request.
  Time since last request: 0.000029 seconds.
  path: Assets/Model/ExtrasHuman/human13.fbx
  artifactKey: Guid(4ce54bad5cda87c44a5af6a8238f15ef) Importer(815301076,1909f56bfc062723c751e8b465ee728b)
Start importing Assets/Model/ExtrasHuman/human13.fbx using Guid(4ce54bad5cda87c44a5af6a8238f15ef) Importer(815301076,1909f56bfc062723c751e8b465ee728b)  -> (artifact id: '0e766d4f3d203f307e7c10242cf77c5a') in 0.200543 seconds 
========================================================================
Received Import Request.
  Time since last request: 0.000039 seconds.
  path: Assets/Model/ExtrasHuman/human9.fbx
  artifactKey: Guid(7563598c765a91347a2e0bbabbd92114) Importer(815301076,1909f56bfc062723c751e8b465ee728b)
Start importing Assets/Model/ExtrasHuman/human9.fbx using Guid(7563598c765a91347a2e0bbabbd92114) Importer(815301076,1909f56bfc062723c751e8b465ee728b)  -> (artifact id: 'f853bc74f4fdcf07938fab57e5718eeb') in 0.187515 seconds 
========================================================================
Received Import Request.
  Time since last request: 0.000075 seconds.
  path: Assets/Model/ExtrasHuman/human5.fbx
  artifactKey: Guid(d5158928cc619e04a8c9e95634442c57) Importer(815301076,1909f56bfc062723c751e8b465ee728b)
Start importing Assets/Model/ExtrasHuman/human5.fbx using Guid(d5158928cc619e04a8c9e95634442c57) Importer(815301076,1909f56bfc062723c751e8b465ee728b)  -> (artifact id: '4bfc6a7562f393eef72106458d42282a') in 0.181928 seconds 
========================================================================
Received Import Request.
  Time since last request: 40.523602 seconds.
  path: Assets/Prefab/Kitchen/Fridge_SBS.fbx
  artifactKey: Guid(4ef85326d2b48fb48bee81014892b40d) Importer(815301076,1909f56bfc062723c751e8b465ee728b)
Start importing Assets/Prefab/Kitchen/Fridge_SBS.fbx using Guid(4ef85326d2b48fb48bee81014892b40d) Importer(815301076,1909f56bfc062723c751e8b465ee728b)  -> (artifact id: '960e63fce1747d644f5519b42cb9ffbe') in 0.212761 seconds 
========================================================================
Received Import Request.
  Time since last request: 160.197766 seconds.
  path: Assets/Prefab/Satellite_center.FBX
  artifactKey: Guid(504ee59492c7a274fb77246920962edf) Importer(815301076,1909f56bfc062723c751e8b465ee728b)
Start importing Assets/Prefab/Satellite_center.FBX using Guid(504ee59492c7a274fb77246920962edf) Importer(815301076,1909f56bfc062723c751e8b465ee728b)  -> (artifact id: '40174344f8a430db0f70aed7a11afafb') in 0.028878 seconds 
========================================================================
Received Import Request.
  Time since last request: 11.295742 seconds.
  path: Assets/Prefab/Satellite_center.FBX
  artifactKey: Guid(504ee59492c7a274fb77246920962edf) Importer(815301076,1909f56bfc062723c751e8b465ee728b)
Start importing Assets/Prefab/Satellite_center.FBX using Guid(504ee59492c7a274fb77246920962edf) Importer(815301076,1909f56bfc062723c751e8b465ee728b)  -> (artifact id: 'ba0abdbf1c923c8eb575c61aef31cad9') in 0.021534 seconds 
========================================================================
Received Import Request.
  Time since last request: 57.363639 seconds.
  path: Assets/Prefab/Satellite_center.FBX
  artifactKey: Guid(504ee59492c7a274fb77246920962edf) Importer(815301076,1909f56bfc062723c751e8b465ee728b)
Start importing Assets/Prefab/Satellite_center.FBX using Guid(504ee59492c7a274fb77246920962edf) Importer(815301076,1909f56bfc062723c751e8b465ee728b)  -> (artifact id: '3708bdea7c38e74f4ba7e5ec66baf54f') in 0.022869 seconds 
========================================================================
Received Import Request.
  Time since last request: 4.165899 seconds.
  path: Assets/Prefab/Satellite_center.FBX
  artifactKey: Guid(504ee59492c7a274fb77246920962edf) Importer(815301076,1909f56bfc062723c751e8b465ee728b)
Start importing Assets/Prefab/Satellite_center.FBX using Guid(504ee59492c7a274fb77246920962edf) Importer(815301076,1909f56bfc062723c751e8b465ee728b)  -> (artifact id: 'a521f60177ab863dec74de4c1bc244bd') in 0.019662 seconds 
========================================================================
Received Import Request.
  Time since last request: 12.964293 seconds.
  path: Assets/Prefab/Satellite_center.FBX
  artifactKey: Guid(504ee59492c7a274fb77246920962edf) Importer(815301076,1909f56bfc062723c751e8b465ee728b)
Start importing Assets/Prefab/Satellite_center.FBX using Guid(504ee59492c7a274fb77246920962edf) Importer(815301076,1909f56bfc062723c751e8b465ee728b)  -> (artifact id: 'dbaa6a770d9831405c591fb673347f04') in 0.021515 seconds 
========================================================================
Received Import Request.
  Time since last request: 15.879506 seconds.
  path: Assets/Prefab/Subwoofer.FBX
  artifactKey: Guid(952cf7ee7fb27ea4780ae5c140d77b6e) Importer(815301076,1909f56bfc062723c751e8b465ee728b)
Start importing Assets/Prefab/Subwoofer.FBX using Guid(952cf7ee7fb27ea4780ae5c140d77b6e) Importer(815301076,1909f56bfc062723c751e8b465ee728b)  -> (artifact id: '3e8dc90e6d735387f0f0496c3c219776') in 0.021284 seconds 
========================================================================
Received Import Request.
  Time since last request: 6.025858 seconds.
  path: Assets/Prefab/Satellite_low.FBX
  artifactKey: Guid(8eb8edb82ed73cb418750550d784e536) Importer(815301076,1909f56bfc062723c751e8b465ee728b)
Start importing Assets/Prefab/Satellite_low.FBX using Guid(8eb8edb82ed73cb418750550d784e536) Importer(815301076,1909f56bfc062723c751e8b465ee728b)  -> (artifact id: '80821ffd270af4b093c0b9dada36768d') in 0.027106 seconds 
========================================================================
Received Import Request.
  Time since last request: 17.757142 seconds.
  path: Assets/Prefab/Satellite_hight.FBX
  artifactKey: Guid(77d8ddc231e6e3a46ab80ecb69d06390) Importer(815301076,1909f56bfc062723c751e8b465ee728b)
Start importing Assets/Prefab/Satellite_hight.FBX using Guid(77d8ddc231e6e3a46ab80ecb69d06390) Importer(815301076,1909f56bfc062723c751e8b465ee728b)  -> (artifact id: 'a8efc78e116db213efc1fe2664ce27ab') in 0.024110 seconds 
========================================================================
Received Import Request.
  Time since last request: 85.223352 seconds.
  path: Assets/Prefab/Satellite_center.FBX
  artifactKey: Guid(504ee59492c7a274fb77246920962edf) Importer(815301076,1909f56bfc062723c751e8b465ee728b)
Start importing Assets/Prefab/Satellite_center.FBX using Guid(504ee59492c7a274fb77246920962edf) Importer(815301076,1909f56bfc062723c751e8b465ee728b)  -> (artifact id: 'c690fd155fa53d115bd09bbe4b4ab7bd') in 0.023147 seconds 
========================================================================
Received Import Request.
  Time since last request: 40.411336 seconds.
  path: Assets/Prefab/Materials
  artifactKey: Guid(e9e26a222a426ad4296ae6e16bdde8de) Importer(815301076,1909f56bfc062723c751e8b465ee728b)
Start importing Assets/Prefab/Materials using Guid(e9e26a222a426ad4296ae6e16bdde8de) Importer(815301076,1909f56bfc062723c751e8b465ee728b)  -> (artifact id: 'd46a8fcd191d24fb6c5f4f2659fafa16') in 0.002306 seconds 
========================================================================
Received Import Request.
  Time since last request: 0.044505 seconds.
  path: Assets/Prefab/Materials/13 - Default.mat
  artifactKey: Guid(78307c8af5e22664b86d96042e24a520) Importer(815301076,1909f56bfc062723c751e8b465ee728b)
Start importing Assets/Prefab/Materials/13 - Default.mat using Guid(78307c8af5e22664b86d96042e24a520) Importer(815301076,1909f56bfc062723c751e8b465ee728b)  -> (artifact id: '896ce88f68dc6b29760e9b703d8bba34') in 0.029239 seconds 
========================================================================
Received Import Request.
  Time since last request: 0.000035 seconds.
  path: Assets/Prefab/Materials/MATONG.mat
  artifactKey: Guid(f51ce09e1dd6aa6498d2c5800058e9ce) Importer(815301076,1909f56bfc062723c751e8b465ee728b)
Start importing Assets/Prefab/Materials/MATONG.mat using Guid(f51ce09e1dd6aa6498d2c5800058e9ce) Importer(815301076,1909f56bfc062723c751e8b465ee728b)  -> (artifact id: '00c90dda1fa691f4a3973e3f4db36bf6') in 0.016344 seconds 
========================================================================
Received Import Request.
  Time since last request: 8.230610 seconds.
  path: Assets/Sprite/Materials
  artifactKey: Guid(98b2b94ff02606b428fd6830dc6f46dc) Importer(815301076,1909f56bfc062723c751e8b465ee728b)
Start importing Assets/Sprite/Materials using Guid(98b2b94ff02606b428fd6830dc6f46dc) Importer(815301076,1909f56bfc062723c751e8b465ee728b)  -> (artifact id: '14f469129a7f95abe1581c2d56858927') in 0.001837 seconds 
========================================================================
Received Import Request.
  Time since last request: 0.045411 seconds.
  path: Assets/Sprite/Materials/13 - Default.mat
  artifactKey: Guid(d35a454962a68b342b2650515807642c) Importer(815301076,1909f56bfc062723c751e8b465ee728b)
Start importing Assets/Sprite/Materials/13 - Default.mat using Guid(d35a454962a68b342b2650515807642c) Importer(815301076,1909f56bfc062723c751e8b465ee728b)  -> (artifact id: '210cec4919fad1cb93d6d163fdfcb0e6') in 0.014794 seconds 
========================================================================
Received Import Request.
  Time since last request: 0.000023 seconds.
  path: Assets/Sprite/Materials/Door.mat
  artifactKey: Guid(323ab5042903d9e469acf565a2ee84f2) Importer(815301076,1909f56bfc062723c751e8b465ee728b)
Start importing Assets/Sprite/Materials/Door.mat using Guid(323ab5042903d9e469acf565a2ee84f2) Importer(815301076,1909f56bfc062723c751e8b465ee728b)  -> (artifact id: '1120e558e1344eb5e77b60b7d04535a5') in 0.040123 seconds 
========================================================================
Received Import Request.
  Time since last request: 0.000103 seconds.
  path: Assets/Sprite/Materials/human3_Hair_diffuse.mat
  artifactKey: Guid(2e8faaa4e8e7cbb449a470e944beb47d) Importer(815301076,1909f56bfc062723c751e8b465ee728b)
Start importing Assets/Sprite/Materials/human3_Hair_diffuse.mat using Guid(2e8faaa4e8e7cbb449a470e944beb47d) Importer(815301076,1909f56bfc062723c751e8b465ee728b)  -> (artifact id: 'b8ce4a6e6072fdf0e1af74fee7b8794c') in 0.027593 seconds 
========================================================================
Received Import Request.
  Time since last request: 0.000036 seconds.
  path: Assets/Sprite/Materials/human1_Hair_diffuse.mat
  artifactKey: Guid(e11c1fd9106b56b4a93087313cc7694c) Importer(815301076,1909f56bfc062723c751e8b465ee728b)
Start importing Assets/Sprite/Materials/human1_Hair_diffuse.mat using Guid(e11c1fd9106b56b4a93087313cc7694c) Importer(815301076,1909f56bfc062723c751e8b465ee728b)  -> (artifact id: '6fe9a2ec113738f233de82974040c948') in 0.037833 seconds 
========================================================================
Received Import Request.
  Time since last request: 0.000096 seconds.
  path: Assets/Sprite/Materials/human1_Shoes_diffuse.mat
  artifactKey: Guid(3868d471a8eae1a4e91bfabb900203ba) Importer(815301076,1909f56bfc062723c751e8b465ee728b)
Start importing Assets/Sprite/Materials/human1_Shoes_diffuse.mat using Guid(3868d471a8eae1a4e91bfabb900203ba) Importer(815301076,1909f56bfc062723c751e8b465ee728b)  -> (artifact id: 'caeeb3826fc7f01bcc8cf9effb8a7b84') in 0.026187 seconds 
========================================================================
Received Import Request.
  Time since last request: 0.000037 seconds.
  path: Assets/Sprite/Materials/human2_Hair_diffuse.mat
  artifactKey: Guid(e949f1e533e56024a830d1b1b05245da) Importer(815301076,1909f56bfc062723c751e8b465ee728b)
Start importing Assets/Sprite/Materials/human2_Hair_diffuse.mat using Guid(e949f1e533e56024a830d1b1b05245da) Importer(815301076,1909f56bfc062723c751e8b465ee728b)  -> (artifact id: 'e40ba0a4b2d15d9da868ed722da0cb6b') in 0.022680 seconds 
========================================================================
Received Import Request.
  Time since last request: 0.000030 seconds.
  path: Assets/Sprite/Materials/door_frame.mat
  artifactKey: Guid(f569ea75efc3535409294b362b56dad3) Importer(815301076,1909f56bfc062723c751e8b465ee728b)
Start importing Assets/Sprite/Materials/door_frame.mat using Guid(f569ea75efc3535409294b362b56dad3) Importer(815301076,1909f56bfc062723c751e8b465ee728b)  -> (artifact id: 'cf89ccae0b1dc214234fa72a172aa4de') in 0.029220 seconds 
========================================================================
Received Import Request.
  Time since last request: 0.000027 seconds.
  path: Assets/Sprite/Materials/human1_Bottom_diffuse.mat
  artifactKey: Guid(2c2c1053e8d8ac6408d7c5df1fe7b8c5) Importer(815301076,1909f56bfc062723c751e8b465ee728b)
Start importing Assets/Sprite/Materials/human1_Bottom_diffuse.mat using Guid(2c2c1053e8d8ac6408d7c5df1fe7b8c5) Importer(815301076,1909f56bfc062723c751e8b465ee728b)  -> (artifact id: 'ae95cfe8050023f1f1803bdbd02bb328') in 0.029284 seconds 
========================================================================
Received Import Request.
  Time since last request: 0.000028 seconds.
  path: Assets/Sprite/Materials/human5_Top_diffuse.mat
  artifactKey: Guid(b13f9c1795f4295489ba6e68c3e016fa) Importer(815301076,1909f56bfc062723c751e8b465ee728b)
Start importing Assets/Sprite/Materials/human5_Top_diffuse.mat using Guid(b13f9c1795f4295489ba6e68c3e016fa) Importer(815301076,1909f56bfc062723c751e8b465ee728b)  -> (artifact id: '6a8c6c5ea11f26bb51a00a8da2a7584e') in 0.022112 seconds 
========================================================================
Received Import Request.
  Time since last request: 0.000034 seconds.
  path: Assets/Sprite/Materials/human2_Bottom_diffuse.mat
  artifactKey: Guid(1dfc6643b6ae3d941af8d01420443773) Importer(815301076,1909f56bfc062723c751e8b465ee728b)
Start importing Assets/Sprite/Materials/human2_Bottom_diffuse.mat using Guid(1dfc6643b6ae3d941af8d01420443773) Importer(815301076,1909f56bfc062723c751e8b465ee728b)  -> (artifact id: '0ab91904a967e31fda582cc9f543cc1c') in 0.023324 seconds 
========================================================================
Received Import Request.
  Time since last request: 0.000029 seconds.
  path: Assets/Sprite/Materials/human2_Shoes_diffuse.mat
  artifactKey: Guid(ef4487411227447448c0344425e303c9) Importer(815301076,1909f56bfc062723c751e8b465ee728b)
Start importing Assets/Sprite/Materials/human2_Shoes_diffuse.mat using Guid(ef4487411227447448c0344425e303c9) Importer(815301076,1909f56bfc062723c751e8b465ee728b)  -> (artifact id: 'cdfa970424b1980da1415fccc6f0a994') in 0.026872 seconds 
========================================================================
Received Import Request.
  Time since last request: 0.000078 seconds.
  path: Assets/Sprite/Materials/human5_Body_diffuse.mat
  artifactKey: Guid(e526890f0ec8d6440ba56c6691ded478) Importer(815301076,1909f56bfc062723c751e8b465ee728b)
Start importing Assets/Sprite/Materials/human5_Body_diffuse.mat using Guid(e526890f0ec8d6440ba56c6691ded478) Importer(815301076,1909f56bfc062723c751e8b465ee728b)  -> (artifact id: '38c75161e6f0ca7c884366cd2667008a') in 0.024455 seconds 
========================================================================
Received Import Request.
  Time since last request: 0.000028 seconds.
  path: Assets/Sprite/Materials/Cobblestone.mat
  artifactKey: Guid(f4e98d2dec73440bc804b8e5ef138aa0) Importer(815301076,1909f56bfc062723c751e8b465ee728b)
Start importing Assets/Sprite/Materials/Cobblestone.mat using Guid(f4e98d2dec73440bc804b8e5ef138aa0) Importer(815301076,1909f56bfc062723c751e8b465ee728b)  -> (artifact id: '4bd387c1923beec55ce5eb0f2903b977') in 0.027287 seconds 
========================================================================
Received Import Request.
  Time since last request: 1924.212775 seconds.
  path: Assets/Model
  artifactKey: Guid(af30c2a49b8020e49ab8939f51b4d00f) Importer(815301076,1909f56bfc062723c751e8b465ee728b)
Start importing Assets/Model using Guid(af30c2a49b8020e49ab8939f51b4d00f) Importer(815301076,1909f56bfc062723c751e8b465ee728b)  -> (artifact id: 'e0d38da87a6d0307c4915382c1bd6379') in 0.008278 seconds 
========================================================================
Received Import Request.
  Time since last request: 26.472236 seconds.
  path: Assets/Prefab
  artifactKey: Guid(2a7e0ea37bb157a4ca337feb16d7c5e7) Importer(815301076,1909f56bfc062723c751e8b465ee728b)
Start importing Assets/Prefab using Guid(2a7e0ea37bb157a4ca337feb16d7c5e7) Importer(815301076,1909f56bfc062723c751e8b465ee728b)  -> (artifact id: '6839c6b3dd7885f75206bd47ef400899') in 0.006589 seconds 
========================================================================
Received Import Request.
  Time since last request: 22.195864 seconds.
  path: Assets/Prefab/plattenspieler.fbx
  artifactKey: Guid(a1785c07807e4aa489164840bba94f21) Importer(815301076,1909f56bfc062723c751e8b465ee728b)
Start importing Assets/Prefab/plattenspieler.fbx using Guid(a1785c07807e4aa489164840bba94f21) Importer(815301076,1909f56bfc062723c751e8b465ee728b)  -> (artifact id: '6c0246439614b82cd0db2f5292e01f07') in 0.069950 seconds 
========================================================================
Received Import Request.
  Time since last request: 27.272230 seconds.
  path: Assets/Prefab/Amplifier.FBX
  artifactKey: Guid(a597891020ca05d4e9c2f20e089b6b84) Importer(815301076,1909f56bfc062723c751e8b465ee728b)
Start importing Assets/Prefab/Amplifier.FBX using Guid(a597891020ca05d4e9c2f20e089b6b84) Importer(815301076,1909f56bfc062723c751e8b465ee728b)  -> (artifact id: 'ec9b88cb018601118ce3a964142b8fd9') in 0.025398 seconds 
========================================================================
Received Import Request.
  Time since last request: 16.993199 seconds.
  path: Assets/Prefab/plattenspieler.fbx
  artifactKey: Guid(a1785c07807e4aa489164840bba94f21) Importer(815301076,1909f56bfc062723c751e8b465ee728b)
Start importing Assets/Prefab/plattenspieler.fbx using Guid(a1785c07807e4aa489164840bba94f21) Importer(815301076,1909f56bfc062723c751e8b465ee728b)  -> (artifact id: '5532d4b2cba6cc3d48e01ff210dfced0') in 0.056547 seconds 
========================================================================
Received Import Request.
  Time since last request: 13.570038 seconds.
  path: Assets/Prefab/plattenspieler.fbx
  artifactKey: Guid(a1785c07807e4aa489164840bba94f21) Importer(815301076,1909f56bfc062723c751e8b465ee728b)
Start importing Assets/Prefab/plattenspieler.fbx using Guid(a1785c07807e4aa489164840bba94f21) Importer(815301076,1909f56bfc062723c751e8b465ee728b)  -> (artifact id: 'b5d554e5d2bd783d2da2e011cb978a83') in 0.057654 seconds 
========================================================================
Received Import Request.
  Time since last request: 244.001187 seconds.
  path: Assets/Prefab/plattenspieler.fbx
  artifactKey: Guid(a1785c07807e4aa489164840bba94f21) Importer(815301076,1909f56bfc062723c751e8b465ee728b)
Start importing Assets/Prefab/plattenspieler.fbx using Guid(a1785c07807e4aa489164840bba94f21) Importer(815301076,1909f56bfc062723c751e8b465ee728b)  -> (artifact id: 'd75d4a6b2b8ceb9cb39e2e80a0c82dee') in 0.062539 seconds 
========================================================================
Received Import Request.
  Time since last request: 302.003418 seconds.
  path: Assets/Prefab/Subwoofer.FBX
  artifactKey: Guid(952cf7ee7fb27ea4780ae5c140d77b6e) Importer(815301076,1909f56bfc062723c751e8b465ee728b)
Start importing Assets/Prefab/Subwoofer.FBX using Guid(952cf7ee7fb27ea4780ae5c140d77b6e) Importer(815301076,1909f56bfc062723c751e8b465ee728b)  -> (artifact id: '770374aa81bd1954be44ee7805dfbba1') in 0.023781 seconds 
========================================================================
Received Prepare
Registering precompiled user dll's ...
Registered in 0.005810 seconds.
Begin MonoManager ReloadAssembly
Symbol file LoadedFromMemory doesn't match image C:\Users\meles\Desktop\Bar Cooking\Library\PackageCache\com.unity.visualscripting@1.7.5\Editor\VisualScripting.Core\Dependencies\YamlDotNet\Unity.VisualScripting.YamlDotNet.dll
Symbol file LoadedFromMemory doesn't match image C:\Users\meles\Desktop\Bar Cooking\Library\PackageCache\com.unity.visualscripting@1.7.5\Editor\VisualScripting.Core\Dependencies\DotNetZip\Unity.VisualScripting.IonicZip.dll
Native extension for WindowsStandalone target not found
Refreshing native plugins compatible for Editor in 0.64 ms, found 3 plugins.
Preloading 0 native plugins for Editor in 0.00 ms.
Mono: successfully reloaded assembly
- Completed reload, in  1.432 seconds
Domain Reload Profiling:
	ReloadAssembly (1432ms)
		BeginReloadAssembly (204ms)
			ExecutionOrderSort (0ms)
			DisableScriptedObjects (6ms)
			BackupInstance (0ms)
			ReleaseScriptingObjects (0ms)
			CreateAndSetChildDomain (58ms)
		EndReloadAssembly (1081ms)
			LoadAssemblies (114ms)
			RebuildTransferFunctionScriptingTraits (0ms)
			SetupTypeCache (256ms)
			ReleaseScriptCaches (1ms)
			RebuildScriptCaches (51ms)
			SetupLoadedEditorAssemblies (533ms)
				LogAssemblyErrors (0ms)
				InitializePlatformSupportModulesInManaged (16ms)
				SetLoadedEditorAssemblies (1ms)
				RefreshPlugins (1ms)
				BeforeProcessingInitializeOnLoad (90ms)
				ProcessInitializeOnLoadAttributes (392ms)
				ProcessInitializeOnLoadMethodAttributes (27ms)
				AfterProcessingInitializeOnLoad (7ms)
				EditorAssembliesLoaded (0ms)
			ExecutionOrderSort2 (0ms)
			AwakeInstancesAfterBackupRestoration (11ms)
Platform modules already initialized, skipping
Refreshing native plugins compatible for Editor in 0.78 ms, found 3 plugins.
Preloading 0 native plugins for Editor in 0.00 ms.
Unloading 3490 Unused Serialized files (Serialized files now loaded: 0)
Unloading 19 unused Assets / (61.1 KB). Loaded Objects now: 4031.
Memory consumption went from 146.9 MB to 146.8 MB.
Total: 5.086200 ms (FindLiveObjects: 0.328100 ms CreateObjectMapping: 0.342100 ms MarkObjects: 4.172300 ms  DeleteObjects: 0.242400 ms)

AssetImportParameters requested are different than current active one (requested -> active):
  custom:video-decoder-ogg-theora: a1e56fd34408186e4bbccfd4996cb3dc -> 
  custom:container-muxer-webm: aa71ff27fc2769a1b78a27578f13a17b -> 
  custom:container-demuxer-webm: 4f35f7cbe854078d1ac9338744f61a02 -> 
  custom:video-encoder-webm-vp8: eb34c28f22e8b96e1ab97ce403110664 -> 
  custom:audio-encoder-webm-vorbis: bf7c407c2cedff20999df2af8eb42d56 -> 
  custom:framework-win-MediaFoundation: 216162199b28c13a410421893ffa2e32 -> 
  custom:container-demuxer-ogg: 62fdf1f143b41e24485cea50d1cbac27 -> 
  custom:video-decoder-webm-vp8: 9c59270c3fd7afecdb556c50c9e8de78 -> 
  custom:audio-decoder-ogg-vorbis: bf7c407c2cedff20999df2af8eb42d56 -> 
========================================================================
Received Import Request.
  Time since last request: 4373.753760 seconds.
  path: Assets/Model/DJ.fbx
  artifactKey: Guid(76f57ac401afa34438b0bd450c944ce7) Importer(815301076,1909f56bfc062723c751e8b465ee728b)
Start importing Assets/Model/DJ.fbx using Guid(76f57ac401afa34438b0bd450c944ce7) Importer(815301076,1909f56bfc062723c751e8b465ee728b)  -> (artifact id: '690fb3e1086d7f54ed7f31521b4cd1df') in 0.298857 seconds 
========================================================================
Received Import Request.
  Time since last request: 40.408350 seconds.
  path: Assets/Sprite/DJ_Body_diffuse.png
  artifactKey: Guid(368608e5733cdb04ba4c158f20f994d2) Importer(815301076,1909f56bfc062723c751e8b465ee728b)
Start importing Assets/Sprite/DJ_Body_diffuse.png using Guid(368608e5733cdb04ba4c158f20f994d2) Importer(815301076,1909f56bfc062723c751e8b465ee728b)  -> (artifact id: '2c9a278386b8bde18d88b9acc2777c89') in 0.036937 seconds 
========================================================================
Received Import Request.
  Time since last request: 43.679020 seconds.
  path: Assets/Sprite/DJ_Bottom_diffuse.png
  artifactKey: Guid(b4ac532454bd5c142b7b5c7863d1e82c) Importer(815301076,1909f56bfc062723c751e8b465ee728b)
Start importing Assets/Sprite/DJ_Bottom_diffuse.png using Guid(b4ac532454bd5c142b7b5c7863d1e82c) Importer(815301076,1909f56bfc062723c751e8b465ee728b)  -> (artifact id: '62f179c56ae9a27851866148b91e3d40') in 0.015079 seconds 
========================================================================
Received Import Request.
  Time since last request: 72.573702 seconds.
  path: Assets/Sprite/DJ_Top_diffuse.png
  artifactKey: Guid(e365435890ad8084784bfb4227abbc31) Importer(815301076,1909f56bfc062723c751e8b465ee728b)
Start importing Assets/Sprite/DJ_Top_diffuse.png using Guid(e365435890ad8084784bfb4227abbc31) Importer(815301076,1909f56bfc062723c751e8b465ee728b)  -> (artifact id: 'a545aaac9f2a16d979709a043d405d0e') in 0.014252 seconds 
========================================================================
Received Import Request.
  Time since last request: 11.110408 seconds.
  path: Assets/Sprite/DJ_Hat_diffuse.png
  artifactKey: Guid(350b4609bec33f647b0748320df5a85f) Importer(815301076,1909f56bfc062723c751e8b465ee728b)
Start importing Assets/Sprite/DJ_Hat_diffuse.png using Guid(350b4609bec33f647b0748320df5a85f) Importer(815301076,1909f56bfc062723c751e8b465ee728b)  -> (artifact id: 'f7b5cde7bb475e0adb2371e95c437425') in 0.013284 seconds 
========================================================================
Received Import Request.
  Time since last request: 466.112085 seconds.
  path: Assets/Model/ExtrasHuman
  artifactKey: Guid(525073991f5b1c240a464c72a1e77ef8) Importer(815301076,1909f56bfc062723c751e8b465ee728b)
Start importing Assets/Model/ExtrasHuman using Guid(525073991f5b1c240a464c72a1e77ef8) Importer(815301076,1909f56bfc062723c751e8b465ee728b)  -> (artifact id: 'd758092ab717bfa1f31293c293cb1261') in 0.009058 seconds 
========================================================================
Received Import Request.
  Time since last request: 12.552193 seconds.
  path: Assets/Model/DJ.fbx
  artifactKey: Guid(76f57ac401afa34438b0bd450c944ce7) Importer(815301076,1909f56bfc062723c751e8b465ee728b)
Start importing Assets/Model/DJ.fbx using Guid(76f57ac401afa34438b0bd450c944ce7) Importer(815301076,1909f56bfc062723c751e8b465ee728b)  -> (artifact id: 'f2f366a8f0765042ce45e1d1e53d2f05') in 0.118538 seconds 
========================================================================
Received Import Request.
  Time since last request: 6.537884 seconds.
  path: Assets/Model/DJ.fbx
  artifactKey: Guid(76f57ac401afa34438b0bd450c944ce7) Importer(815301076,1909f56bfc062723c751e8b465ee728b)
Start importing Assets/Model/DJ.fbx using Guid(76f57ac401afa34438b0bd450c944ce7) Importer(815301076,1909f56bfc062723c751e8b465ee728b)  -> (artifact id: '3074b17832d7524fa221bc1c3b21fd4c') in 0.159406 seconds 
========================================================================
Received Import Request.
  Time since last request: 8.290062 seconds.
  path: Assets/Model/DJ.fbx
  artifactKey: Guid(76f57ac401afa34438b0bd450c944ce7) Importer(815301076,1909f56bfc062723c751e8b465ee728b)
Start importing Assets/Model/DJ.fbx using Guid(76f57ac401afa34438b0bd450c944ce7) Importer(815301076,1909f56bfc062723c751e8b465ee728b)  -> (artifact id: '38b6c09f3fadaa455e9a90e825e23c7b') in 0.142942 seconds 
========================================================================
Received Prepare
Registering precompiled user dll's ...
Registered in 0.008687 seconds.
Begin MonoManager ReloadAssembly
Symbol file LoadedFromMemory doesn't match image C:\Users\meles\Desktop\Bar Cooking\Library\PackageCache\com.unity.visualscripting@1.7.5\Editor\VisualScripting.Core\Dependencies\YamlDotNet\Unity.VisualScripting.YamlDotNet.dll
Symbol file LoadedFromMemory doesn't match image C:\Users\meles\Desktop\Bar Cooking\Library\PackageCache\com.unity.visualscripting@1.7.5\Editor\VisualScripting.Core\Dependencies\DotNetZip\Unity.VisualScripting.IonicZip.dll
Native extension for WindowsStandalone target not found
Refreshing native plugins compatible for Editor in 1.31 ms, found 3 plugins.
Preloading 0 native plugins for Editor in 0.00 ms.
Mono: successfully reloaded assembly
- Completed reload, in  1.864 seconds
Domain Reload Profiling:
	ReloadAssembly (1866ms)
		BeginReloadAssembly (370ms)
			ExecutionOrderSort (0ms)
			DisableScriptedObjects (13ms)
			BackupInstance (0ms)
			ReleaseScriptingObjects (0ms)
			CreateAndSetChildDomain (93ms)
		EndReloadAssembly (1329ms)
			LoadAssemblies (240ms)
			RebuildTransferFunctionScriptingTraits (0ms)
			SetupTypeCache (406ms)
			ReleaseScriptCaches (1ms)
			RebuildScriptCaches (57ms)
			SetupLoadedEditorAssemblies (498ms)
				LogAssemblyErrors (0ms)
				InitializePlatformSupportModulesInManaged (27ms)
				SetLoadedEditorAssemblies (1ms)
				RefreshPlugins (1ms)
				BeforeProcessingInitializeOnLoad (102ms)
				ProcessInitializeOnLoadAttributes (329ms)
				ProcessInitializeOnLoadMethodAttributes (29ms)
				AfterProcessingInitializeOnLoad (8ms)
				EditorAssembliesLoaded (0ms)
			ExecutionOrderSort2 (0ms)
			AwakeInstancesAfterBackupRestoration (17ms)
Platform modules already initialized, skipping
Refreshing native plugins compatible for Editor in 1.16 ms, found 3 plugins.
Preloading 0 native plugins for Editor in 0.00 ms.
Unloading 3495 Unused Serialized files (Serialized files now loaded: 0)
Unloading 19 unused Assets / (61.3 KB). Loaded Objects now: 4095.
Memory consumption went from 152.1 MB to 152.1 MB.
Total: 5.514600 ms (FindLiveObjects: 0.569800 ms CreateObjectMapping: 0.350800 ms MarkObjects: 4.487700 ms  DeleteObjects: 0.103700 ms)

AssetImportParameters requested are different than current active one (requested -> active):
  custom:video-decoder-ogg-theora: a1e56fd34408186e4bbccfd4996cb3dc -> 
  custom:container-muxer-webm: aa71ff27fc2769a1b78a27578f13a17b -> 
  custom:container-demuxer-webm: 4f35f7cbe854078d1ac9338744f61a02 -> 
  custom:video-encoder-webm-vp8: eb34c28f22e8b96e1ab97ce403110664 -> 
  custom:audio-encoder-webm-vorbis: bf7c407c2cedff20999df2af8eb42d56 -> 
  custom:framework-win-MediaFoundation: 216162199b28c13a410421893ffa2e32 -> 
  custom:container-demuxer-ogg: 62fdf1f143b41e24485cea50d1cbac27 -> 
  custom:video-decoder-webm-vp8: 9c59270c3fd7afecdb556c50c9e8de78 -> 
  custom:audio-decoder-ogg-vorbis: bf7c407c2cedff20999df2af8eb42d56 -> 
========================================================================
Received Import Request.
  Time since last request: 922.891360 seconds.
  path: Assets/Scripts/SpawnZone.cs
  artifactKey: Guid(795b4af92980355439319d02c8d8e869) Importer(815301076,1909f56bfc062723c751e8b465ee728b)
Start importing Assets/Scripts/SpawnZone.cs using Guid(795b4af92980355439319d02c8d8e869) Importer(815301076,1909f56bfc062723c751e8b465ee728b)  -> (artifact id: '4d7131af6a29df366e9ce47dbd096933') in 0.018890 seconds 
========================================================================
Received Import Request.
  Time since last request: 18.106870 seconds.
  path: Assets/Scripts/SpawnZone.cs
  artifactKey: Guid(795b4af92980355439319d02c8d8e869) Importer(815301076,1909f56bfc062723c751e8b465ee728b)
Start importing Assets/Scripts/SpawnZone.cs using Guid(795b4af92980355439319d02c8d8e869) Importer(815301076,1909f56bfc062723c751e8b465ee728b)  -> (artifact id: 'e0962c664a3f884b54da0c669e7b8c85') in 0.002887 seconds 
========================================================================
Received Prepare
Registering precompiled user dll's ...
Registered in 0.006328 seconds.
Begin MonoManager ReloadAssembly
Symbol file LoadedFromMemory doesn't match image C:\Users\meles\Desktop\Bar Cooking\Library\PackageCache\com.unity.visualscripting@1.7.5\Editor\VisualScripting.Core\Dependencies\YamlDotNet\Unity.VisualScripting.YamlDotNet.dll
Symbol file LoadedFromMemory doesn't match image C:\Users\meles\Desktop\Bar Cooking\Library\PackageCache\com.unity.visualscripting@1.7.5\Editor\VisualScripting.Core\Dependencies\DotNetZip\Unity.VisualScripting.IonicZip.dll
Native extension for WindowsStandalone target not found
Refreshing native plugins compatible for Editor in 0.74 ms, found 3 plugins.
Preloading 0 native plugins for Editor in 0.00 ms.
Mono: successfully reloaded assembly
- Completed reload, in  1.446 seconds
Domain Reload Profiling:
	ReloadAssembly (1447ms)
		BeginReloadAssembly (166ms)
			ExecutionOrderSort (0ms)
			DisableScriptedObjects (7ms)
			BackupInstance (0ms)
			ReleaseScriptingObjects (0ms)
			CreateAndSetChildDomain (37ms)
		EndReloadAssembly (1145ms)
			LoadAssemblies (109ms)
			RebuildTransferFunctionScriptingTraits (0ms)
			SetupTypeCache (274ms)
			ReleaseScriptCaches (1ms)
			RebuildScriptCaches (70ms)
			SetupLoadedEditorAssemblies (507ms)
				LogAssemblyErrors (0ms)
				InitializePlatformSupportModulesInManaged (28ms)
				SetLoadedEditorAssemblies (1ms)
				RefreshPlugins (1ms)
				BeforeProcessingInitializeOnLoad (82ms)
				ProcessInitializeOnLoadAttributes (349ms)
				ProcessInitializeOnLoadMethodAttributes (37ms)
				AfterProcessingInitializeOnLoad (9ms)
				EditorAssembliesLoaded (0ms)
			ExecutionOrderSort2 (0ms)
			AwakeInstancesAfterBackupRestoration (17ms)
Platform modules already initialized, skipping
Refreshing native plugins compatible for Editor in 0.69 ms, found 3 plugins.
Preloading 0 native plugins for Editor in 0.00 ms.
Unloading 3491 Unused Serialized files (Serialized files now loaded: 0)
Unloading 19 unused Assets / (61.2 KB). Loaded Objects now: 4097.
Memory consumption went from 152.0 MB to 152.0 MB.
Total: 3.177100 ms (FindLiveObjects: 0.304600 ms CreateObjectMapping: 0.203800 ms MarkObjects: 2.600800 ms  DeleteObjects: 0.066600 ms)

AssetImportParameters requested are different than current active one (requested -> active):
  custom:video-decoder-ogg-theora: a1e56fd34408186e4bbccfd4996cb3dc -> 
  custom:container-muxer-webm: aa71ff27fc2769a1b78a27578f13a17b -> 
  custom:container-demuxer-webm: 4f35f7cbe854078d1ac9338744f61a02 -> 
  custom:video-encoder-webm-vp8: eb34c28f22e8b96e1ab97ce403110664 -> 
  custom:audio-encoder-webm-vorbis: bf7c407c2cedff20999df2af8eb42d56 -> 
  custom:framework-win-MediaFoundation: 216162199b28c13a410421893ffa2e32 -> 
  custom:container-demuxer-ogg: 62fdf1f143b41e24485cea50d1cbac27 -> 
  custom:video-decoder-webm-vp8: 9c59270c3fd7afecdb556c50c9e8de78 -> 
  custom:audio-decoder-ogg-vorbis: bf7c407c2cedff20999df2af8eb42d56 -> 
========================================================================
Received Import Request.
  Time since last request: 324.652643 seconds.
  path: Assets/Scripts/DialogueScript
  artifactKey: Guid(2c4cc77445a682b49ae6f3361571debf) Importer(815301076,1909f56bfc062723c751e8b465ee728b)
Start importing Assets/Scripts/DialogueScript using Guid(2c4cc77445a682b49ae6f3361571debf) Importer(815301076,1909f56bfc062723c751e8b465ee728b)  -> (artifact id: 'da248328a49836d65a354b2753fff6ee') in 0.015963 seconds 
========================================================================
Received Import Request.
  Time since last request: 1.083139 seconds.
  path: Assets/Scripts/DialogueScript/DialogueManager.cs
  artifactKey: Guid(a7239a8d4377cf245be0f1e14ab71b2c) Importer(815301076,1909f56bfc062723c751e8b465ee728b)
Start importing Assets/Scripts/DialogueScript/DialogueManager.cs using Guid(a7239a8d4377cf245be0f1e14ab71b2c) Importer(815301076,1909f56bfc062723c751e8b465ee728b)  -> (artifact id: '5e60a709913fe0f0d86ee16f1c0e0cff') in 0.007027 seconds 
========================================================================
Received Import Request.
  Time since last request: 58.516745 seconds.
  path: Assets/Scripts/DialogueScript/DialogueManager.cs
  artifactKey: Guid(a7239a8d4377cf245be0f1e14ab71b2c) Importer(815301076,1909f56bfc062723c751e8b465ee728b)
Start importing Assets/Scripts/DialogueScript/DialogueManager.cs using Guid(a7239a8d4377cf245be0f1e14ab71b2c) Importer(815301076,1909f56bfc062723c751e8b465ee728b)  -> (artifact id: '581c429ab340ccff88681134b5b23027') in 0.001978 seconds 
========================================================================
Received Import Request.
  Time since last request: 1.717559 seconds.
  path: Assets/Scripts/DialogueScript/DialogueManager.cs
  artifactKey: Guid(a7239a8d4377cf245be0f1e14ab71b2c) Importer(815301076,1909f56bfc062723c751e8b465ee728b)
Start importing Assets/Scripts/DialogueScript/DialogueManager.cs using Guid(a7239a8d4377cf245be0f1e14ab71b2c) Importer(815301076,1909f56bfc062723c751e8b465ee728b)  -> (artifact id: 'bb119cdac3656d6b9d341fd3c0b690b8') in 0.002189 seconds 
========================================================================
Received Prepare
Registering precompiled user dll's ...
Registered in 0.007386 seconds.
Begin MonoManager ReloadAssembly
Symbol file LoadedFromMemory doesn't match image C:\Users\meles\Desktop\Bar Cooking\Library\PackageCache\com.unity.visualscripting@1.7.5\Editor\VisualScripting.Core\Dependencies\YamlDotNet\Unity.VisualScripting.YamlDotNet.dll
Symbol file LoadedFromMemory doesn't match image C:\Users\meles\Desktop\Bar Cooking\Library\PackageCache\com.unity.visualscripting@1.7.5\Editor\VisualScripting.Core\Dependencies\DotNetZip\Unity.VisualScripting.IonicZip.dll
Native extension for WindowsStandalone target not found
Refreshing native plugins compatible for Editor in 1.18 ms, found 3 plugins.
Preloading 0 native plugins for Editor in 0.00 ms.
Mono: successfully reloaded assembly
- Completed reload, in  1.398 seconds
Domain Reload Profiling:
	ReloadAssembly (1399ms)
		BeginReloadAssembly (209ms)
			ExecutionOrderSort (0ms)
			DisableScriptedObjects (9ms)
			BackupInstance (0ms)
			ReleaseScriptingObjects (0ms)
			CreateAndSetChildDomain (49ms)
		EndReloadAssembly (1050ms)
			LoadAssemblies (128ms)
			RebuildTransferFunctionScriptingTraits (0ms)
			SetupTypeCache (333ms)
			ReleaseScriptCaches (1ms)
			RebuildScriptCaches (68ms)
			SetupLoadedEditorAssemblies (412ms)
				LogAssemblyErrors (0ms)
				InitializePlatformSupportModulesInManaged (15ms)
				SetLoadedEditorAssemblies (1ms)
				RefreshPlugins (1ms)
				BeforeProcessingInitializeOnLoad (75ms)
				ProcessInitializeOnLoadAttributes (287ms)
				ProcessInitializeOnLoadMethodAttributes (25ms)
				AfterProcessingInitializeOnLoad (7ms)
				EditorAssembliesLoaded (0ms)
			ExecutionOrderSort2 (0ms)
			AwakeInstancesAfterBackupRestoration (12ms)
Platform modules already initialized, skipping
Refreshing native plugins compatible for Editor in 1.67 ms, found 3 plugins.
Preloading 0 native plugins for Editor in 0.00 ms.
Unloading 3491 Unused Serialized files (Serialized files now loaded: 0)
Unloading 19 unused Assets / (77.0 KB). Loaded Objects now: 4099.
Memory consumption went from 152.0 MB to 152.0 MB.
Total: 3.109300 ms (FindLiveObjects: 0.315400 ms CreateObjectMapping: 0.233000 ms MarkObjects: 2.486100 ms  DeleteObjects: 0.073900 ms)

AssetImportParameters requested are different than current active one (requested -> active):
  custom:video-decoder-ogg-theora: a1e56fd34408186e4bbccfd4996cb3dc -> 
  custom:container-muxer-webm: aa71ff27fc2769a1b78a27578f13a17b -> 
  custom:container-demuxer-webm: 4f35f7cbe854078d1ac9338744f61a02 -> 
  custom:video-encoder-webm-vp8: eb34c28f22e8b96e1ab97ce403110664 -> 
  custom:audio-encoder-webm-vorbis: bf7c407c2cedff20999df2af8eb42d56 -> 
  custom:framework-win-MediaFoundation: 216162199b28c13a410421893ffa2e32 -> 
  custom:container-demuxer-ogg: 62fdf1f143b41e24485cea50d1cbac27 -> 
  custom:video-decoder-webm-vp8: 9c59270c3fd7afecdb556c50c9e8de78 -> 
  custom:audio-decoder-ogg-vorbis: bf7c407c2cedff20999df2af8eb42d56 -> 
========================================================================
Received Prepare
Registering precompiled user dll's ...
Registered in 0.007567 seconds.
Begin MonoManager ReloadAssembly
Symbol file LoadedFromMemory doesn't match image C:\Users\meles\Desktop\Bar Cooking\Library\PackageCache\com.unity.visualscripting@1.7.5\Editor\VisualScripting.Core\Dependencies\YamlDotNet\Unity.VisualScripting.YamlDotNet.dll
Symbol file LoadedFromMemory doesn't match image C:\Users\meles\Desktop\Bar Cooking\Library\PackageCache\com.unity.visualscripting@1.7.5\Editor\VisualScripting.Core\Dependencies\DotNetZip\Unity.VisualScripting.IonicZip.dll
Native extension for WindowsStandalone target not found
Refreshing native plugins compatible for Editor in 0.61 ms, found 3 plugins.
Preloading 0 native plugins for Editor in 0.00 ms.
Mono: successfully reloaded assembly
- Completed reload, in  1.255 seconds
Domain Reload Profiling:
	ReloadAssembly (1256ms)
		BeginReloadAssembly (172ms)
			ExecutionOrderSort (0ms)
			DisableScriptedObjects (8ms)
			BackupInstance (0ms)
			ReleaseScriptingObjects (0ms)
			CreateAndSetChildDomain (44ms)
		EndReloadAssembly (965ms)
			LoadAssemblies (94ms)
			RebuildTransferFunctionScriptingTraits (0ms)
			SetupTypeCache (321ms)
			ReleaseScriptCaches (1ms)
			RebuildScriptCaches (45ms)
			SetupLoadedEditorAssemblies (380ms)
				LogAssemblyErrors (0ms)
				InitializePlatformSupportModulesInManaged (14ms)
				SetLoadedEditorAssemblies (1ms)
				RefreshPlugins (1ms)
				BeforeProcessingInitializeOnLoad (76ms)
				ProcessInitializeOnLoadAttributes (257ms)
				ProcessInitializeOnLoadMethodAttributes (24ms)
				AfterProcessingInitializeOnLoad (7ms)
				EditorAssembliesLoaded (0ms)
			ExecutionOrderSort2 (0ms)
			AwakeInstancesAfterBackupRestoration (14ms)
Platform modules already initialized, skipping
Refreshing native plugins compatible for Editor in 0.61 ms, found 3 plugins.
Preloading 0 native plugins for Editor in 0.00 ms.
Unloading 3491 Unused Serialized files (Serialized files now loaded: 0)
Unloading 19 unused Assets / (61.2 KB). Loaded Objects now: 4101.
Memory consumption went from 152.0 MB to 152.0 MB.
Total: 3.108700 ms (FindLiveObjects: 0.300900 ms CreateObjectMapping: 0.197000 ms MarkObjects: 2.541600 ms  DeleteObjects: 0.068200 ms)

AssetImportParameters requested are different than current active one (requested -> active):
  custom:video-decoder-ogg-theora: a1e56fd34408186e4bbccfd4996cb3dc -> 
  custom:container-muxer-webm: aa71ff27fc2769a1b78a27578f13a17b -> 
  custom:container-demuxer-webm: 4f35f7cbe854078d1ac9338744f61a02 -> 
  custom:video-encoder-webm-vp8: eb34c28f22e8b96e1ab97ce403110664 -> 
  custom:audio-encoder-webm-vorbis: bf7c407c2cedff20999df2af8eb42d56 -> 
  custom:framework-win-MediaFoundation: 216162199b28c13a410421893ffa2e32 -> 
  custom:container-demuxer-ogg: 62fdf1f143b41e24485cea50d1cbac27 -> 
  custom:video-decoder-webm-vp8: 9c59270c3fd7afecdb556c50c9e8de78 -> 
  custom:audio-decoder-ogg-vorbis: bf7c407c2cedff20999df2af8eb42d56 -> 
========================================================================
Received Import Request.
  Time since last request: 354.321616 seconds.
  path: Assets/Sprite/Materials/DJ_Body_diffuse.mat
  artifactKey: Guid(7055d9060cfcc124ea81ad79c5a83b2a) Importer(815301076,1909f56bfc062723c751e8b465ee728b)
Start importing Assets/Sprite/Materials/DJ_Body_diffuse.mat using Guid(7055d9060cfcc124ea81ad79c5a83b2a) Importer(815301076,1909f56bfc062723c751e8b465ee728b)  -> (artifact id: '3687ffdfcf0a3efe6aead2fcc6df243c') in 0.153384 seconds 
========================================================================
Received Import Request.
  Time since last request: 0.000021 seconds.
  path: Assets/Sprite/Materials/DJ_Top_diffuse.mat
  artifactKey: Guid(fe7e9fe8d6f79cf40ac63b66d5a163f3) Importer(815301076,1909f56bfc062723c751e8b465ee728b)
Start importing Assets/Sprite/Materials/DJ_Top_diffuse.mat using Guid(fe7e9fe8d6f79cf40ac63b66d5a163f3) Importer(815301076,1909f56bfc062723c751e8b465ee728b)  -> (artifact id: 'f2a456210a9f37db70352f30e8dea499') in 0.024810 seconds 
========================================================================
Received Import Request.
  Time since last request: 0.000039 seconds.
  path: Assets/Sprite/Materials/DJ_Hat_diffuse.mat
  artifactKey: Guid(7d6c1093af291ec458fec8040d6ec517) Importer(815301076,1909f56bfc062723c751e8b465ee728b)
Start importing Assets/Sprite/Materials/DJ_Hat_diffuse.mat using Guid(7d6c1093af291ec458fec8040d6ec517) Importer(815301076,1909f56bfc062723c751e8b465ee728b)  -> (artifact id: '26661acb317f9510b38feae1f9e30378') in 0.034105 seconds 
========================================================================
Received Import Request.
  Time since last request: 15.104899 seconds.
  path: Assets/Sprite/Materials/Acoustic_low_specular.mat
  artifactKey: Guid(ae6206ba42276d0479b7505c78582ac3) Importer(815301076,1909f56bfc062723c751e8b465ee728b)
Start importing Assets/Sprite/Materials/Acoustic_low_specular.mat using Guid(ae6206ba42276d0479b7505c78582ac3) Importer(815301076,1909f56bfc062723c751e8b465ee728b)  -> (artifact id: '36fe4ad66440cc7f453fc5da253570de') in 0.080602 seconds 
========================================================================
Received Import Request.
  Time since last request: 28.580251 seconds.
  path: Assets/Prefab/ExtrasHuman
  artifactKey: Guid(4a50db2abfb7b094c84f86f626d9c8e5) Importer(815301076,1909f56bfc062723c751e8b465ee728b)
Start importing Assets/Prefab/ExtrasHuman using Guid(4a50db2abfb7b094c84f86f626d9c8e5) Importer(815301076,1909f56bfc062723c751e8b465ee728b)  -> (artifact id: '85205b2c82bae48aa89444d7a44648d2') in 0.008337 seconds 
========================================================================
Received Import Request.
  Time since last request: 0.031497 seconds.
  path: Assets/Prefab/ExtrasHuman/human1.prefab
  artifactKey: Guid(c7089e1cac625e8489f31ede183e6818) Importer(815301076,1909f56bfc062723c751e8b465ee728b)
Start importing Assets/Prefab/ExtrasHuman/human1.prefab using Guid(c7089e1cac625e8489f31ede183e6818) Importer(815301076,1909f56bfc062723c751e8b465ee728b)  -> (artifact id: 'e15f4446064a95e63c556d0e855620ae') in 0.128099 seconds 
========================================================================
Received Import Request.
  Time since last request: 0.000027 seconds.
  path: Assets/Prefab/ExtrasHuman/human4.prefab
  artifactKey: Guid(bf172c6e0db85364ea66a0df05894cc1) Importer(815301076,1909f56bfc062723c751e8b465ee728b)
Start importing Assets/Prefab/ExtrasHuman/human4.prefab using Guid(bf172c6e0db85364ea66a0df05894cc1) Importer(815301076,1909f56bfc062723c751e8b465ee728b)  -> (artifact id: '03c2a025510749985d2f92758791b576') in 0.105405 seconds 
========================================================================
Received Import Request.
  Time since last request: 0.000030 seconds.
  path: Assets/Prefab/ExtrasHuman/human19.prefab
  artifactKey: Guid(925a5a3698f63fe47aa4f33e4222acab) Importer(815301076,1909f56bfc062723c751e8b465ee728b)
Start importing Assets/Prefab/ExtrasHuman/human19.prefab using Guid(925a5a3698f63fe47aa4f33e4222acab) Importer(815301076,1909f56bfc062723c751e8b465ee728b)  -> (artifact id: '0ade29a3fbd173538461149fbd0e3dc1') in 0.091600 seconds 
========================================================================
Received Import Request.
  Time since last request: 0.000023 seconds.
  path: Assets/Prefab/ExtrasHuman/human16.prefab
  artifactKey: Guid(ae8c6510d5a393745a6479484dcf93f5) Importer(815301076,1909f56bfc062723c751e8b465ee728b)
Start importing Assets/Prefab/ExtrasHuman/human16.prefab using Guid(ae8c6510d5a393745a6479484dcf93f5) Importer(815301076,1909f56bfc062723c751e8b465ee728b)  -> (artifact id: 'cd6418521d8f8d53749ea10319bde948') in 0.073634 seconds 
========================================================================
Received Import Request.
  Time since last request: 0.000032 seconds.
  path: Assets/Prefab/ExtrasHuman/human6.prefab
  artifactKey: Guid(cb649b5f25036854e81fe9d210731ef0) Importer(815301076,1909f56bfc062723c751e8b465ee728b)
Start importing Assets/Prefab/ExtrasHuman/human6.prefab using Guid(cb649b5f25036854e81fe9d210731ef0) Importer(815301076,1909f56bfc062723c751e8b465ee728b)  -> (artifact id: '2bef3cfb7b85e0dc4de51cf964b760e2') in 0.133019 seconds 
========================================================================
Received Import Request.
  Time since last request: 0.000022 seconds.
  path: Assets/Prefab/ExtrasHuman/human11.prefab
  artifactKey: Guid(a4860708f1e70e644ba82429367a8434) Importer(815301076,1909f56bfc062723c751e8b465ee728b)
Start importing Assets/Prefab/ExtrasHuman/human11.prefab using Guid(a4860708f1e70e644ba82429367a8434) Importer(815301076,1909f56bfc062723c751e8b465ee728b)  -> (artifact id: '9913f1dc113567697a6f35e8931936f1') in 0.128892 seconds 
========================================================================
Received Import Request.
  Time since last request: 0.000048 seconds.
  path: Assets/Prefab/ExtrasHuman/human3.prefab
  artifactKey: Guid(aec6cc5e1911e9d4d95d5b55bdc909c1) Importer(815301076,1909f56bfc062723c751e8b465ee728b)
Start importing Assets/Prefab/ExtrasHuman/human3.prefab using Guid(aec6cc5e1911e9d4d95d5b55bdc909c1) Importer(815301076,1909f56bfc062723c751e8b465ee728b)  -> (artifact id: 'a889e2289be3ff9560bddcb9f991b4a2') in 0.075912 seconds 
========================================================================
Received Import Request.
  Time since last request: 0.000038 seconds.
  path: Assets/Prefab/ExtrasHuman/human17.prefab
  artifactKey: Guid(64e1fd3445ff4c345b0a56d04e360d26) Importer(815301076,1909f56bfc062723c751e8b465ee728b)
Start importing Assets/Prefab/ExtrasHuman/human17.prefab using Guid(64e1fd3445ff4c345b0a56d04e360d26) Importer(815301076,1909f56bfc062723c751e8b465ee728b)  -> (artifact id: 'f5240760e4aed7398095a2cec652bb78') in 0.094160 seconds 
========================================================================
Received Import Request.
  Time since last request: 0.000021 seconds.
  path: Assets/Prefab/ExtrasHuman/human13.prefab
  artifactKey: Guid(35c81585d92ad1e44932a7edd323c183) Importer(815301076,1909f56bfc062723c751e8b465ee728b)
Start importing Assets/Prefab/ExtrasHuman/human13.prefab using Guid(35c81585d92ad1e44932a7edd323c183) Importer(815301076,1909f56bfc062723c751e8b465ee728b)  -> (artifact id: '4500566c86d93de476fced9e23df109e') in 0.090722 seconds 
========================================================================
Received Import Request.
  Time since last request: 0.000033 seconds.
  path: Assets/Prefab/ExtrasHuman/human9.prefab
  artifactKey: Guid(dc4b5a9c2c26da646ba150ca3f75cc9d) Importer(815301076,1909f56bfc062723c751e8b465ee728b)
Start importing Assets/Prefab/ExtrasHuman/human9.prefab using Guid(dc4b5a9c2c26da646ba150ca3f75cc9d) Importer(815301076,1909f56bfc062723c751e8b465ee728b)  -> (artifact id: 'dcafc2cd91e1196e49d1e2b88efcdbe2') in 0.094133 seconds 
========================================================================
Received Import Request.
  Time since last request: 0.000039 seconds.
  path: Assets/Prefab/ExtrasHuman/human7.prefab
  artifactKey: Guid(84450c54a8058cf499f438c06dafa77a) Importer(815301076,1909f56bfc062723c751e8b465ee728b)
Start importing Assets/Prefab/ExtrasHuman/human7.prefab using Guid(84450c54a8058cf499f438c06dafa77a) Importer(815301076,1909f56bfc062723c751e8b465ee728b)  -> (artifact id: 'f08d60832fc816f3ff75d776e9df64ae') in 0.114420 seconds 
========================================================================
Received Prepare
Registering precompiled user dll's ...
Registered in 0.005608 seconds.
Begin MonoManager ReloadAssembly
Symbol file LoadedFromMemory doesn't match image C:\Users\meles\Desktop\Bar Cooking\Library\PackageCache\com.unity.visualscripting@1.7.5\Editor\VisualScripting.Core\Dependencies\YamlDotNet\Unity.VisualScripting.YamlDotNet.dll
Symbol file LoadedFromMemory doesn't match image C:\Users\meles\Desktop\Bar Cooking\Library\PackageCache\com.unity.visualscripting@1.7.5\Editor\VisualScripting.Core\Dependencies\DotNetZip\Unity.VisualScripting.IonicZip.dll
Native extension for WindowsStandalone target not found
Refreshing native plugins compatible for Editor in 0.60 ms, found 3 plugins.
Preloading 0 native plugins for Editor in 0.00 ms.
Mono: successfully reloaded assembly
- Completed reload, in  1.258 seconds
Domain Reload Profiling:
	ReloadAssembly (1259ms)
		BeginReloadAssembly (173ms)
			ExecutionOrderSort (0ms)
			DisableScriptedObjects (6ms)
			BackupInstance (0ms)
			ReleaseScriptingObjects (0ms)
			CreateAndSetChildDomain (51ms)
		EndReloadAssembly (965ms)
			LoadAssemblies (100ms)
			RebuildTransferFunctionScriptingTraits (0ms)
			SetupTypeCache (272ms)
			ReleaseScriptCaches (2ms)
			RebuildScriptCaches (41ms)
			SetupLoadedEditorAssemblies (434ms)
				LogAssemblyErrors (0ms)
				InitializePlatformSupportModulesInManaged (15ms)
				SetLoadedEditorAssemblies (1ms)
				RefreshPlugins (1ms)
				BeforeProcessingInitializeOnLoad (77ms)
				ProcessInitializeOnLoadAttributes (309ms)
				ProcessInitializeOnLoadMethodAttributes (26ms)
				AfterProcessingInitializeOnLoad (7ms)
				EditorAssembliesLoaded (0ms)
			ExecutionOrderSort2 (0ms)
			AwakeInstancesAfterBackupRestoration (13ms)
Platform modules already initialized, skipping
Refreshing native plugins compatible for Editor in 0.64 ms, found 3 plugins.
Preloading 0 native plugins for Editor in 0.00 ms.
Unloading 3491 Unused Serialized files (Serialized files now loaded: 0)
Unloading 19 unused Assets / (61.2 KB). Loaded Objects now: 4103.
Memory consumption went from 152.3 MB to 152.2 MB.
Total: 4.938100 ms (FindLiveObjects: 0.589000 ms CreateObjectMapping: 0.517700 ms MarkObjects: 3.745900 ms  DeleteObjects: 0.084400 ms)

AssetImportParameters requested are different than current active one (requested -> active):
  custom:video-decoder-ogg-theora: a1e56fd34408186e4bbccfd4996cb3dc -> 
  custom:container-muxer-webm: aa71ff27fc2769a1b78a27578f13a17b -> 
  custom:container-demuxer-webm: 4f35f7cbe854078d1ac9338744f61a02 -> 
  custom:video-encoder-webm-vp8: eb34c28f22e8b96e1ab97ce403110664 -> 
  custom:audio-encoder-webm-vorbis: bf7c407c2cedff20999df2af8eb42d56 -> 
  custom:framework-win-MediaFoundation: 216162199b28c13a410421893ffa2e32 -> 
  custom:container-demuxer-ogg: 62fdf1f143b41e24485cea50d1cbac27 -> 
  custom:video-decoder-webm-vp8: 9c59270c3fd7afecdb556c50c9e8de78 -> 
  custom:audio-decoder-ogg-vorbis: bf7c407c2cedff20999df2af8eb42d56 -> 
========================================================================
Received Prepare
Registering precompiled user dll's ...
Registered in 0.007779 seconds.
Begin MonoManager ReloadAssembly
Symbol file LoadedFromMemory doesn't match image C:\Users\meles\Desktop\Bar Cooking\Library\PackageCache\com.unity.visualscripting@1.7.5\Editor\VisualScripting.Core\Dependencies\YamlDotNet\Unity.VisualScripting.YamlDotNet.dll
Symbol file LoadedFromMemory doesn't match image C:\Users\meles\Desktop\Bar Cooking\Library\PackageCache\com.unity.visualscripting@1.7.5\Editor\VisualScripting.Core\Dependencies\DotNetZip\Unity.VisualScripting.IonicZip.dll
Native extension for WindowsStandalone target not found
Refreshing native plugins compatible for Editor in 1.32 ms, found 3 plugins.
Preloading 0 native plugins for Editor in 0.00 ms.
Mono: successfully reloaded assembly
- Completed reload, in  1.295 seconds
Domain Reload Profiling:
	ReloadAssembly (1296ms)
		BeginReloadAssembly (185ms)
			ExecutionOrderSort (0ms)
			DisableScriptedObjects (8ms)
			BackupInstance (0ms)
			ReleaseScriptingObjects (0ms)
			CreateAndSetChildDomain (41ms)
		EndReloadAssembly (991ms)
			LoadAssemblies (106ms)
			RebuildTransferFunctionScriptingTraits (0ms)
			SetupTypeCache (275ms)
			ReleaseScriptCaches (1ms)
			RebuildScriptCaches (53ms)
			SetupLoadedEditorAssemblies (421ms)
				LogAssemblyErrors (0ms)
				InitializePlatformSupportModulesInManaged (14ms)
				SetLoadedEditorAssemblies (1ms)
				RefreshPlugins (1ms)
				BeforeProcessingInitializeOnLoad (88ms)
				ProcessInitializeOnLoadAttributes (284ms)
				ProcessInitializeOnLoadMethodAttributes (24ms)
				AfterProcessingInitializeOnLoad (8ms)
				EditorAssembliesLoaded (0ms)
			ExecutionOrderSort2 (0ms)
			AwakeInstancesAfterBackupRestoration (13ms)
Platform modules already initialized, skipping
Refreshing native plugins compatible for Editor in 0.82 ms, found 3 plugins.
Preloading 0 native plugins for Editor in 0.00 ms.
Unloading 3491 Unused Serialized files (Serialized files now loaded: 0)
Unloading 19 unused Assets / (84.9 KB). Loaded Objects now: 4105.
Memory consumption went from 152.3 MB to 152.2 MB.
Total: 4.205000 ms (FindLiveObjects: 0.613800 ms CreateObjectMapping: 0.304000 ms MarkObjects: 3.155800 ms  DeleteObjects: 0.129800 ms)

AssetImportParameters requested are different than current active one (requested -> active):
  custom:video-decoder-ogg-theora: a1e56fd34408186e4bbccfd4996cb3dc -> 
  custom:container-muxer-webm: aa71ff27fc2769a1b78a27578f13a17b -> 
  custom:container-demuxer-webm: 4f35f7cbe854078d1ac9338744f61a02 -> 
  custom:video-encoder-webm-vp8: eb34c28f22e8b96e1ab97ce403110664 -> 
  custom:audio-encoder-webm-vorbis: bf7c407c2cedff20999df2af8eb42d56 -> 
  custom:framework-win-MediaFoundation: 216162199b28c13a410421893ffa2e32 -> 
  custom:container-demuxer-ogg: 62fdf1f143b41e24485cea50d1cbac27 -> 
  custom:video-decoder-webm-vp8: 9c59270c3fd7afecdb556c50c9e8de78 -> 
  custom:audio-decoder-ogg-vorbis: bf7c407c2cedff20999df2af8eb42d56 -> 
========================================================================
Received Prepare
Registering precompiled user dll's ...
Registered in 0.006442 seconds.
Begin MonoManager ReloadAssembly
Symbol file LoadedFromMemory doesn't match image C:\Users\meles\Desktop\Bar Cooking\Library\PackageCache\com.unity.visualscripting@1.7.5\Editor\VisualScripting.Core\Dependencies\YamlDotNet\Unity.VisualScripting.YamlDotNet.dll
Symbol file LoadedFromMemory doesn't match image C:\Users\meles\Desktop\Bar Cooking\Library\PackageCache\com.unity.visualscripting@1.7.5\Editor\VisualScripting.Core\Dependencies\DotNetZip\Unity.VisualScripting.IonicZip.dll
Native extension for WindowsStandalone target not found
Refreshing native plugins compatible for Editor in 0.60 ms, found 3 plugins.
Preloading 0 native plugins for Editor in 0.00 ms.
Mono: successfully reloaded assembly
- Completed reload, in  1.358 seconds
Domain Reload Profiling:
	ReloadAssembly (1358ms)
		BeginReloadAssembly (207ms)
			ExecutionOrderSort (0ms)
			DisableScriptedObjects (11ms)
			BackupInstance (0ms)
			ReleaseScriptingObjects (0ms)
			CreateAndSetChildDomain (43ms)
		EndReloadAssembly (983ms)
			LoadAssemblies (135ms)
			RebuildTransferFunctionScriptingTraits (0ms)
			SetupTypeCache (323ms)
			ReleaseScriptCaches (1ms)
			RebuildScriptCaches (43ms)
			SetupLoadedEditorAssemblies (384ms)
				LogAssemblyErrors (0ms)
				InitializePlatformSupportModulesInManaged (13ms)
				SetLoadedEditorAssemblies (1ms)
				RefreshPlugins (1ms)
				BeforeProcessingInitializeOnLoad (66ms)
				ProcessInitializeOnLoadAttributes (271ms)
				ProcessInitializeOnLoadMethodAttributes (24ms)
				AfterProcessingInitializeOnLoad (8ms)
				EditorAssembliesLoaded (0ms)
			ExecutionOrderSort2 (0ms)
			AwakeInstancesAfterBackupRestoration (19ms)
Platform modules already initialized, skipping
Refreshing native plugins compatible for Editor in 0.60 ms, found 3 plugins.
Preloading 0 native plugins for Editor in 0.00 ms.
Unloading 3491 Unused Serialized files (Serialized files now loaded: 0)
Unloading 19 unused Assets / (77.0 KB). Loaded Objects now: 4107.
Memory consumption went from 152.3 MB to 152.2 MB.
Total: 3.899700 ms (FindLiveObjects: 0.315000 ms CreateObjectMapping: 0.241500 ms MarkObjects: 3.179900 ms  DeleteObjects: 0.162100 ms)

AssetImportParameters requested are different than current active one (requested -> active):
  custom:video-decoder-ogg-theora: a1e56fd34408186e4bbccfd4996cb3dc -> 
  custom:container-muxer-webm: aa71ff27fc2769a1b78a27578f13a17b -> 
  custom:container-demuxer-webm: 4f35f7cbe854078d1ac9338744f61a02 -> 
  custom:video-encoder-webm-vp8: eb34c28f22e8b96e1ab97ce403110664 -> 
  custom:audio-encoder-webm-vorbis: bf7c407c2cedff20999df2af8eb42d56 -> 
  custom:framework-win-MediaFoundation: 216162199b28c13a410421893ffa2e32 -> 
  custom:container-demuxer-ogg: 62fdf1f143b41e24485cea50d1cbac27 -> 
  custom:video-decoder-webm-vp8: 9c59270c3fd7afecdb556c50c9e8de78 -> 
  custom:audio-decoder-ogg-vorbis: bf7c407c2cedff20999df2af8eb42d56 -> 
========================================================================
Received Prepare
Registering precompiled user dll's ...
Registered in 0.007508 seconds.
Begin MonoManager ReloadAssembly
Symbol file LoadedFromMemory doesn't match image C:\Users\meles\Desktop\Bar Cooking\Library\PackageCache\com.unity.visualscripting@1.7.5\Editor\VisualScripting.Core\Dependencies\YamlDotNet\Unity.VisualScripting.YamlDotNet.dll
Symbol file LoadedFromMemory doesn't match image C:\Users\meles\Desktop\Bar Cooking\Library\PackageCache\com.unity.visualscripting@1.7.5\Editor\VisualScripting.Core\Dependencies\DotNetZip\Unity.VisualScripting.IonicZip.dll
Native extension for WindowsStandalone target not found
Refreshing native plugins compatible for Editor in 0.66 ms, found 3 plugins.
Preloading 0 native plugins for Editor in 0.00 ms.
Mono: successfully reloaded assembly
- Completed reload, in  1.403 seconds
Domain Reload Profiling:
	ReloadAssembly (1404ms)
		BeginReloadAssembly (204ms)
			ExecutionOrderSort (0ms)
			DisableScriptedObjects (10ms)
			BackupInstance (0ms)
			ReleaseScriptingObjects (0ms)
			CreateAndSetChildDomain (41ms)
		EndReloadAssembly (1024ms)
			LoadAssemblies (137ms)
			RebuildTransferFunctionScriptingTraits (0ms)
			SetupTypeCache (312ms)
			ReleaseScriptCaches (1ms)
			RebuildScriptCaches (50ms)
			SetupLoadedEditorAssemblies (413ms)
				LogAssemblyErrors (0ms)
				InitializePlatformSupportModulesInManaged (17ms)
				SetLoadedEditorAssemblies (1ms)
				RefreshPlugins (1ms)
				BeforeProcessingInitializeOnLoad (88ms)
				ProcessInitializeOnLoadAttributes (273ms)
				ProcessInitializeOnLoadMethodAttributes (27ms)
				AfterProcessingInitializeOnLoad (7ms)
				EditorAssembliesLoaded (0ms)
			ExecutionOrderSort2 (0ms)
			AwakeInstancesAfterBackupRestoration (13ms)
Platform modules already initialized, skipping
Refreshing native plugins compatible for Editor in 0.71 ms, found 3 plugins.
Preloading 0 native plugins for Editor in 0.00 ms.
Unloading 3491 Unused Serialized files (Serialized files now loaded: 0)
Unloading 19 unused Assets / (61.2 KB). Loaded Objects now: 4109.
Memory consumption went from 152.3 MB to 152.2 MB.
Total: 3.901900 ms (FindLiveObjects: 0.421500 ms CreateObjectMapping: 0.264800 ms MarkObjects: 3.103600 ms  DeleteObjects: 0.110600 ms)

AssetImportParameters requested are different than current active one (requested -> active):
  custom:video-decoder-ogg-theora: a1e56fd34408186e4bbccfd4996cb3dc -> 
  custom:container-muxer-webm: aa71ff27fc2769a1b78a27578f13a17b -> 
  custom:container-demuxer-webm: 4f35f7cbe854078d1ac9338744f61a02 -> 
  custom:video-encoder-webm-vp8: eb34c28f22e8b96e1ab97ce403110664 -> 
  custom:audio-encoder-webm-vorbis: bf7c407c2cedff20999df2af8eb42d56 -> 
  custom:framework-win-MediaFoundation: 216162199b28c13a410421893ffa2e32 -> 
  custom:container-demuxer-ogg: 62fdf1f143b41e24485cea50d1cbac27 -> 
  custom:video-decoder-webm-vp8: 9c59270c3fd7afecdb556c50c9e8de78 -> 
  custom:audio-decoder-ogg-vorbis: bf7c407c2cedff20999df2af8eb42d56 -> 
========================================================================
Received Prepare
Registering precompiled user dll's ...
Registered in 0.006384 seconds.
Begin MonoManager ReloadAssembly
Symbol file LoadedFromMemory doesn't match image C:\Users\meles\Desktop\Bar Cooking\Library\PackageCache\com.unity.visualscripting@1.7.5\Editor\VisualScripting.Core\Dependencies\YamlDotNet\Unity.VisualScripting.YamlDotNet.dll
Symbol file LoadedFromMemory doesn't match image C:\Users\meles\Desktop\Bar Cooking\Library\PackageCache\com.unity.visualscripting@1.7.5\Editor\VisualScripting.Core\Dependencies\DotNetZip\Unity.VisualScripting.IonicZip.dll
Native extension for WindowsStandalone target not found
Refreshing native plugins compatible for Editor in 1.37 ms, found 3 plugins.
Preloading 0 native plugins for Editor in 0.00 ms.
Mono: successfully reloaded assembly
- Completed reload, in  1.448 seconds
Domain Reload Profiling:
	ReloadAssembly (1450ms)
		BeginReloadAssembly (166ms)
			ExecutionOrderSort (0ms)
			DisableScriptedObjects (7ms)
			BackupInstance (0ms)
			ReleaseScriptingObjects (0ms)
			CreateAndSetChildDomain (39ms)
		EndReloadAssembly (1175ms)
			LoadAssemblies (91ms)
			RebuildTransferFunctionScriptingTraits (0ms)
			SetupTypeCache (270ms)
			ReleaseScriptCaches (1ms)
			RebuildScriptCaches (45ms)
			SetupLoadedEditorAssemblies (610ms)
				LogAssemblyErrors (0ms)
				InitializePlatformSupportModulesInManaged (19ms)
				SetLoadedEditorAssemblies (1ms)
				RefreshPlugins (2ms)
				BeforeProcessingInitializeOnLoad (110ms)
				ProcessInitializeOnLoadAttributes (431ms)
				ProcessInitializeOnLoadMethodAttributes (37ms)
				AfterProcessingInitializeOnLoad (10ms)
				EditorAssembliesLoaded (0ms)
			ExecutionOrderSort2 (0ms)
			AwakeInstancesAfterBackupRestoration (18ms)
Platform modules already initialized, skipping
Refreshing native plugins compatible for Editor in 0.93 ms, found 3 plugins.
Preloading 0 native plugins for Editor in 0.00 ms.
Unloading 3491 Unused Serialized files (Serialized files now loaded: 0)
Unloading 19 unused Assets / (69.1 KB). Loaded Objects now: 4111.
Memory consumption went from 152.4 MB to 152.3 MB.
Total: 3.969600 ms (FindLiveObjects: 0.493400 ms CreateObjectMapping: 0.304500 ms MarkObjects: 3.038300 ms  DeleteObjects: 0.131300 ms)

AssetImportParameters requested are different than current active one (requested -> active):
  custom:video-decoder-ogg-theora: a1e56fd34408186e4bbccfd4996cb3dc -> 
  custom:container-muxer-webm: aa71ff27fc2769a1b78a27578f13a17b -> 
  custom:container-demuxer-webm: 4f35f7cbe854078d1ac9338744f61a02 -> 
  custom:video-encoder-webm-vp8: eb34c28f22e8b96e1ab97ce403110664 -> 
  custom:audio-encoder-webm-vorbis: bf7c407c2cedff20999df2af8eb42d56 -> 
  custom:framework-win-MediaFoundation: 216162199b28c13a410421893ffa2e32 -> 
  custom:container-demuxer-ogg: 62fdf1f143b41e24485cea50d1cbac27 -> 
  custom:video-decoder-webm-vp8: 9c59270c3fd7afecdb556c50c9e8de78 -> 
  custom:audio-decoder-ogg-vorbis: bf7c407c2cedff20999df2af8eb42d56 -> 
========================================================================
Received Prepare
Registering precompiled user dll's ...
Registered in 0.005712 seconds.
Begin MonoManager ReloadAssembly
Symbol file LoadedFromMemory doesn't match image C:\Users\meles\Desktop\Bar Cooking\Library\PackageCache\com.unity.visualscripting@1.7.5\Editor\VisualScripting.Core\Dependencies\YamlDotNet\Unity.VisualScripting.YamlDotNet.dll
Symbol file LoadedFromMemory doesn't match image C:\Users\meles\Desktop\Bar Cooking\Library\PackageCache\com.unity.visualscripting@1.7.5\Editor\VisualScripting.Core\Dependencies\DotNetZip\Unity.VisualScripting.IonicZip.dll
Native extension for WindowsStandalone target not found
Refreshing native plugins compatible for Editor in 0.65 ms, found 3 plugins.
Preloading 0 native plugins for Editor in 0.00 ms.
Mono: successfully reloaded assembly
- Completed reload, in  1.397 seconds
Domain Reload Profiling:
	ReloadAssembly (1398ms)
		BeginReloadAssembly (178ms)
			ExecutionOrderSort (0ms)
			DisableScriptedObjects (10ms)
			BackupInstance (0ms)
			ReleaseScriptingObjects (0ms)
			CreateAndSetChildDomain (47ms)
		EndReloadAssembly (1109ms)
			LoadAssemblies (92ms)
			RebuildTransferFunctionScriptingTraits (0ms)
			SetupTypeCache (260ms)
			ReleaseScriptCaches (2ms)
			RebuildScriptCaches (57ms)
			SetupLoadedEditorAssemblies (531ms)
				LogAssemblyErrors (0ms)
				InitializePlatformSupportModulesInManaged (14ms)
				SetLoadedEditorAssemblies (1ms)
				RefreshPlugins (1ms)
				BeforeProcessingInitializeOnLoad (88ms)
				ProcessInitializeOnLoadAttributes (383ms)
				ProcessInitializeOnLoadMethodAttributes (34ms)
				AfterProcessingInitializeOnLoad (11ms)
				EditorAssembliesLoaded (0ms)
			ExecutionOrderSort2 (0ms)
			AwakeInstancesAfterBackupRestoration (20ms)
Platform modules already initialized, skipping
Refreshing native plugins compatible for Editor in 1.45 ms, found 3 plugins.
Preloading 0 native plugins for Editor in 0.00 ms.
Unloading 3491 Unused Serialized files (Serialized files now loaded: 0)
Unloading 19 unused Assets / (77.0 KB). Loaded Objects now: 4113.
Memory consumption went from 152.4 MB to 152.3 MB.
Total: 6.454400 ms (FindLiveObjects: 0.598500 ms CreateObjectMapping: 0.388700 ms MarkObjects: 5.285700 ms  DeleteObjects: 0.179500 ms)

AssetImportParameters requested are different than current active one (requested -> active):
  custom:video-decoder-ogg-theora: a1e56fd34408186e4bbccfd4996cb3dc -> 
  custom:container-muxer-webm: aa71ff27fc2769a1b78a27578f13a17b -> 
  custom:container-demuxer-webm: 4f35f7cbe854078d1ac9338744f61a02 -> 
  custom:video-encoder-webm-vp8: eb34c28f22e8b96e1ab97ce403110664 -> 
  custom:audio-encoder-webm-vorbis: bf7c407c2cedff20999df2af8eb42d56 -> 
  custom:framework-win-MediaFoundation: 216162199b28c13a410421893ffa2e32 -> 
  custom:container-demuxer-ogg: 62fdf1f143b41e24485cea50d1cbac27 -> 
  custom:video-decoder-webm-vp8: 9c59270c3fd7afecdb556c50c9e8de78 -> 
  custom:audio-decoder-ogg-vorbis: bf7c407c2cedff20999df2af8eb42d56 -> 
========================================================================
Received Prepare
Registering precompiled user dll's ...
Registered in 0.007963 seconds.
Begin MonoManager ReloadAssembly
Symbol file LoadedFromMemory doesn't match image C:\Users\meles\Desktop\Bar Cooking\Library\PackageCache\com.unity.visualscripting@1.7.5\Editor\VisualScripting.Core\Dependencies\YamlDotNet\Unity.VisualScripting.YamlDotNet.dll
Symbol file LoadedFromMemory doesn't match image C:\Users\meles\Desktop\Bar Cooking\Library\PackageCache\com.unity.visualscripting@1.7.5\Editor\VisualScripting.Core\Dependencies\DotNetZip\Unity.VisualScripting.IonicZip.dll
Native extension for WindowsStandalone target not found
Refreshing native plugins compatible for Editor in 0.66 ms, found 3 plugins.
Preloading 0 native plugins for Editor in 0.00 ms.
Mono: successfully reloaded assembly
- Completed reload, in  1.400 seconds
Domain Reload Profiling:
	ReloadAssembly (1401ms)
		BeginReloadAssembly (192ms)
			ExecutionOrderSort (0ms)
			DisableScriptedObjects (7ms)
			BackupInstance (0ms)
			ReleaseScriptingObjects (0ms)
			CreateAndSetChildDomain (48ms)
		EndReloadAssembly (1072ms)
			LoadAssemblies (113ms)
			RebuildTransferFunctionScriptingTraits (0ms)
			SetupTypeCache (327ms)
			ReleaseScriptCaches (2ms)
			RebuildScriptCaches (69ms)
			SetupLoadedEditorAssemblies (403ms)
				LogAssemblyErrors (0ms)
				InitializePlatformSupportModulesInManaged (16ms)
				SetLoadedEditorAssemblies (1ms)
				RefreshPlugins (1ms)
				BeforeProcessingInitializeOnLoad (70ms)
				ProcessInitializeOnLoadAttributes (278ms)
				ProcessInitializeOnLoadMethodAttributes (29ms)
				AfterProcessingInitializeOnLoad (9ms)
				EditorAssembliesLoaded (0ms)
			ExecutionOrderSort2 (0ms)
			AwakeInstancesAfterBackupRestoration (15ms)
Platform modules already initialized, skipping
Refreshing native plugins compatible for Editor in 0.61 ms, found 3 plugins.
Preloading 0 native plugins for Editor in 0.00 ms.
Unloading 3490 Unused Serialized files (Serialized files now loaded: 0)
Unloading 20 unused Assets / (61.2 KB). Loaded Objects now: 4114.
Memory consumption went from 152.4 MB to 152.3 MB.
Total: 3.183600 ms (FindLiveObjects: 0.328900 ms CreateObjectMapping: 0.245600 ms MarkObjects: 2.545200 ms  DeleteObjects: 0.063000 ms)

AssetImportParameters requested are different than current active one (requested -> active):
  custom:video-decoder-ogg-theora: a1e56fd34408186e4bbccfd4996cb3dc -> 
  custom:container-muxer-webm: aa71ff27fc2769a1b78a27578f13a17b -> 
  custom:container-demuxer-webm: 4f35f7cbe854078d1ac9338744f61a02 -> 
  custom:video-encoder-webm-vp8: eb34c28f22e8b96e1ab97ce403110664 -> 
  custom:audio-encoder-webm-vorbis: bf7c407c2cedff20999df2af8eb42d56 -> 
  custom:framework-win-MediaFoundation: 216162199b28c13a410421893ffa2e32 -> 
  custom:container-demuxer-ogg: 62fdf1f143b41e24485cea50d1cbac27 -> 
  custom:video-decoder-webm-vp8: 9c59270c3fd7afecdb556c50c9e8de78 -> 
  custom:audio-decoder-ogg-vorbis: bf7c407c2cedff20999df2af8eb42d56 -> 
========================================================================
Received Prepare
Registering precompiled user dll's ...
Registered in 0.007170 seconds.
Begin MonoManager ReloadAssembly
Symbol file LoadedFromMemory doesn't match image C:\Users\meles\Desktop\Bar Cooking\Library\PackageCache\com.unity.visualscripting@1.7.5\Editor\VisualScripting.Core\Dependencies\YamlDotNet\Unity.VisualScripting.YamlDotNet.dll
Symbol file LoadedFromMemory doesn't match image C:\Users\meles\Desktop\Bar Cooking\Library\PackageCache\com.unity.visualscripting@1.7.5\Editor\VisualScripting.Core\Dependencies\DotNetZip\Unity.VisualScripting.IonicZip.dll
Native extension for WindowsStandalone target not found
Refreshing native plugins compatible for Editor in 1.27 ms, found 3 plugins.
Preloading 0 native plugins for Editor in 0.00 ms.
Mono: successfully reloaded assembly
- Completed reload, in  1.611 seconds
Domain Reload Profiling:
	ReloadAssembly (1614ms)
		BeginReloadAssembly (212ms)
			ExecutionOrderSort (0ms)
			DisableScriptedObjects (11ms)
			BackupInstance (0ms)
			ReleaseScriptingObjects (0ms)
			CreateAndSetChildDomain (60ms)
		EndReloadAssembly (1256ms)
			LoadAssemblies (111ms)
			RebuildTransferFunctionScriptingTraits (0ms)
			SetupTypeCache (333ms)
			ReleaseScriptCaches (2ms)
			RebuildScriptCaches (63ms)
			SetupLoadedEditorAssemblies (555ms)
				LogAssemblyErrors (0ms)
				InitializePlatformSupportModulesInManaged (18ms)
				SetLoadedEditorAssemblies (1ms)
				RefreshPlugins (1ms)
				BeforeProcessingInitializeOnLoad (101ms)
				ProcessInitializeOnLoadAttributes (355ms)
				ProcessInitializeOnLoadMethodAttributes (67ms)
				AfterProcessingInitializeOnLoad (11ms)
				EditorAssembliesLoaded (0ms)
			ExecutionOrderSort2 (0ms)
			AwakeInstancesAfterBackupRestoration (26ms)
Platform modules already initialized, skipping
Refreshing native plugins compatible for Editor in 0.76 ms, found 3 plugins.
Preloading 0 native plugins for Editor in 0.00 ms.
Unloading 3489 Unused Serialized files (Serialized files now loaded: 0)
Unloading 20 unused Assets / (61.2 KB). Loaded Objects now: 4115.
Memory consumption went from 152.3 MB to 152.3 MB.
Total: 6.014800 ms (FindLiveObjects: 0.675100 ms CreateObjectMapping: 0.708600 ms MarkObjects: 4.532900 ms  DeleteObjects: 0.095700 ms)

AssetImportParameters requested are different than current active one (requested -> active):
  custom:video-decoder-ogg-theora: a1e56fd34408186e4bbccfd4996cb3dc -> 
  custom:container-muxer-webm: aa71ff27fc2769a1b78a27578f13a17b -> 
  custom:container-demuxer-webm: 4f35f7cbe854078d1ac9338744f61a02 -> 
  custom:video-encoder-webm-vp8: eb34c28f22e8b96e1ab97ce403110664 -> 
  custom:audio-encoder-webm-vorbis: bf7c407c2cedff20999df2af8eb42d56 -> 
  custom:framework-win-MediaFoundation: 216162199b28c13a410421893ffa2e32 -> 
  custom:container-demuxer-ogg: 62fdf1f143b41e24485cea50d1cbac27 -> 
  custom:video-decoder-webm-vp8: 9c59270c3fd7afecdb556c50c9e8de78 -> 
  custom:audio-decoder-ogg-vorbis: bf7c407c2cedff20999df2af8eb42d56 -> 
========================================================================
Received Prepare
Registering precompiled user dll's ...
Registered in 0.005935 seconds.
Begin MonoManager ReloadAssembly
Symbol file LoadedFromMemory doesn't match image C:\Users\meles\Desktop\Bar Cooking\Library\PackageCache\com.unity.visualscripting@1.7.5\Editor\VisualScripting.Core\Dependencies\YamlDotNet\Unity.VisualScripting.YamlDotNet.dll
Symbol file LoadedFromMemory doesn't match image C:\Users\meles\Desktop\Bar Cooking\Library\PackageCache\com.unity.visualscripting@1.7.5\Editor\VisualScripting.Core\Dependencies\DotNetZip\Unity.VisualScripting.IonicZip.dll
Native extension for WindowsStandalone target not found
Refreshing native plugins compatible for Editor in 1.07 ms, found 3 plugins.
Preloading 0 native plugins for Editor in 0.00 ms.
Mono: successfully reloaded assembly
- Completed reload, in  1.358 seconds
Domain Reload Profiling:
	ReloadAssembly (1359ms)
		BeginReloadAssembly (159ms)
			ExecutionOrderSort (0ms)
			DisableScriptedObjects (6ms)
			BackupInstance (0ms)
			ReleaseScriptingObjects (0ms)
			CreateAndSetChildDomain (40ms)
		EndReloadAssembly (1083ms)
			LoadAssemblies (83ms)
			RebuildTransferFunctionScriptingTraits (0ms)
			SetupTypeCache (247ms)
			ReleaseScriptCaches (1ms)
			RebuildScriptCaches (43ms)
			SetupLoadedEditorAssemblies (540ms)
				LogAssemblyErrors (0ms)
				InitializePlatformSupportModulesInManaged (18ms)
				SetLoadedEditorAssemblies (1ms)
				RefreshPlugins (1ms)
				BeforeProcessingInitializeOnLoad (97ms)
				ProcessInitializeOnLoadAttributes (374ms)
				ProcessInitializeOnLoadMethodAttributes (37ms)
				AfterProcessingInitializeOnLoad (11ms)
				EditorAssembliesLoaded (0ms)
			ExecutionOrderSort2 (0ms)
			AwakeInstancesAfterBackupRestoration (17ms)
Platform modules already initialized, skipping
Refreshing native plugins compatible for Editor in 0.86 ms, found 3 plugins.
Preloading 0 native plugins for Editor in 0.00 ms.
Unloading 3489 Unused Serialized files (Serialized files now loaded: 0)
Unloading 19 unused Assets / (69.2 KB). Loaded Objects now: 4117.
Memory consumption went from 152.4 MB to 152.3 MB.
Total: 7.748400 ms (FindLiveObjects: 1.789400 ms CreateObjectMapping: 0.978100 ms MarkObjects: 4.863400 ms  DeleteObjects: 0.115700 ms)

AssetImportParameters requested are different than current active one (requested -> active):
  custom:video-decoder-ogg-theora: a1e56fd34408186e4bbccfd4996cb3dc -> 
  custom:container-muxer-webm: aa71ff27fc2769a1b78a27578f13a17b -> 
  custom:container-demuxer-webm: 4f35f7cbe854078d1ac9338744f61a02 -> 
  custom:video-encoder-webm-vp8: eb34c28f22e8b96e1ab97ce403110664 -> 
  custom:audio-encoder-webm-vorbis: bf7c407c2cedff20999df2af8eb42d56 -> 
  custom:framework-win-MediaFoundation: 216162199b28c13a410421893ffa2e32 -> 
  custom:container-demuxer-ogg: 62fdf1f143b41e24485cea50d1cbac27 -> 
  custom:video-decoder-webm-vp8: 9c59270c3fd7afecdb556c50c9e8de78 -> 
  custom:audio-decoder-ogg-vorbis: bf7c407c2cedff20999df2af8eb42d56 -> 
