Using pre-set license
Built from '2021.2/staging' branch; Version is '2021.2.2f1 (5e2b1e92c7f8) revision 6171422'; Using compiler version '192829333'; Build Type 'Release'
OS: 'Windows 10 Pro; OS build 22000.1455; Version 2009; 64bit' Language: 'ru' Physical Memory: 16263 MB
BatchMode: 1, IsHumanControllingUs: 0, StartBugReporterOnCrash: 0, Is64bit: 1, IsPro: 0

COMMAND LINE ARGUMENTS:
C:\Program Files\Unity\Hub\Editor\2021.2.2f1\Editor\Unity.exe
-adb2
-batchMode
-noUpm
-name
AssetImportWorker4
-projectPath
C:/Users/meles/Desktop/Bar Cooking
-logFile
Logs/AssetImportWorker4.log
-srvPort
65299
Successfully changed project path to: C:/Users/meles/Desktop/Bar Cooking
C:/Users/meles/Desktop/Bar Cooking
[UnityMemory] Configuration Parameters - Can be set up in boot.config
    "memorysetup-bucket-allocator-granularity=16"
    "memorysetup-bucket-allocator-bucket-count=8"
    "memorysetup-bucket-allocator-block-size=33554432"
    "memorysetup-bucket-allocator-block-count=8"
    "memorysetup-main-allocator-block-size=16777216"
    "memorysetup-thread-allocator-block-size=16777216"
    "memorysetup-gfx-main-allocator-block-size=16777216"
    "memorysetup-gfx-thread-allocator-block-size=16777216"
    "memorysetup-cache-allocator-block-size=4194304"
    "memorysetup-typetree-allocator-block-size=2097152"
    "memorysetup-profiler-bucket-allocator-granularity=16"
    "memorysetup-profiler-bucket-allocator-bucket-count=8"
    "memorysetup-profiler-bucket-allocator-block-size=33554432"
    "memorysetup-profiler-bucket-allocator-block-count=8"
    "memorysetup-profiler-allocator-block-size=16777216"
    "memorysetup-profiler-editor-allocator-block-size=1048576"
    "memorysetup-temp-allocator-size-main=16777216"
    "memorysetup-job-temp-allocator-block-size=2097152"
    "memorysetup-job-temp-allocator-block-size-background=1048576"
    "memorysetup-job-temp-allocator-reduction-small-platforms=262144"
    "memorysetup-temp-allocator-size-background-worker=32768"
    "memorysetup-temp-allocator-size-job-worker=262144"
    "memorysetup-temp-allocator-size-preload-manager=33554432"
    "memorysetup-temp-allocator-size-nav-mesh-worker=65536"
    "memorysetup-temp-allocator-size-audio-worker=65536"
    "memorysetup-temp-allocator-size-cloud-worker=32768"
    "memorysetup-temp-allocator-size-gi-baking-worker=262144"
    "memorysetup-temp-allocator-size-gfx=262144"
Refreshing native plugins compatible for Editor in 186.38 ms, found 3 plugins.
Preloading 0 native plugins for Editor in 0.00 ms.
Initialize engine version: 2021.2.2f1 (5e2b1e92c7f8)
[Subsystems] Discovering subsystems at path C:/Program Files/Unity/Hub/Editor/2021.2.2f1/Editor/Data/Resources/UnitySubsystems
[Subsystems] Discovering subsystems at path C:/Users/meles/Desktop/Bar Cooking/Assets
GfxDevice: creating device client; threaded=0; jobified=0
Direct3D:
    Version:  Direct3D 11.0 [level 11.1]
    Renderer: NVIDIA GeForce GTX 1650 (ID=0x1f91)
    Vendor:   NVIDIA
    VRAM:     3949 MB
    Driver:   31.0.15.2756
Initialize mono
Mono path[0] = 'C:/Program Files/Unity/Hub/Editor/2021.2.2f1/Editor/Data/Managed'
Mono path[1] = 'C:/Program Files/Unity/Hub/Editor/2021.2.2f1/Editor/Data/MonoBleedingEdge/lib/mono/unityjit-win32'
Mono config path = 'C:/Program Files/Unity/Hub/Editor/2021.2.2f1/Editor/Data/MonoBleedingEdge/etc'
Using monoOptions --debugger-agent=transport=dt_socket,embedding=1,server=y,suspend=n,address=127.0.0.1:56016
Begin MonoManager ReloadAssembly
Registering precompiled unity dll's ...
Register platform support module: C:/Program Files/Unity/Hub/Editor/2021.2.2f1/Editor/Data/PlaybackEngines/WindowsStandaloneSupport/UnityEditor.WindowsStandalone.Extensions.dll
Registered in 0.015502 seconds.
Native extension for WindowsStandalone target not found
Refreshing native plugins compatible for Editor in 128.62 ms, found 3 plugins.
Preloading 0 native plugins for Editor in 0.00 ms.
Mono: successfully reloaded assembly
- Completed reload, in  1.340 seconds
Domain Reload Profiling:
	ReloadAssembly (1341ms)
		BeginReloadAssembly (201ms)
			ExecutionOrderSort (0ms)
			DisableScriptedObjects (0ms)
			BackupInstance (0ms)
			ReleaseScriptingObjects (0ms)
			CreateAndSetChildDomain (4ms)
		EndReloadAssembly (894ms)
			LoadAssemblies (194ms)
			RebuildTransferFunctionScriptingTraits (0ms)
			SetupTypeCache (271ms)
			ReleaseScriptCaches (0ms)
			RebuildScriptCaches (46ms)
			SetupLoadedEditorAssemblies (472ms)
				LogAssemblyErrors (0ms)
				InitializePlatformSupportModulesInManaged (25ms)
				SetLoadedEditorAssemblies (0ms)
				RefreshPlugins (129ms)
				BeforeProcessingInitializeOnLoad (2ms)
				ProcessInitializeOnLoadAttributes (233ms)
				ProcessInitializeOnLoadMethodAttributes (83ms)
				AfterProcessingInitializeOnLoad (0ms)
				EditorAssembliesLoaded (0ms)
			ExecutionOrderSort2 (0ms)
			AwakeInstancesAfterBackupRestoration (0ms)
Platform modules already initialized, skipping
Registering precompiled user dll's ...
Registered in 0.009923 seconds.
Begin MonoManager ReloadAssembly
Symbol file LoadedFromMemory doesn't match image C:\Users\meles\Desktop\Bar Cooking\Library\PackageCache\com.unity.visualscripting@1.7.5\Editor\VisualScripting.Core\Dependencies\YamlDotNet\Unity.VisualScripting.YamlDotNet.dll
Symbol file LoadedFromMemory doesn't match image C:\Users\meles\Desktop\Bar Cooking\Library\PackageCache\com.unity.visualscripting@1.7.5\Editor\VisualScripting.Core\Dependencies\DotNetZip\Unity.VisualScripting.IonicZip.dll
Native extension for WindowsStandalone target not found
Refreshing native plugins compatible for Editor in 0.78 ms, found 3 plugins.
Preloading 0 native plugins for Editor in 0.00 ms.
Mono: successfully reloaded assembly
- Completed reload, in  1.902 seconds
Domain Reload Profiling:
	ReloadAssembly (1903ms)
		BeginReloadAssembly (301ms)
			ExecutionOrderSort (0ms)
			DisableScriptedObjects (10ms)
			BackupInstance (0ms)
			ReleaseScriptingObjects (0ms)
			CreateAndSetChildDomain (31ms)
		EndReloadAssembly (1439ms)
			LoadAssemblies (127ms)
			RebuildTransferFunctionScriptingTraits (0ms)
			SetupTypeCache (393ms)
			ReleaseScriptCaches (1ms)
			RebuildScriptCaches (78ms)
			SetupLoadedEditorAssemblies (658ms)
				LogAssemblyErrors (0ms)
				InitializePlatformSupportModulesInManaged (21ms)
				SetLoadedEditorAssemblies (1ms)
				RefreshPlugins (1ms)
				BeforeProcessingInitializeOnLoad (142ms)
				ProcessInitializeOnLoadAttributes (439ms)
				ProcessInitializeOnLoadMethodAttributes (43ms)
				AfterProcessingInitializeOnLoad (10ms)
				EditorAssembliesLoaded (0ms)
			ExecutionOrderSort2 (0ms)
			AwakeInstancesAfterBackupRestoration (11ms)
Platform modules already initialized, skipping
========================================================================
Worker process is ready to serve import requests
Launched and connected shader compiler UnityShaderCompiler.exe after 0.06 seconds
Refreshing native plugins compatible for Editor in 0.92 ms, found 3 plugins.
Preloading 0 native plugins for Editor in 0.00 ms.
Unloading 3516 Unused Serialized files (Serialized files now loaded: 0)
Unloading 24 unused Assets / (93.5 KB). Loaded Objects now: 3985.
Memory consumption went from 132.3 MB to 132.2 MB.
Total: 4.984600 ms (FindLiveObjects: 0.374900 ms CreateObjectMapping: 0.333200 ms MarkObjects: 4.118400 ms  DeleteObjects: 0.156700 ms)

AssetImportParameters requested are different than current active one (requested -> active):
  custom:video-decoder-ogg-theora: a1e56fd34408186e4bbccfd4996cb3dc -> 
  custom:container-muxer-webm: aa71ff27fc2769a1b78a27578f13a17b -> 
  custom:container-demuxer-webm: 4f35f7cbe854078d1ac9338744f61a02 -> 
  custom:video-encoder-webm-vp8: eb34c28f22e8b96e1ab97ce403110664 -> 
  custom:audio-encoder-webm-vorbis: bf7c407c2cedff20999df2af8eb42d56 -> 
  custom:framework-win-MediaFoundation: 216162199b28c13a410421893ffa2e32 -> 
  custom:container-demuxer-ogg: 62fdf1f143b41e24485cea50d1cbac27 -> 
  custom:video-decoder-webm-vp8: 9c59270c3fd7afecdb556c50c9e8de78 -> 
  custom:audio-decoder-ogg-vorbis: bf7c407c2cedff20999df2af8eb42d56 -> 
========================================================================
Received Import Request.
  Time since last request: 13314.969371 seconds.
  path: Assets/HQ Acoustic system/Acoustic_low_diffuse.tga
  artifactKey: Guid(f00306a86ad5fc44a9c8e2ffbbeaea46) Importer(815301076,1909f56bfc062723c751e8b465ee728b)
Start importing Assets/HQ Acoustic system/Acoustic_low_diffuse.tga using Guid(f00306a86ad5fc44a9c8e2ffbbeaea46) Importer(815301076,1909f56bfc062723c751e8b465ee728b)  -> (artifact id: 'c1b46c48eef2f21abd959a210096eded') in 0.349715 seconds 
========================================================================
Received Import Request.
  Time since last request: 29.580768 seconds.
  path: Assets/HQ Acoustic system/Materials/AC.mat
  artifactKey: Guid(f3a1a80c441b01b4096e547eaf37e9b2) Importer(815301076,1909f56bfc062723c751e8b465ee728b)
Start importing Assets/HQ Acoustic system/Materials/AC.mat using Guid(f3a1a80c441b01b4096e547eaf37e9b2) Importer(815301076,1909f56bfc062723c751e8b465ee728b)  -> (artifact id: '1417cab6ba5f28267dfe68d57279cef9') in 0.357546 seconds 
========================================================================
Received Prepare
Registering precompiled user dll's ...
Registered in 0.012647 seconds.
Begin MonoManager ReloadAssembly
Symbol file LoadedFromMemory doesn't match image C:\Users\meles\Desktop\Bar Cooking\Library\PackageCache\com.unity.visualscripting@1.7.5\Editor\VisualScripting.Core\Dependencies\YamlDotNet\Unity.VisualScripting.YamlDotNet.dll
Symbol file LoadedFromMemory doesn't match image C:\Users\meles\Desktop\Bar Cooking\Library\PackageCache\com.unity.visualscripting@1.7.5\Editor\VisualScripting.Core\Dependencies\DotNetZip\Unity.VisualScripting.IonicZip.dll
Native extension for WindowsStandalone target not found
Refreshing native plugins compatible for Editor in 0.96 ms, found 3 plugins.
Preloading 0 native plugins for Editor in 0.00 ms.
Mono: successfully reloaded assembly
- Completed reload, in  2.245 seconds
Domain Reload Profiling:
	ReloadAssembly (2247ms)
		BeginReloadAssembly (253ms)
			ExecutionOrderSort (0ms)
			DisableScriptedObjects (8ms)
			BackupInstance (0ms)
			ReleaseScriptingObjects (0ms)
			CreateAndSetChildDomain (67ms)
		EndReloadAssembly (1764ms)
			LoadAssemblies (149ms)
			RebuildTransferFunctionScriptingTraits (0ms)
			SetupTypeCache (430ms)
			ReleaseScriptCaches (2ms)
			RebuildScriptCaches (70ms)
			SetupLoadedEditorAssemblies (759ms)
				LogAssemblyErrors (0ms)
				InitializePlatformSupportModulesInManaged (24ms)
				SetLoadedEditorAssemblies (1ms)
				RefreshPlugins (1ms)
				BeforeProcessingInitializeOnLoad (135ms)
				ProcessInitializeOnLoadAttributes (533ms)
				ProcessInitializeOnLoadMethodAttributes (51ms)
				AfterProcessingInitializeOnLoad (12ms)
				EditorAssembliesLoaded (0ms)
			ExecutionOrderSort2 (0ms)
			AwakeInstancesAfterBackupRestoration (23ms)
Platform modules already initialized, skipping
Refreshing native plugins compatible for Editor in 0.99 ms, found 3 plugins.
Preloading 0 native plugins for Editor in 0.00 ms.
Unloading 3491 Unused Serialized files (Serialized files now loaded: 0)
Unloading 19 unused Assets / (61.2 KB). Loaded Objects now: 4042.
Memory consumption went from 220.4 MB to 220.4 MB.
Total: 7.439900 ms (FindLiveObjects: 0.719100 ms CreateObjectMapping: 0.457400 ms MarkObjects: 6.123700 ms  DeleteObjects: 0.137200 ms)

AssetImportParameters requested are different than current active one (requested -> active):
  custom:video-decoder-ogg-theora: a1e56fd34408186e4bbccfd4996cb3dc -> 
  custom:container-muxer-webm: aa71ff27fc2769a1b78a27578f13a17b -> 
  custom:container-demuxer-webm: 4f35f7cbe854078d1ac9338744f61a02 -> 
  custom:video-encoder-webm-vp8: eb34c28f22e8b96e1ab97ce403110664 -> 
  custom:audio-encoder-webm-vorbis: bf7c407c2cedff20999df2af8eb42d56 -> 
  custom:framework-win-MediaFoundation: 216162199b28c13a410421893ffa2e32 -> 
  custom:container-demuxer-ogg: 62fdf1f143b41e24485cea50d1cbac27 -> 
  custom:video-decoder-webm-vp8: 9c59270c3fd7afecdb556c50c9e8de78 -> 
  custom:audio-decoder-ogg-vorbis: bf7c407c2cedff20999df2af8eb42d56 -> 
========================================================================
Received Import Request.
  Time since last request: 105.392398 seconds.
  path: Assets/Prefab/Amplifier.prefab
  artifactKey: Guid(10720e2c0f89c1d4b9332e0709f6ea2d) Importer(815301076,1909f56bfc062723c751e8b465ee728b)
Start importing Assets/Prefab/Amplifier.prefab using Guid(10720e2c0f89c1d4b9332e0709f6ea2d) Importer(815301076,1909f56bfc062723c751e8b465ee728b)  -> (artifact id: 'b154832be17ac1d9ed2faa36fcf4f4bd') in 0.066049 seconds 
========================================================================
Received Import Request.
  Time since last request: 0.000078 seconds.
  path: Assets/Prefab/Satellite_low.prefab
  artifactKey: Guid(4ff5e318d181f2f47a0bca5e6f5ac983) Importer(815301076,1909f56bfc062723c751e8b465ee728b)
Start importing Assets/Prefab/Satellite_low.prefab using Guid(4ff5e318d181f2f47a0bca5e6f5ac983) Importer(815301076,1909f56bfc062723c751e8b465ee728b)  -> (artifact id: '6cd8cf196dc0a8e11213d79895ed9b8a') in 0.008061 seconds 
========================================================================
Received Import Request.
  Time since last request: 0.000031 seconds.
  path: Assets/Prefab/Satellite_hight.prefab
  artifactKey: Guid(cb618eae855076242926bab5edf2b8c0) Importer(815301076,1909f56bfc062723c751e8b465ee728b)
Start importing Assets/Prefab/Satellite_hight.prefab using Guid(cb618eae855076242926bab5edf2b8c0) Importer(815301076,1909f56bfc062723c751e8b465ee728b)  -> (artifact id: 'ebdbec664c98e706598fca2b542b2f5b') in 0.005859 seconds 
========================================================================
Received Import Request.
  Time since last request: 117.468047 seconds.
  path: Assets/Prefab/Amplifier.FBX
  artifactKey: Guid(a597891020ca05d4e9c2f20e089b6b84) Importer(815301076,1909f56bfc062723c751e8b465ee728b)
Start importing Assets/Prefab/Amplifier.FBX using Guid(a597891020ca05d4e9c2f20e089b6b84) Importer(815301076,1909f56bfc062723c751e8b465ee728b)  -> (artifact id: 'de609e830f0ca1024c550d9ffc5060e0') in 0.105214 seconds 
========================================================================
Received Import Request.
  Time since last request: 0.000028 seconds.
  path: Assets/Prefab/Subwoofer.FBX
  artifactKey: Guid(952cf7ee7fb27ea4780ae5c140d77b6e) Importer(815301076,1909f56bfc062723c751e8b465ee728b)
Start importing Assets/Prefab/Subwoofer.FBX using Guid(952cf7ee7fb27ea4780ae5c140d77b6e) Importer(815301076,1909f56bfc062723c751e8b465ee728b)  -> (artifact id: '57c6310d07c68269e268033a45655e38') in 0.030228 seconds 
========================================================================
Received Import Request.
  Time since last request: 0.000029 seconds.
  path: Assets/Prefab/Satellite_low.FBX
  artifactKey: Guid(8eb8edb82ed73cb418750550d784e536) Importer(815301076,1909f56bfc062723c751e8b465ee728b)
Start importing Assets/Prefab/Satellite_low.FBX using Guid(8eb8edb82ed73cb418750550d784e536) Importer(815301076,1909f56bfc062723c751e8b465ee728b)  -> (artifact id: '44c2fa53eb40d090a804933d12b71e17') in 0.026922 seconds 
========================================================================
Received Import Request.
  Time since last request: 0.000025 seconds.
  path: Assets/Prefab/Satellite_hight.FBX
  artifactKey: Guid(77d8ddc231e6e3a46ab80ecb69d06390) Importer(815301076,1909f56bfc062723c751e8b465ee728b)
Start importing Assets/Prefab/Satellite_hight.FBX using Guid(77d8ddc231e6e3a46ab80ecb69d06390) Importer(815301076,1909f56bfc062723c751e8b465ee728b)  -> (artifact id: 'a9157c7093376161b78640e51d743953') in 0.028826 seconds 
========================================================================
Received Import Request.
  Time since last request: 14.685973 seconds.
  path: Assets/Model/ExtrasHuman/human1.fbx
  artifactKey: Guid(eb7fec7b4fc480c4b9a536a3f8c9969b) Importer(815301076,1909f56bfc062723c751e8b465ee728b)
Start importing Assets/Model/ExtrasHuman/human1.fbx using Guid(eb7fec7b4fc480c4b9a536a3f8c9969b) Importer(815301076,1909f56bfc062723c751e8b465ee728b)  -> (artifact id: '0e185c0c673b6525e78a850983d06f8a') in 0.208193 seconds 
========================================================================
Received Import Request.
  Time since last request: 0.000046 seconds.
  path: Assets/Model/ExtrasHuman/human20.fbx
  artifactKey: Guid(782b8ad942da62f42bd010addbf046a7) Importer(815301076,1909f56bfc062723c751e8b465ee728b)
Start importing Assets/Model/ExtrasHuman/human20.fbx using Guid(782b8ad942da62f42bd010addbf046a7) Importer(815301076,1909f56bfc062723c751e8b465ee728b)  -> (artifact id: 'db71feeb7d9a2ea59c8fb71a85c9241a') in 0.177436 seconds 
========================================================================
Received Import Request.
  Time since last request: 0.000053 seconds.
  path: Assets/Model/ExtrasHuman/human11.fbx
  artifactKey: Guid(bc5d80934e68e7742bb569594aaacdae) Importer(815301076,1909f56bfc062723c751e8b465ee728b)
Start importing Assets/Model/ExtrasHuman/human11.fbx using Guid(bc5d80934e68e7742bb569594aaacdae) Importer(815301076,1909f56bfc062723c751e8b465ee728b)  -> (artifact id: '3bc56299c29a4669a1751d45da7aaacc') in 0.196663 seconds 
========================================================================
Received Import Request.
  Time since last request: 0.000057 seconds.
  path: Assets/Model/ExtrasHuman/human10.fbx
  artifactKey: Guid(dbfbd2d2c5be20d4999022c77521ceb0) Importer(815301076,1909f56bfc062723c751e8b465ee728b)
Start importing Assets/Model/ExtrasHuman/human10.fbx using Guid(dbfbd2d2c5be20d4999022c77521ceb0) Importer(815301076,1909f56bfc062723c751e8b465ee728b)  -> (artifact id: 'dff5f74a602618b24a1845f07711ab39') in 0.198849 seconds 
========================================================================
Received Import Request.
  Time since last request: 0.000035 seconds.
  path: Assets/Model/ExtrasHuman/human6.fbx
  artifactKey: Guid(577e1806b87c52844a4d8146cb0119d6) Importer(815301076,1909f56bfc062723c751e8b465ee728b)
Start importing Assets/Model/ExtrasHuman/human6.fbx using Guid(577e1806b87c52844a4d8146cb0119d6) Importer(815301076,1909f56bfc062723c751e8b465ee728b)  -> (artifact id: 'e1bd72b64b87a72568e925b5ecf9441f') in 0.178247 seconds 
========================================================================
Received Import Request.
  Time since last request: 0.000044 seconds.
  path: Assets/Model/ExtrasHuman/human12.fbx
  artifactKey: Guid(90099f8d6e7bcc143a82709ee392af81) Importer(815301076,1909f56bfc062723c751e8b465ee728b)
Start importing Assets/Model/ExtrasHuman/human12.fbx using Guid(90099f8d6e7bcc143a82709ee392af81) Importer(815301076,1909f56bfc062723c751e8b465ee728b)  -> (artifact id: 'e2c0eb200fad0a07899016ffa34b39c8') in 0.220641 seconds 
========================================================================
Received Import Request.
  Time since last request: 0.000036 seconds.
  path: Assets/Model/ExtrasHuman/human16.fbx
  artifactKey: Guid(b2102c6ff67cbdc4abaff43e86e8115e) Importer(815301076,1909f56bfc062723c751e8b465ee728b)
Start importing Assets/Model/ExtrasHuman/human16.fbx using Guid(b2102c6ff67cbdc4abaff43e86e8115e) Importer(815301076,1909f56bfc062723c751e8b465ee728b)  -> (artifact id: 'bec74c60998075d603cc558d1719e73f') in 0.200469 seconds 
========================================================================
Received Import Request.
  Time since last request: 40.528526 seconds.
  path: Assets/Prefab/Kitchen/Fridge.fbx
  artifactKey: Guid(d47242c9dad9fd94da628bcf6fb36c2e) Importer(815301076,1909f56bfc062723c751e8b465ee728b)
Start importing Assets/Prefab/Kitchen/Fridge.fbx using Guid(d47242c9dad9fd94da628bcf6fb36c2e) Importer(815301076,1909f56bfc062723c751e8b465ee728b)  -> (artifact id: '3176519255c3b1cc9b0a73ac86f8a426') in 0.137256 seconds 
========================================================================
Received Import Request.
  Time since last request: 0.000049 seconds.
  path: Assets/Prefab/Kitchen/Table.fbx
  artifactKey: Guid(08d5439121a07f544bdaaa816bb04c47) Importer(815301076,1909f56bfc062723c751e8b465ee728b)
Start importing Assets/Prefab/Kitchen/Table.fbx using Guid(08d5439121a07f544bdaaa816bb04c47) Importer(815301076,1909f56bfc062723c751e8b465ee728b)  -> (artifact id: '4fe6935f738833d6485ddcd7771b657f') in 0.061033 seconds 
Editor requested this worker to shutdown with reason: Scaling down because of idle timeout
AssetImportWorker is now disconnected from the server
Process exiting
Exiting without the bug reporter. Application will terminate with return code 0