Using pre-set license
Built from '2021.2/staging' branch; Version is '2021.2.2f1 (5e2b1e92c7f8) revision 6171422'; Using compiler version '192829333'; Build Type 'Release'
OS: 'Windows 10 Pro; OS build 22000.1455; Version 2009; 64bit' Language: 'ru' Physical Memory: 16263 MB
BatchMode: 1, IsHumanControllingUs: 0, StartBugReporterOnCrash: 0, Is64bit: 1, IsPro: 0

COMMAND LINE ARGUMENTS:
C:\Program Files\Unity\Hub\Editor\2021.2.2f1\Editor\Unity.exe
-adb2
-batchMode
-noUpm
-name
AssetImportWorker14
-projectPath
C:/Users/meles/Desktop/Bar Cooking
-logFile
Logs/AssetImportWorker14.log
-srvPort
56895
Successfully changed project path to: C:/Users/meles/Desktop/Bar Cooking
C:/Users/meles/Desktop/Bar Cooking
[UnityMemory] Configuration Parameters - Can be set up in boot.config
    "memorysetup-bucket-allocator-granularity=16"
    "memorysetup-bucket-allocator-bucket-count=8"
    "memorysetup-bucket-allocator-block-size=33554432"
    "memorysetup-bucket-allocator-block-count=8"
    "memorysetup-main-allocator-block-size=16777216"
    "memorysetup-thread-allocator-block-size=16777216"
    "memorysetup-gfx-main-allocator-block-size=16777216"
    "memorysetup-gfx-thread-allocator-block-size=16777216"
    "memorysetup-cache-allocator-block-size=4194304"
    "memorysetup-typetree-allocator-block-size=2097152"
    "memorysetup-profiler-bucket-allocator-granularity=16"
    "memorysetup-profiler-bucket-allocator-bucket-count=8"
    "memorysetup-profiler-bucket-allocator-block-size=33554432"
    "memorysetup-profiler-bucket-allocator-block-count=8"
    "memorysetup-profiler-allocator-block-size=16777216"
    "memorysetup-profiler-editor-allocator-block-size=1048576"
    "memorysetup-temp-allocator-size-main=16777216"
    "memorysetup-job-temp-allocator-block-size=2097152"
    "memorysetup-job-temp-allocator-block-size-background=1048576"
    "memorysetup-job-temp-allocator-reduction-small-platforms=262144"
    "memorysetup-temp-allocator-size-background-worker=32768"
    "memorysetup-temp-allocator-size-job-worker=262144"
    "memorysetup-temp-allocator-size-preload-manager=33554432"
    "memorysetup-temp-allocator-size-nav-mesh-worker=65536"
    "memorysetup-temp-allocator-size-audio-worker=65536"
    "memorysetup-temp-allocator-size-cloud-worker=32768"
    "memorysetup-temp-allocator-size-gi-baking-worker=262144"
    "memorysetup-temp-allocator-size-gfx=262144"
Refreshing native plugins compatible for Editor in 103.09 ms, found 3 plugins.
Preloading 0 native plugins for Editor in 0.00 ms.
Initialize engine version: 2021.2.2f1 (5e2b1e92c7f8)
[Subsystems] Discovering subsystems at path C:/Program Files/Unity/Hub/Editor/2021.2.2f1/Editor/Data/Resources/UnitySubsystems
[Subsystems] Discovering subsystems at path C:/Users/meles/Desktop/Bar Cooking/Assets
GfxDevice: creating device client; threaded=0; jobified=0
Direct3D:
    Version:  Direct3D 11.0 [level 11.1]
    Renderer: NVIDIA GeForce GTX 1650 (ID=0x1f91)
    Vendor:   NVIDIA
    VRAM:     3949 MB
    Driver:   31.0.15.2756
Initialize mono
Mono path[0] = 'C:/Program Files/Unity/Hub/Editor/2021.2.2f1/Editor/Data/Managed'
Mono path[1] = 'C:/Program Files/Unity/Hub/Editor/2021.2.2f1/Editor/Data/MonoBleedingEdge/lib/mono/unityjit-win32'
Mono config path = 'C:/Program Files/Unity/Hub/Editor/2021.2.2f1/Editor/Data/MonoBleedingEdge/etc'
Using monoOptions --debugger-agent=transport=dt_socket,embedding=1,server=y,suspend=n,address=127.0.0.1:56648
Begin MonoManager ReloadAssembly
Registering precompiled unity dll's ...
Register platform support module: C:/Program Files/Unity/Hub/Editor/2021.2.2f1/Editor/Data/PlaybackEngines/WindowsStandaloneSupport/UnityEditor.WindowsStandalone.Extensions.dll
Registered in 0.008539 seconds.
Native extension for WindowsStandalone target not found
Refreshing native plugins compatible for Editor in 106.74 ms, found 3 plugins.
Preloading 0 native plugins for Editor in 0.00 ms.
Mono: successfully reloaded assembly
- Completed reload, in  0.935 seconds
Domain Reload Profiling:
	ReloadAssembly (935ms)
		BeginReloadAssembly (125ms)
			ExecutionOrderSort (0ms)
			DisableScriptedObjects (0ms)
			BackupInstance (0ms)
			ReleaseScriptingObjects (0ms)
			CreateAndSetChildDomain (1ms)
		EndReloadAssembly (695ms)
			LoadAssemblies (121ms)
			RebuildTransferFunctionScriptingTraits (0ms)
			SetupTypeCache (172ms)
			ReleaseScriptCaches (0ms)
			RebuildScriptCaches (36ms)
			SetupLoadedEditorAssemblies (393ms)
				LogAssemblyErrors (0ms)
				InitializePlatformSupportModulesInManaged (19ms)
				SetLoadedEditorAssemblies (0ms)
				RefreshPlugins (107ms)
				BeforeProcessingInitializeOnLoad (1ms)
				ProcessInitializeOnLoadAttributes (180ms)
				ProcessInitializeOnLoadMethodAttributes (85ms)
				AfterProcessingInitializeOnLoad (0ms)
				EditorAssembliesLoaded (0ms)
			ExecutionOrderSort2 (0ms)
			AwakeInstancesAfterBackupRestoration (0ms)
Platform modules already initialized, skipping
Registering precompiled user dll's ...
Registered in 0.008916 seconds.
Begin MonoManager ReloadAssembly
Symbol file LoadedFromMemory doesn't match image C:\Users\meles\Desktop\Bar Cooking\Library\PackageCache\com.unity.visualscripting@1.7.5\Editor\VisualScripting.Core\Dependencies\YamlDotNet\Unity.VisualScripting.YamlDotNet.dll
Symbol file LoadedFromMemory doesn't match image C:\Users\meles\Desktop\Bar Cooking\Library\PackageCache\com.unity.visualscripting@1.7.5\Editor\VisualScripting.Core\Dependencies\DotNetZip\Unity.VisualScripting.IonicZip.dll
Native extension for WindowsStandalone target not found
Refreshing native plugins compatible for Editor in 0.80 ms, found 3 plugins.
Preloading 0 native plugins for Editor in 0.00 ms.
Mono: successfully reloaded assembly
- Completed reload, in  1.868 seconds
Domain Reload Profiling:
	ReloadAssembly (1869ms)
		BeginReloadAssembly (264ms)
			ExecutionOrderSort (0ms)
			DisableScriptedObjects (12ms)
			BackupInstance (0ms)
			ReleaseScriptingObjects (0ms)
			CreateAndSetChildDomain (30ms)
		EndReloadAssembly (1438ms)
			LoadAssemblies (134ms)
			RebuildTransferFunctionScriptingTraits (0ms)
			SetupTypeCache (382ms)
			ReleaseScriptCaches (1ms)
			RebuildScriptCaches (87ms)
			SetupLoadedEditorAssemblies (661ms)
				LogAssemblyErrors (0ms)
				InitializePlatformSupportModulesInManaged (19ms)
				SetLoadedEditorAssemblies (1ms)
				RefreshPlugins (1ms)
				BeforeProcessingInitializeOnLoad (142ms)
				ProcessInitializeOnLoadAttributes (445ms)
				ProcessInitializeOnLoadMethodAttributes (42ms)
				AfterProcessingInitializeOnLoad (10ms)
				EditorAssembliesLoaded (0ms)
			ExecutionOrderSort2 (0ms)
			AwakeInstancesAfterBackupRestoration (10ms)
Platform modules already initialized, skipping
========================================================================
Worker process is ready to serve import requests
Launched and connected shader compiler UnityShaderCompiler.exe after 0.08 seconds
Refreshing native plugins compatible for Editor in 0.76 ms, found 3 plugins.
Preloading 0 native plugins for Editor in 0.00 ms.
Unloading 3515 Unused Serialized files (Serialized files now loaded: 0)
Unloading 24 unused Assets / (93.5 KB). Loaded Objects now: 3984.
Memory consumption went from 132.4 MB to 132.3 MB.
Total: 4.699600 ms (FindLiveObjects: 0.350200 ms CreateObjectMapping: 0.243700 ms MarkObjects: 3.962600 ms  DeleteObjects: 0.142000 ms)

AssetImportParameters requested are different than current active one (requested -> active):
  custom:video-decoder-ogg-theora: a1e56fd34408186e4bbccfd4996cb3dc -> 
  custom:container-muxer-webm: aa71ff27fc2769a1b78a27578f13a17b -> 
  custom:container-demuxer-webm: 4f35f7cbe854078d1ac9338744f61a02 -> 
  custom:video-encoder-webm-vp8: eb34c28f22e8b96e1ab97ce403110664 -> 
  custom:audio-encoder-webm-vorbis: bf7c407c2cedff20999df2af8eb42d56 -> 
  custom:framework-win-MediaFoundation: 216162199b28c13a410421893ffa2e32 -> 
  custom:container-demuxer-ogg: 62fdf1f143b41e24485cea50d1cbac27 -> 
  custom:video-decoder-webm-vp8: 9c59270c3fd7afecdb556c50c9e8de78 -> 
  custom:audio-decoder-ogg-vorbis: bf7c407c2cedff20999df2af8eb42d56 -> 
========================================================================
Received Prepare
Registering precompiled user dll's ...
Registered in 0.012232 seconds.
Begin MonoManager ReloadAssembly
Symbol file LoadedFromMemory doesn't match image C:\Users\meles\Desktop\Bar Cooking\Library\PackageCache\com.unity.visualscripting@1.7.5\Editor\VisualScripting.Core\Dependencies\YamlDotNet\Unity.VisualScripting.YamlDotNet.dll
Symbol file LoadedFromMemory doesn't match image C:\Users\meles\Desktop\Bar Cooking\Library\PackageCache\com.unity.visualscripting@1.7.5\Editor\VisualScripting.Core\Dependencies\DotNetZip\Unity.VisualScripting.IonicZip.dll
Native extension for WindowsStandalone target not found
Refreshing native plugins compatible for Editor in 1.15 ms, found 3 plugins.
Preloading 0 native plugins for Editor in 0.00 ms.
Mono: successfully reloaded assembly
- Completed reload, in  2.029 seconds
Domain Reload Profiling:
	ReloadAssembly (2030ms)
		BeginReloadAssembly (256ms)
			ExecutionOrderSort (0ms)
			DisableScriptedObjects (9ms)
			BackupInstance (0ms)
			ReleaseScriptingObjects (0ms)
			CreateAndSetChildDomain (65ms)
		EndReloadAssembly (1591ms)
			LoadAssemblies (145ms)
			RebuildTransferFunctionScriptingTraits (0ms)
			SetupTypeCache (411ms)
			ReleaseScriptCaches (1ms)
			RebuildScriptCaches (64ms)
			SetupLoadedEditorAssemblies (743ms)
				LogAssemblyErrors (0ms)
				InitializePlatformSupportModulesInManaged (29ms)
				SetLoadedEditorAssemblies (1ms)
				RefreshPlugins (1ms)
				BeforeProcessingInitializeOnLoad (134ms)
				ProcessInitializeOnLoadAttributes (514ms)
				ProcessInitializeOnLoadMethodAttributes (49ms)
				AfterProcessingInitializeOnLoad (14ms)
				EditorAssembliesLoaded (0ms)
			ExecutionOrderSort2 (0ms)
			AwakeInstancesAfterBackupRestoration (15ms)
Platform modules already initialized, skipping
Refreshing native plugins compatible for Editor in 1.36 ms, found 3 plugins.
Preloading 0 native plugins for Editor in 0.00 ms.
Unloading 3489 Unused Serialized files (Serialized files now loaded: 0)
Unloading 19 unused Assets / (61.1 KB). Loaded Objects now: 3986.
Memory consumption went from 130.2 MB to 130.1 MB.
Total: 5.569600 ms (FindLiveObjects: 0.426300 ms CreateObjectMapping: 0.298700 ms MarkObjects: 4.555700 ms  DeleteObjects: 0.285900 ms)

AssetImportParameters requested are different than current active one (requested -> active):
  custom:video-decoder-ogg-theora: a1e56fd34408186e4bbccfd4996cb3dc -> 
  custom:container-muxer-webm: aa71ff27fc2769a1b78a27578f13a17b -> 
  custom:container-demuxer-webm: 4f35f7cbe854078d1ac9338744f61a02 -> 
  custom:video-encoder-webm-vp8: eb34c28f22e8b96e1ab97ce403110664 -> 
  custom:audio-encoder-webm-vorbis: bf7c407c2cedff20999df2af8eb42d56 -> 
  custom:framework-win-MediaFoundation: 216162199b28c13a410421893ffa2e32 -> 
  custom:container-demuxer-ogg: 62fdf1f143b41e24485cea50d1cbac27 -> 
  custom:video-decoder-webm-vp8: 9c59270c3fd7afecdb556c50c9e8de78 -> 
  custom:audio-decoder-ogg-vorbis: bf7c407c2cedff20999df2af8eb42d56 -> 
========================================================================
Received Import Request.
  Time since last request: 29420.582884 seconds.
  path: Assets/Prefab/ExtrasHuman/human2.prefab
  artifactKey: Guid(f6dc5f56b58491d44b3416ae93f344b8) Importer(815301076,1909f56bfc062723c751e8b465ee728b)
Start importing Assets/Prefab/ExtrasHuman/human2.prefab using Guid(f6dc5f56b58491d44b3416ae93f344b8) Importer(815301076,1909f56bfc062723c751e8b465ee728b)  -> (artifact id: '7229cdaba3e302d925112f4b532e3369') in 0.255317 seconds 
========================================================================
Received Import Request.
  Time since last request: 0.000032 seconds.
  path: Assets/Prefab/ExtrasHuman/human19.prefab
  artifactKey: Guid(925a5a3698f63fe47aa4f33e4222acab) Importer(815301076,1909f56bfc062723c751e8b465ee728b)
Start importing Assets/Prefab/ExtrasHuman/human19.prefab using Guid(925a5a3698f63fe47aa4f33e4222acab) Importer(815301076,1909f56bfc062723c751e8b465ee728b)  -> (artifact id: 'bf7b6dd17140dca6a473aba783d91c06') in 0.038626 seconds 
========================================================================
Received Import Request.
  Time since last request: 0.000043 seconds.
  path: Assets/Prefab/ExtrasHuman/human6.prefab
  artifactKey: Guid(cb649b5f25036854e81fe9d210731ef0) Importer(815301076,1909f56bfc062723c751e8b465ee728b)
Start importing Assets/Prefab/ExtrasHuman/human6.prefab using Guid(cb649b5f25036854e81fe9d210731ef0) Importer(815301076,1909f56bfc062723c751e8b465ee728b)  -> (artifact id: 'bd665ecac7e86f093dc4b4e4348650ce') in 0.032800 seconds 
========================================================================
Received Import Request.
  Time since last request: 0.000036 seconds.
  path: Assets/Prefab/ExtrasHuman/human11.prefab
  artifactKey: Guid(a4860708f1e70e644ba82429367a8434) Importer(815301076,1909f56bfc062723c751e8b465ee728b)
Start importing Assets/Prefab/ExtrasHuman/human11.prefab using Guid(a4860708f1e70e644ba82429367a8434) Importer(815301076,1909f56bfc062723c751e8b465ee728b)  -> (artifact id: '3ed9fb1e8db2886c8a38d6f8fb273450') in 0.048927 seconds 
========================================================================
Received Import Request.
  Time since last request: 0.000029 seconds.
  path: Assets/Prefab/ExtrasHuman/human3.prefab
  artifactKey: Guid(aec6cc5e1911e9d4d95d5b55bdc909c1) Importer(815301076,1909f56bfc062723c751e8b465ee728b)
Start importing Assets/Prefab/ExtrasHuman/human3.prefab using Guid(aec6cc5e1911e9d4d95d5b55bdc909c1) Importer(815301076,1909f56bfc062723c751e8b465ee728b)  -> (artifact id: '56fc7fe8ccbdaa65eaec5129e71c4777') in 0.034274 seconds 
========================================================================
Received Import Request.
  Time since last request: 0.000028 seconds.
  path: Assets/Prefab/ExtrasHuman/human17.prefab
  artifactKey: Guid(64e1fd3445ff4c345b0a56d04e360d26) Importer(815301076,1909f56bfc062723c751e8b465ee728b)
Start importing Assets/Prefab/ExtrasHuman/human17.prefab using Guid(64e1fd3445ff4c345b0a56d04e360d26) Importer(815301076,1909f56bfc062723c751e8b465ee728b)  -> (artifact id: '9b5fd84d136a53edc0089334eba17b08') in 0.038672 seconds 
========================================================================
Received Import Request.
  Time since last request: 0.000080 seconds.
  path: Assets/Prefab/ExtrasHuman/human13.prefab
  artifactKey: Guid(35c81585d92ad1e44932a7edd323c183) Importer(815301076,1909f56bfc062723c751e8b465ee728b)
Start importing Assets/Prefab/ExtrasHuman/human13.prefab using Guid(35c81585d92ad1e44932a7edd323c183) Importer(815301076,1909f56bfc062723c751e8b465ee728b)  -> (artifact id: '7b09e9aa0bfc0442ebd2fc8a4d82e091') in 0.042310 seconds 
========================================================================
Received Import Request.
  Time since last request: 0.000024 seconds.
  path: Assets/Prefab/ExtrasHuman/human9.prefab
  artifactKey: Guid(dc4b5a9c2c26da646ba150ca3f75cc9d) Importer(815301076,1909f56bfc062723c751e8b465ee728b)
Start importing Assets/Prefab/ExtrasHuman/human9.prefab using Guid(dc4b5a9c2c26da646ba150ca3f75cc9d) Importer(815301076,1909f56bfc062723c751e8b465ee728b)  -> (artifact id: 'bfe2e00f89b1afbe03de804d8c739219') in 0.050978 seconds 
========================================================================
Received Import Request.
  Time since last request: 0.000037 seconds.
  path: Assets/Prefab/ExtrasHuman/human7.prefab
  artifactKey: Guid(84450c54a8058cf499f438c06dafa77a) Importer(815301076,1909f56bfc062723c751e8b465ee728b)
Start importing Assets/Prefab/ExtrasHuman/human7.prefab using Guid(84450c54a8058cf499f438c06dafa77a) Importer(815301076,1909f56bfc062723c751e8b465ee728b)  -> (artifact id: 'b1393da751925f6a326abcbef2eab188') in 0.064564 seconds 
========================================================================
Received Prepare
Registering precompiled user dll's ...
Registered in 0.007771 seconds.
Begin MonoManager ReloadAssembly
Symbol file LoadedFromMemory doesn't match image C:\Users\meles\Desktop\Bar Cooking\Library\PackageCache\com.unity.visualscripting@1.7.5\Editor\VisualScripting.Core\Dependencies\YamlDotNet\Unity.VisualScripting.YamlDotNet.dll
Symbol file LoadedFromMemory doesn't match image C:\Users\meles\Desktop\Bar Cooking\Library\PackageCache\com.unity.visualscripting@1.7.5\Editor\VisualScripting.Core\Dependencies\DotNetZip\Unity.VisualScripting.IonicZip.dll
Native extension for WindowsStandalone target not found
Refreshing native plugins compatible for Editor in 1.21 ms, found 3 plugins.
Preloading 0 native plugins for Editor in 0.00 ms.
Mono: successfully reloaded assembly
- Completed reload, in  1.775 seconds
Domain Reload Profiling:
	ReloadAssembly (1776ms)
		BeginReloadAssembly (195ms)
			ExecutionOrderSort (0ms)
			DisableScriptedObjects (9ms)
			BackupInstance (0ms)
			ReleaseScriptingObjects (0ms)
			CreateAndSetChildDomain (58ms)
		EndReloadAssembly (1443ms)
			LoadAssemblies (105ms)
			RebuildTransferFunctionScriptingTraits (0ms)
			SetupTypeCache (373ms)
			ReleaseScriptCaches (4ms)
			RebuildScriptCaches (82ms)
			SetupLoadedEditorAssemblies (422ms)
				LogAssemblyErrors (0ms)
				InitializePlatformSupportModulesInManaged (23ms)
				SetLoadedEditorAssemblies (1ms)
				RefreshPlugins (1ms)
				BeforeProcessingInitializeOnLoad (84ms)
				ProcessInitializeOnLoadAttributes (278ms)
				ProcessInitializeOnLoadMethodAttributes (25ms)
				AfterProcessingInitializeOnLoad (9ms)
				EditorAssembliesLoaded (0ms)
			ExecutionOrderSort2 (0ms)
			AwakeInstancesAfterBackupRestoration (7ms)
Platform modules already initialized, skipping
Refreshing native plugins compatible for Editor in 1.39 ms, found 3 plugins.
Preloading 0 native plugins for Editor in 0.00 ms.
Unloading 3489 Unused Serialized files (Serialized files now loaded: 0)
Unloading 19 unused Assets / (61.2 KB). Loaded Objects now: 3995.
Memory consumption went from 146.6 MB to 146.6 MB.
Total: 3.179300 ms (FindLiveObjects: 0.293100 ms CreateObjectMapping: 0.208300 ms MarkObjects: 2.605900 ms  DeleteObjects: 0.071100 ms)

AssetImportParameters requested are different than current active one (requested -> active):
  custom:video-decoder-ogg-theora: a1e56fd34408186e4bbccfd4996cb3dc -> 
  custom:container-muxer-webm: aa71ff27fc2769a1b78a27578f13a17b -> 
  custom:container-demuxer-webm: 4f35f7cbe854078d1ac9338744f61a02 -> 
  custom:video-encoder-webm-vp8: eb34c28f22e8b96e1ab97ce403110664 -> 
  custom:audio-encoder-webm-vorbis: bf7c407c2cedff20999df2af8eb42d56 -> 
  custom:framework-win-MediaFoundation: 216162199b28c13a410421893ffa2e32 -> 
  custom:container-demuxer-ogg: 62fdf1f143b41e24485cea50d1cbac27 -> 
  custom:video-decoder-webm-vp8: 9c59270c3fd7afecdb556c50c9e8de78 -> 
  custom:audio-decoder-ogg-vorbis: bf7c407c2cedff20999df2af8eb42d56 -> 
========================================================================
Received Import Request.
  Time since last request: 23.634880 seconds.
  path: Assets/Prefab/ExtrasHuman/human3.prefab
  artifactKey: Guid(aec6cc5e1911e9d4d95d5b55bdc909c1) Importer(815301076,1909f56bfc062723c751e8b465ee728b)
Start importing Assets/Prefab/ExtrasHuman/human3.prefab using Guid(aec6cc5e1911e9d4d95d5b55bdc909c1) Importer(815301076,1909f56bfc062723c751e8b465ee728b)  -> (artifact id: '4a4b26fce98ecfceda3a06de9c82379c') in 0.126649 seconds 
========================================================================
Received Import Request.
  Time since last request: 0.000026 seconds.
  path: Assets/Prefab/ExtrasHuman/human4.prefab
  artifactKey: Guid(bf172c6e0db85364ea66a0df05894cc1) Importer(815301076,1909f56bfc062723c751e8b465ee728b)
Start importing Assets/Prefab/ExtrasHuman/human4.prefab using Guid(bf172c6e0db85364ea66a0df05894cc1) Importer(815301076,1909f56bfc062723c751e8b465ee728b)  -> (artifact id: '934517a011d8a7db01a4638b4ae6463b') in 0.029684 seconds 
========================================================================
Received Import Request.
  Time since last request: 0.000038 seconds.
  path: Assets/Prefab/ExtrasHuman/human10.prefab
  artifactKey: Guid(a1d7faf9e96982f4eb01a545e65a0228) Importer(815301076,1909f56bfc062723c751e8b465ee728b)
Start importing Assets/Prefab/ExtrasHuman/human10.prefab using Guid(a1d7faf9e96982f4eb01a545e65a0228) Importer(815301076,1909f56bfc062723c751e8b465ee728b)  -> (artifact id: 'a8a98beceed57c4fb645fc9085dc97cf') in 0.038300 seconds 
========================================================================
Received Import Request.
  Time since last request: 0.000068 seconds.
  path: Assets/Prefab/ExtrasHuman/human6.prefab
  artifactKey: Guid(cb649b5f25036854e81fe9d210731ef0) Importer(815301076,1909f56bfc062723c751e8b465ee728b)
Start importing Assets/Prefab/ExtrasHuman/human6.prefab using Guid(cb649b5f25036854e81fe9d210731ef0) Importer(815301076,1909f56bfc062723c751e8b465ee728b)  -> (artifact id: 'fb21b9ca1bfbdbd76486ce268315bab4') in 0.045530 seconds 
========================================================================
Received Import Request.
  Time since last request: 0.000032 seconds.
  path: Assets/Prefab/ExtrasHuman/human11.prefab
  artifactKey: Guid(a4860708f1e70e644ba82429367a8434) Importer(815301076,1909f56bfc062723c751e8b465ee728b)
Start importing Assets/Prefab/ExtrasHuman/human11.prefab using Guid(a4860708f1e70e644ba82429367a8434) Importer(815301076,1909f56bfc062723c751e8b465ee728b)  -> (artifact id: 'afde2bbbd81cc6e54aba46bb3f8ebff7') in 0.049217 seconds 
========================================================================
Received Import Request.
  Time since last request: 0.000037 seconds.
  path: Assets/Prefab/ExtrasHuman/human17.prefab
  artifactKey: Guid(64e1fd3445ff4c345b0a56d04e360d26) Importer(815301076,1909f56bfc062723c751e8b465ee728b)
Start importing Assets/Prefab/ExtrasHuman/human17.prefab using Guid(64e1fd3445ff4c345b0a56d04e360d26) Importer(815301076,1909f56bfc062723c751e8b465ee728b)  -> (artifact id: '4436fd9fd7bb4b751e71751c85e86925') in 0.044380 seconds 
========================================================================
Received Import Request.
  Time since last request: 0.000027 seconds.
  path: Assets/Prefab/ExtrasHuman/human18.prefab
  artifactKey: Guid(3e5ebb18e931d2040b3a735c7bd87482) Importer(815301076,1909f56bfc062723c751e8b465ee728b)
Start importing Assets/Prefab/ExtrasHuman/human18.prefab using Guid(3e5ebb18e931d2040b3a735c7bd87482) Importer(815301076,1909f56bfc062723c751e8b465ee728b)  -> (artifact id: '28549404c066ccb79118fd720e5eab8c') in 0.031072 seconds 
========================================================================
Received Import Request.
  Time since last request: 0.000054 seconds.
  path: Assets/Prefab/ExtrasHuman/human7.prefab
  artifactKey: Guid(84450c54a8058cf499f438c06dafa77a) Importer(815301076,1909f56bfc062723c751e8b465ee728b)
Start importing Assets/Prefab/ExtrasHuman/human7.prefab using Guid(84450c54a8058cf499f438c06dafa77a) Importer(815301076,1909f56bfc062723c751e8b465ee728b)  -> (artifact id: 'abb2900d0a15877085f48bc57eeeca66') in 0.027667 seconds 
========================================================================
Received Prepare
Registering precompiled user dll's ...
Registered in 0.009251 seconds.
Begin MonoManager ReloadAssembly
Symbol file LoadedFromMemory doesn't match image C:\Users\meles\Desktop\Bar Cooking\Library\PackageCache\com.unity.visualscripting@1.7.5\Editor\VisualScripting.Core\Dependencies\YamlDotNet\Unity.VisualScripting.YamlDotNet.dll
Symbol file LoadedFromMemory doesn't match image C:\Users\meles\Desktop\Bar Cooking\Library\PackageCache\com.unity.visualscripting@1.7.5\Editor\VisualScripting.Core\Dependencies\DotNetZip\Unity.VisualScripting.IonicZip.dll
Native extension for WindowsStandalone target not found
Refreshing native plugins compatible for Editor in 0.73 ms, found 3 plugins.
Preloading 0 native plugins for Editor in 0.00 ms.
Mono: successfully reloaded assembly
- Completed reload, in  2.053 seconds
Domain Reload Profiling:
	ReloadAssembly (2054ms)
		BeginReloadAssembly (193ms)
			ExecutionOrderSort (0ms)
			DisableScriptedObjects (5ms)
			BackupInstance (0ms)
			ReleaseScriptingObjects (0ms)
			CreateAndSetChildDomain (57ms)
		EndReloadAssembly (1700ms)
			LoadAssemblies (114ms)
			RebuildTransferFunctionScriptingTraits (0ms)
			SetupTypeCache (449ms)
			ReleaseScriptCaches (1ms)
			RebuildScriptCaches (90ms)
			SetupLoadedEditorAssemblies (509ms)
				LogAssemblyErrors (0ms)
				InitializePlatformSupportModulesInManaged (16ms)
				SetLoadedEditorAssemblies (1ms)
				RefreshPlugins (1ms)
				BeforeProcessingInitializeOnLoad (76ms)
				ProcessInitializeOnLoadAttributes (377ms)
				ProcessInitializeOnLoadMethodAttributes (30ms)
				AfterProcessingInitializeOnLoad (9ms)
				EditorAssembliesLoaded (0ms)
			ExecutionOrderSort2 (0ms)
			AwakeInstancesAfterBackupRestoration (13ms)
Platform modules already initialized, skipping
Refreshing native plugins compatible for Editor in 0.62 ms, found 3 plugins.
Preloading 0 native plugins for Editor in 0.00 ms.
Unloading 3489 Unused Serialized files (Serialized files now loaded: 0)
Unloading 19 unused Assets / (61.1 KB). Loaded Objects now: 3998.
Memory consumption went from 146.7 MB to 146.7 MB.
Total: 3.869200 ms (FindLiveObjects: 0.295700 ms CreateObjectMapping: 0.242900 ms MarkObjects: 3.242200 ms  DeleteObjects: 0.087100 ms)

AssetImportParameters requested are different than current active one (requested -> active):
  custom:video-decoder-ogg-theora: a1e56fd34408186e4bbccfd4996cb3dc -> 
  custom:container-muxer-webm: aa71ff27fc2769a1b78a27578f13a17b -> 
  custom:container-demuxer-webm: 4f35f7cbe854078d1ac9338744f61a02 -> 
  custom:video-encoder-webm-vp8: eb34c28f22e8b96e1ab97ce403110664 -> 
  custom:audio-encoder-webm-vorbis: bf7c407c2cedff20999df2af8eb42d56 -> 
  custom:framework-win-MediaFoundation: 216162199b28c13a410421893ffa2e32 -> 
  custom:container-demuxer-ogg: 62fdf1f143b41e24485cea50d1cbac27 -> 
  custom:video-decoder-webm-vp8: 9c59270c3fd7afecdb556c50c9e8de78 -> 
  custom:audio-decoder-ogg-vorbis: bf7c407c2cedff20999df2af8eb42d56 -> 
========================================================================
Received Prepare
Registering precompiled user dll's ...
Registered in 0.007601 seconds.
Begin MonoManager ReloadAssembly
Symbol file LoadedFromMemory doesn't match image C:\Users\meles\Desktop\Bar Cooking\Library\PackageCache\com.unity.visualscripting@1.7.5\Editor\VisualScripting.Core\Dependencies\YamlDotNet\Unity.VisualScripting.YamlDotNet.dll
Symbol file LoadedFromMemory doesn't match image C:\Users\meles\Desktop\Bar Cooking\Library\PackageCache\com.unity.visualscripting@1.7.5\Editor\VisualScripting.Core\Dependencies\DotNetZip\Unity.VisualScripting.IonicZip.dll
Native extension for WindowsStandalone target not found
Refreshing native plugins compatible for Editor in 1.52 ms, found 3 plugins.
Preloading 0 native plugins for Editor in 0.00 ms.
Mono: successfully reloaded assembly
- Completed reload, in  1.742 seconds
Domain Reload Profiling:
	ReloadAssembly (1744ms)
		BeginReloadAssembly (179ms)
			ExecutionOrderSort (0ms)
			DisableScriptedObjects (7ms)
			BackupInstance (0ms)
			ReleaseScriptingObjects (0ms)
			CreateAndSetChildDomain (44ms)
		EndReloadAssembly (1420ms)
			LoadAssemblies (109ms)
			RebuildTransferFunctionScriptingTraits (0ms)
			SetupTypeCache (309ms)
			ReleaseScriptCaches (1ms)
			RebuildScriptCaches (84ms)
			SetupLoadedEditorAssemblies (695ms)
				LogAssemblyErrors (0ms)
				InitializePlatformSupportModulesInManaged (26ms)
				SetLoadedEditorAssemblies (2ms)
				RefreshPlugins (2ms)
				BeforeProcessingInitializeOnLoad (139ms)
				ProcessInitializeOnLoadAttributes (473ms)
				ProcessInitializeOnLoadMethodAttributes (41ms)
				AfterProcessingInitializeOnLoad (12ms)
				EditorAssembliesLoaded (0ms)
			ExecutionOrderSort2 (0ms)
			AwakeInstancesAfterBackupRestoration (10ms)
Platform modules already initialized, skipping
Refreshing native plugins compatible for Editor in 0.80 ms, found 3 plugins.
Preloading 0 native plugins for Editor in 0.00 ms.
Unloading 3489 Unused Serialized files (Serialized files now loaded: 0)
Unloading 19 unused Assets / (69.2 KB). Loaded Objects now: 4000.
Memory consumption went from 146.7 MB to 146.7 MB.
Total: 5.340300 ms (FindLiveObjects: 0.349200 ms CreateObjectMapping: 0.255800 ms MarkObjects: 4.623300 ms  DeleteObjects: 0.110900 ms)

AssetImportParameters requested are different than current active one (requested -> active):
  custom:video-decoder-ogg-theora: a1e56fd34408186e4bbccfd4996cb3dc -> 
  custom:container-muxer-webm: aa71ff27fc2769a1b78a27578f13a17b -> 
  custom:container-demuxer-webm: 4f35f7cbe854078d1ac9338744f61a02 -> 
  custom:video-encoder-webm-vp8: eb34c28f22e8b96e1ab97ce403110664 -> 
  custom:audio-encoder-webm-vorbis: bf7c407c2cedff20999df2af8eb42d56 -> 
  custom:framework-win-MediaFoundation: 216162199b28c13a410421893ffa2e32 -> 
  custom:container-demuxer-ogg: 62fdf1f143b41e24485cea50d1cbac27 -> 
  custom:video-decoder-webm-vp8: 9c59270c3fd7afecdb556c50c9e8de78 -> 
  custom:audio-decoder-ogg-vorbis: bf7c407c2cedff20999df2af8eb42d56 -> 
========================================================================
Received Import Request.
  Time since last request: 74.265088 seconds.
  path: Assets/Prefab/ExtrasHuman/human2.prefab
  artifactKey: Guid(f6dc5f56b58491d44b3416ae93f344b8) Importer(815301076,1909f56bfc062723c751e8b465ee728b)
Start importing Assets/Prefab/ExtrasHuman/human2.prefab using Guid(f6dc5f56b58491d44b3416ae93f344b8) Importer(815301076,1909f56bfc062723c751e8b465ee728b)  -> (artifact id: '845ac4fde8d9aa61da0672e5264a9119') in 0.176602 seconds 
========================================================================
Received Import Request.
  Time since last request: 0.000030 seconds.
  path: Assets/Prefab/ExtrasHuman/human4.prefab
  artifactKey: Guid(bf172c6e0db85364ea66a0df05894cc1) Importer(815301076,1909f56bfc062723c751e8b465ee728b)
Start importing Assets/Prefab/ExtrasHuman/human4.prefab using Guid(bf172c6e0db85364ea66a0df05894cc1) Importer(815301076,1909f56bfc062723c751e8b465ee728b)  -> (artifact id: '1c61b3355273224e8f95eb41b8662aaa') in 0.038218 seconds 
========================================================================
Received Import Request.
  Time since last request: 0.000033 seconds.
  path: Assets/Prefab/ExtrasHuman/human10.prefab
  artifactKey: Guid(a1d7faf9e96982f4eb01a545e65a0228) Importer(815301076,1909f56bfc062723c751e8b465ee728b)
Start importing Assets/Prefab/ExtrasHuman/human10.prefab using Guid(a1d7faf9e96982f4eb01a545e65a0228) Importer(815301076,1909f56bfc062723c751e8b465ee728b)  -> (artifact id: 'ae5a74f2862868dce04c3d93a5cede0b') in 0.040494 seconds 
========================================================================
Received Import Request.
  Time since last request: 0.000026 seconds.
  path: Assets/Prefab/ExtrasHuman/human16.prefab
  artifactKey: Guid(ae8c6510d5a393745a6479484dcf93f5) Importer(815301076,1909f56bfc062723c751e8b465ee728b)
Start importing Assets/Prefab/ExtrasHuman/human16.prefab using Guid(ae8c6510d5a393745a6479484dcf93f5) Importer(815301076,1909f56bfc062723c751e8b465ee728b)  -> (artifact id: '15484b619c0017d2681172be525f2e43') in 0.038582 seconds 
========================================================================
Received Import Request.
  Time since last request: 0.000031 seconds.
  path: Assets/Prefab/ExtrasHuman/human14.prefab
  artifactKey: Guid(fc089b07726cb5446885672669d83558) Importer(815301076,1909f56bfc062723c751e8b465ee728b)
Start importing Assets/Prefab/ExtrasHuman/human14.prefab using Guid(fc089b07726cb5446885672669d83558) Importer(815301076,1909f56bfc062723c751e8b465ee728b)  -> (artifact id: 'aa38c4040716f8958739c62a292ac28f') in 0.034058 seconds 
========================================================================
Received Import Request.
  Time since last request: 0.000029 seconds.
  path: Assets/Prefab/ExtrasHuman/human20.prefab
  artifactKey: Guid(71108b4f0d521d14dbb9f1d9120ab03b) Importer(815301076,1909f56bfc062723c751e8b465ee728b)
Start importing Assets/Prefab/ExtrasHuman/human20.prefab using Guid(71108b4f0d521d14dbb9f1d9120ab03b) Importer(815301076,1909f56bfc062723c751e8b465ee728b)  -> (artifact id: '35fad916d6b6c3a2dff135ea48d9913f') in 0.031873 seconds 
========================================================================
Received Import Request.
  Time since last request: 0.000028 seconds.
  path: Assets/Prefab/ExtrasHuman/human8.prefab
  artifactKey: Guid(2b482898ef854f342968647bcbda162d) Importer(815301076,1909f56bfc062723c751e8b465ee728b)
Start importing Assets/Prefab/ExtrasHuman/human8.prefab using Guid(2b482898ef854f342968647bcbda162d) Importer(815301076,1909f56bfc062723c751e8b465ee728b)  -> (artifact id: 'e64d47b28a949e2fa877a0d3941e9fd5') in 0.041542 seconds 
========================================================================
Received Import Request.
  Time since last request: 0.000029 seconds.
  path: Assets/Prefab/ExtrasHuman/human5.prefab
  artifactKey: Guid(00ece6dc8743c194bb2659f29e0044f6) Importer(815301076,1909f56bfc062723c751e8b465ee728b)
Start importing Assets/Prefab/ExtrasHuman/human5.prefab using Guid(00ece6dc8743c194bb2659f29e0044f6) Importer(815301076,1909f56bfc062723c751e8b465ee728b)  -> (artifact id: '19a7d87e88ca89c1547de50696b651b1') in 0.032300 seconds 
========================================================================
Received Import Request.
  Time since last request: 0.000058 seconds.
  path: Assets/Prefab/ExtrasHuman/human18.prefab
  artifactKey: Guid(3e5ebb18e931d2040b3a735c7bd87482) Importer(815301076,1909f56bfc062723c751e8b465ee728b)
Start importing Assets/Prefab/ExtrasHuman/human18.prefab using Guid(3e5ebb18e931d2040b3a735c7bd87482) Importer(815301076,1909f56bfc062723c751e8b465ee728b)  -> (artifact id: '9e1597fdefbd44fdb43bec26f3c49fcc') in 0.073543 seconds 
========================================================================
Received Import Request.
  Time since last request: 0.000052 seconds.
  path: Assets/Prefab/ExtrasHuman/human15.prefab
  artifactKey: Guid(1eb7dfaf3174aba468e61efad0b382f5) Importer(815301076,1909f56bfc062723c751e8b465ee728b)
Start importing Assets/Prefab/ExtrasHuman/human15.prefab using Guid(1eb7dfaf3174aba468e61efad0b382f5) Importer(815301076,1909f56bfc062723c751e8b465ee728b)  -> (artifact id: '7557295db37bba124e7d7431e6344bb9') in 0.049727 seconds 
========================================================================
Received Import Request.
  Time since last request: 1.456101 seconds.
  path: Assets/Prefab/ExtrasHuman/human2.prefab
  artifactKey: Guid(f6dc5f56b58491d44b3416ae93f344b8) Importer(815301076,1909f56bfc062723c751e8b465ee728b)
Start importing Assets/Prefab/ExtrasHuman/human2.prefab using Guid(f6dc5f56b58491d44b3416ae93f344b8) Importer(815301076,1909f56bfc062723c751e8b465ee728b)  -> (artifact id: 'f10af72258fa6a24122e7015d768adb2') in 0.040468 seconds 
========================================================================
Received Import Request.
  Time since last request: 0.000055 seconds.
  path: Assets/Prefab/ExtrasHuman/human12.prefab
  artifactKey: Guid(a554e1be98548e24ba9d9333e60fdac3) Importer(815301076,1909f56bfc062723c751e8b465ee728b)
Start importing Assets/Prefab/ExtrasHuman/human12.prefab using Guid(a554e1be98548e24ba9d9333e60fdac3) Importer(815301076,1909f56bfc062723c751e8b465ee728b)  -> (artifact id: 'b9ae928980251e5cc35da8d2714d3a37') in 0.041492 seconds 
========================================================================
Received Import Request.
  Time since last request: 0.000038 seconds.
  path: Assets/Prefab/ExtrasHuman/human19.prefab
  artifactKey: Guid(925a5a3698f63fe47aa4f33e4222acab) Importer(815301076,1909f56bfc062723c751e8b465ee728b)
Start importing Assets/Prefab/ExtrasHuman/human19.prefab using Guid(925a5a3698f63fe47aa4f33e4222acab) Importer(815301076,1909f56bfc062723c751e8b465ee728b)  -> (artifact id: 'b68dddbbe5340847c99551613e6f905e') in 0.034624 seconds 
========================================================================
Received Import Request.
  Time since last request: 0.000026 seconds.
  path: Assets/Prefab/ExtrasHuman/human6.prefab
  artifactKey: Guid(cb649b5f25036854e81fe9d210731ef0) Importer(815301076,1909f56bfc062723c751e8b465ee728b)
Start importing Assets/Prefab/ExtrasHuman/human6.prefab using Guid(cb649b5f25036854e81fe9d210731ef0) Importer(815301076,1909f56bfc062723c751e8b465ee728b)  -> (artifact id: 'f7527114af8078f4ec64145e6249a819') in 0.039649 seconds 
========================================================================
Received Import Request.
  Time since last request: 0.000026 seconds.
  path: Assets/Prefab/ExtrasHuman/human11.prefab
  artifactKey: Guid(a4860708f1e70e644ba82429367a8434) Importer(815301076,1909f56bfc062723c751e8b465ee728b)
Start importing Assets/Prefab/ExtrasHuman/human11.prefab using Guid(a4860708f1e70e644ba82429367a8434) Importer(815301076,1909f56bfc062723c751e8b465ee728b)  -> (artifact id: '848b2418fadf8449c52c91cfae55ae94') in 0.045835 seconds 
========================================================================
Received Import Request.
  Time since last request: 0.000032 seconds.
  path: Assets/Prefab/ExtrasHuman/human3.prefab
  artifactKey: Guid(aec6cc5e1911e9d4d95d5b55bdc909c1) Importer(815301076,1909f56bfc062723c751e8b465ee728b)
Start importing Assets/Prefab/ExtrasHuman/human3.prefab using Guid(aec6cc5e1911e9d4d95d5b55bdc909c1) Importer(815301076,1909f56bfc062723c751e8b465ee728b)  -> (artifact id: 'cebe4a37ad63654a7bb013ef7d55f7b3') in 0.070557 seconds 
========================================================================
Received Import Request.
  Time since last request: 0.000039 seconds.
  path: Assets/Prefab/ExtrasHuman/human17.prefab
  artifactKey: Guid(64e1fd3445ff4c345b0a56d04e360d26) Importer(815301076,1909f56bfc062723c751e8b465ee728b)
Start importing Assets/Prefab/ExtrasHuman/human17.prefab using Guid(64e1fd3445ff4c345b0a56d04e360d26) Importer(815301076,1909f56bfc062723c751e8b465ee728b)  -> (artifact id: '19e40ad5c582d067470b73a279a3050a') in 0.041727 seconds 
========================================================================
Received Import Request.
  Time since last request: 0.000035 seconds.
  path: Assets/Prefab/ExtrasHuman/human13.prefab
  artifactKey: Guid(35c81585d92ad1e44932a7edd323c183) Importer(815301076,1909f56bfc062723c751e8b465ee728b)
Start importing Assets/Prefab/ExtrasHuman/human13.prefab using Guid(35c81585d92ad1e44932a7edd323c183) Importer(815301076,1909f56bfc062723c751e8b465ee728b)  -> (artifact id: '403958b533325e2e1075ddb2255027dd') in 0.049179 seconds 
========================================================================
Received Import Request.
  Time since last request: 0.000042 seconds.
  path: Assets/Prefab/ExtrasHuman/human9.prefab
  artifactKey: Guid(dc4b5a9c2c26da646ba150ca3f75cc9d) Importer(815301076,1909f56bfc062723c751e8b465ee728b)
Start importing Assets/Prefab/ExtrasHuman/human9.prefab using Guid(dc4b5a9c2c26da646ba150ca3f75cc9d) Importer(815301076,1909f56bfc062723c751e8b465ee728b)  -> (artifact id: 'b585d23d37b92731ccd9fa6ae32a3af9') in 0.049133 seconds 
========================================================================
Received Import Request.
  Time since last request: 0.000034 seconds.
  path: Assets/Prefab/ExtrasHuman/human7.prefab
  artifactKey: Guid(84450c54a8058cf499f438c06dafa77a) Importer(815301076,1909f56bfc062723c751e8b465ee728b)
Start importing Assets/Prefab/ExtrasHuman/human7.prefab using Guid(84450c54a8058cf499f438c06dafa77a) Importer(815301076,1909f56bfc062723c751e8b465ee728b)  -> (artifact id: '13a4ee38dc40d1f1215fadc22a230e14') in 0.049791 seconds 
========================================================================
Received Prepare
Registering precompiled user dll's ...
Registered in 0.007976 seconds.
Begin MonoManager ReloadAssembly
Symbol file LoadedFromMemory doesn't match image C:\Users\meles\Desktop\Bar Cooking\Library\PackageCache\com.unity.visualscripting@1.7.5\Editor\VisualScripting.Core\Dependencies\YamlDotNet\Unity.VisualScripting.YamlDotNet.dll
Symbol file LoadedFromMemory doesn't match image C:\Users\meles\Desktop\Bar Cooking\Library\PackageCache\com.unity.visualscripting@1.7.5\Editor\VisualScripting.Core\Dependencies\DotNetZip\Unity.VisualScripting.IonicZip.dll
Native extension for WindowsStandalone target not found
Refreshing native plugins compatible for Editor in 0.62 ms, found 3 plugins.
Preloading 0 native plugins for Editor in 0.00 ms.
Mono: successfully reloaded assembly
- Completed reload, in  1.426 seconds
Domain Reload Profiling:
	ReloadAssembly (1428ms)
		BeginReloadAssembly (173ms)
			ExecutionOrderSort (0ms)
			DisableScriptedObjects (6ms)
			BackupInstance (0ms)
			ReleaseScriptingObjects (0ms)
			CreateAndSetChildDomain (50ms)
		EndReloadAssembly (1121ms)
			LoadAssemblies (100ms)
			RebuildTransferFunctionScriptingTraits (0ms)
			SetupTypeCache (344ms)
			ReleaseScriptCaches (2ms)
			RebuildScriptCaches (62ms)
			SetupLoadedEditorAssemblies (459ms)
				LogAssemblyErrors (0ms)
				InitializePlatformSupportModulesInManaged (17ms)
				SetLoadedEditorAssemblies (1ms)
				RefreshPlugins (1ms)
				BeforeProcessingInitializeOnLoad (79ms)
				ProcessInitializeOnLoadAttributes (319ms)
				ProcessInitializeOnLoadMethodAttributes (31ms)
				AfterProcessingInitializeOnLoad (11ms)
				EditorAssembliesLoaded (0ms)
			ExecutionOrderSort2 (0ms)
			AwakeInstancesAfterBackupRestoration (9ms)
Platform modules already initialized, skipping
Refreshing native plugins compatible for Editor in 0.70 ms, found 3 plugins.
Preloading 0 native plugins for Editor in 0.00 ms.
Unloading 3489 Unused Serialized files (Serialized files now loaded: 0)
Unloading 19 unused Assets / (61.2 KB). Loaded Objects now: 4002.
Memory consumption went from 147.0 MB to 146.9 MB.
Total: 3.590900 ms (FindLiveObjects: 0.401000 ms CreateObjectMapping: 0.290300 ms MarkObjects: 2.799800 ms  DeleteObjects: 0.098400 ms)

AssetImportParameters requested are different than current active one (requested -> active):
  custom:video-decoder-ogg-theora: a1e56fd34408186e4bbccfd4996cb3dc -> 
  custom:container-muxer-webm: aa71ff27fc2769a1b78a27578f13a17b -> 
  custom:container-demuxer-webm: 4f35f7cbe854078d1ac9338744f61a02 -> 
  custom:video-encoder-webm-vp8: eb34c28f22e8b96e1ab97ce403110664 -> 
  custom:audio-encoder-webm-vorbis: bf7c407c2cedff20999df2af8eb42d56 -> 
  custom:framework-win-MediaFoundation: 216162199b28c13a410421893ffa2e32 -> 
  custom:container-demuxer-ogg: 62fdf1f143b41e24485cea50d1cbac27 -> 
  custom:video-decoder-webm-vp8: 9c59270c3fd7afecdb556c50c9e8de78 -> 
  custom:audio-decoder-ogg-vorbis: bf7c407c2cedff20999df2af8eb42d56 -> 
========================================================================
Received Prepare
Registering precompiled user dll's ...
Registered in 0.009605 seconds.
Begin MonoManager ReloadAssembly
Symbol file LoadedFromMemory doesn't match image C:\Users\meles\Desktop\Bar Cooking\Library\PackageCache\com.unity.visualscripting@1.7.5\Editor\VisualScripting.Core\Dependencies\YamlDotNet\Unity.VisualScripting.YamlDotNet.dll
Symbol file LoadedFromMemory doesn't match image C:\Users\meles\Desktop\Bar Cooking\Library\PackageCache\com.unity.visualscripting@1.7.5\Editor\VisualScripting.Core\Dependencies\DotNetZip\Unity.VisualScripting.IonicZip.dll
Native extension for WindowsStandalone target not found
Refreshing native plugins compatible for Editor in 1.54 ms, found 3 plugins.
Preloading 0 native plugins for Editor in 0.00 ms.
Mono: successfully reloaded assembly
- Completed reload, in  1.725 seconds
Domain Reload Profiling:
	ReloadAssembly (1727ms)
		BeginReloadAssembly (220ms)
			ExecutionOrderSort (0ms)
			DisableScriptedObjects (10ms)
			BackupInstance (0ms)
			ReleaseScriptingObjects (0ms)
			CreateAndSetChildDomain (57ms)
		EndReloadAssembly (1359ms)
			LoadAssemblies (125ms)
			RebuildTransferFunctionScriptingTraits (0ms)
			SetupTypeCache (293ms)
			ReleaseScriptCaches (2ms)
			RebuildScriptCaches (71ms)
			SetupLoadedEditorAssemblies (659ms)
				LogAssemblyErrors (0ms)
				InitializePlatformSupportModulesInManaged (25ms)
				SetLoadedEditorAssemblies (1ms)
				RefreshPlugins (2ms)
				BeforeProcessingInitializeOnLoad (127ms)
				ProcessInitializeOnLoadAttributes (450ms)
				ProcessInitializeOnLoadMethodAttributes (42ms)
				AfterProcessingInitializeOnLoad (12ms)
				EditorAssembliesLoaded (0ms)
			ExecutionOrderSort2 (0ms)
			AwakeInstancesAfterBackupRestoration (13ms)
Platform modules already initialized, skipping
Refreshing native plugins compatible for Editor in 1.86 ms, found 3 plugins.
Preloading 0 native plugins for Editor in 0.00 ms.
Unloading 3489 Unused Serialized files (Serialized files now loaded: 0)
Unloading 19 unused Assets / (61.1 KB). Loaded Objects now: 4004.
Memory consumption went from 147.0 MB to 147.0 MB.
Total: 6.135200 ms (FindLiveObjects: 1.462000 ms CreateObjectMapping: 0.570000 ms MarkObjects: 3.986700 ms  DeleteObjects: 0.114100 ms)

AssetImportParameters requested are different than current active one (requested -> active):
  custom:video-decoder-ogg-theora: a1e56fd34408186e4bbccfd4996cb3dc -> 
  custom:container-muxer-webm: aa71ff27fc2769a1b78a27578f13a17b -> 
  custom:container-demuxer-webm: 4f35f7cbe854078d1ac9338744f61a02 -> 
  custom:video-encoder-webm-vp8: eb34c28f22e8b96e1ab97ce403110664 -> 
  custom:audio-encoder-webm-vorbis: bf7c407c2cedff20999df2af8eb42d56 -> 
  custom:framework-win-MediaFoundation: 216162199b28c13a410421893ffa2e32 -> 
  custom:container-demuxer-ogg: 62fdf1f143b41e24485cea50d1cbac27 -> 
  custom:video-decoder-webm-vp8: 9c59270c3fd7afecdb556c50c9e8de78 -> 
  custom:audio-decoder-ogg-vorbis: bf7c407c2cedff20999df2af8eb42d56 -> 
========================================================================
Received Import Request.
  Time since last request: 113.974923 seconds.
  path: Assets/Prefab/ExtrasHuman/human2.prefab
  artifactKey: Guid(f6dc5f56b58491d44b3416ae93f344b8) Importer(815301076,1909f56bfc062723c751e8b465ee728b)
Start importing Assets/Prefab/ExtrasHuman/human2.prefab using Guid(f6dc5f56b58491d44b3416ae93f344b8) Importer(815301076,1909f56bfc062723c751e8b465ee728b)  -> (artifact id: 'aed85b815618db4476c52bfd37149a3d') in 0.161854 seconds 
========================================================================
Received Import Request.
  Time since last request: 0.000026 seconds.
  path: Assets/Prefab/ExtrasHuman/human4.prefab
  artifactKey: Guid(bf172c6e0db85364ea66a0df05894cc1) Importer(815301076,1909f56bfc062723c751e8b465ee728b)
Start importing Assets/Prefab/ExtrasHuman/human4.prefab using Guid(bf172c6e0db85364ea66a0df05894cc1) Importer(815301076,1909f56bfc062723c751e8b465ee728b)  -> (artifact id: '2ee40f8285d8ca7a50f65ab88d7276e5') in 0.042924 seconds 
========================================================================
Received Import Request.
  Time since last request: 0.000036 seconds.
  path: Assets/Prefab/ExtrasHuman/human12.prefab
  artifactKey: Guid(a554e1be98548e24ba9d9333e60fdac3) Importer(815301076,1909f56bfc062723c751e8b465ee728b)
Start importing Assets/Prefab/ExtrasHuman/human12.prefab using Guid(a554e1be98548e24ba9d9333e60fdac3) Importer(815301076,1909f56bfc062723c751e8b465ee728b)  -> (artifact id: '32550bb89ae2ad8a9a0a0e4e4db21f00') in 0.037377 seconds 
========================================================================
Received Import Request.
  Time since last request: 0.000028 seconds.
  path: Assets/Prefab/ExtrasHuman/human10.prefab
  artifactKey: Guid(a1d7faf9e96982f4eb01a545e65a0228) Importer(815301076,1909f56bfc062723c751e8b465ee728b)
Start importing Assets/Prefab/ExtrasHuman/human10.prefab using Guid(a1d7faf9e96982f4eb01a545e65a0228) Importer(815301076,1909f56bfc062723c751e8b465ee728b)  -> (artifact id: '9ca7b41975d273dc6ed873ae0a5dbf53') in 0.036372 seconds 
========================================================================
Received Import Request.
  Time since last request: 0.000037 seconds.
  path: Assets/Prefab/ExtrasHuman/human16.prefab
  artifactKey: Guid(ae8c6510d5a393745a6479484dcf93f5) Importer(815301076,1909f56bfc062723c751e8b465ee728b)
Start importing Assets/Prefab/ExtrasHuman/human16.prefab using Guid(ae8c6510d5a393745a6479484dcf93f5) Importer(815301076,1909f56bfc062723c751e8b465ee728b)  -> (artifact id: 'eb3bdcbbb7bcf97f493185a4781251e7') in 0.036076 seconds 
========================================================================
Received Import Request.
  Time since last request: 0.000024 seconds.
  path: Assets/Prefab/ExtrasHuman/human14.prefab
  artifactKey: Guid(fc089b07726cb5446885672669d83558) Importer(815301076,1909f56bfc062723c751e8b465ee728b)
Start importing Assets/Prefab/ExtrasHuman/human14.prefab using Guid(fc089b07726cb5446885672669d83558) Importer(815301076,1909f56bfc062723c751e8b465ee728b)  -> (artifact id: '62a92a1c0cd8745f5477c22e17303f87') in 0.033234 seconds 
========================================================================
Received Import Request.
  Time since last request: 0.000026 seconds.
  path: Assets/Prefab/ExtrasHuman/human20.prefab
  artifactKey: Guid(71108b4f0d521d14dbb9f1d9120ab03b) Importer(815301076,1909f56bfc062723c751e8b465ee728b)
Start importing Assets/Prefab/ExtrasHuman/human20.prefab using Guid(71108b4f0d521d14dbb9f1d9120ab03b) Importer(815301076,1909f56bfc062723c751e8b465ee728b)  -> (artifact id: '2589c57921a2ec2778380f7cb442ae4f') in 0.040407 seconds 
========================================================================
Received Import Request.
  Time since last request: 0.000036 seconds.
  path: Assets/Prefab/ExtrasHuman/human3.prefab
  artifactKey: Guid(aec6cc5e1911e9d4d95d5b55bdc909c1) Importer(815301076,1909f56bfc062723c751e8b465ee728b)
Start importing Assets/Prefab/ExtrasHuman/human3.prefab using Guid(aec6cc5e1911e9d4d95d5b55bdc909c1) Importer(815301076,1909f56bfc062723c751e8b465ee728b)  -> (artifact id: 'd82be9445fd463d318319c4c087bc872') in 0.038071 seconds 
========================================================================
Received Import Request.
  Time since last request: 0.000047 seconds.
  path: Assets/Prefab/ExtrasHuman/human17.prefab
  artifactKey: Guid(64e1fd3445ff4c345b0a56d04e360d26) Importer(815301076,1909f56bfc062723c751e8b465ee728b)
Start importing Assets/Prefab/ExtrasHuman/human17.prefab using Guid(64e1fd3445ff4c345b0a56d04e360d26) Importer(815301076,1909f56bfc062723c751e8b465ee728b)  -> (artifact id: '6c96ad40ea278ad6640f0278e71f3bff') in 0.080561 seconds 
========================================================================
Received Import Request.
  Time since last request: 0.000051 seconds.
  path: Assets/Prefab/ExtrasHuman/human13.prefab
  artifactKey: Guid(35c81585d92ad1e44932a7edd323c183) Importer(815301076,1909f56bfc062723c751e8b465ee728b)
Start importing Assets/Prefab/ExtrasHuman/human13.prefab using Guid(35c81585d92ad1e44932a7edd323c183) Importer(815301076,1909f56bfc062723c751e8b465ee728b)  -> (artifact id: 'f22a8ece9b3f67da033f6b2eaba799cd') in 0.043752 seconds 
========================================================================
Received Import Request.
  Time since last request: 0.000030 seconds.
  path: Assets/Prefab/ExtrasHuman/human9.prefab
  artifactKey: Guid(dc4b5a9c2c26da646ba150ca3f75cc9d) Importer(815301076,1909f56bfc062723c751e8b465ee728b)
Start importing Assets/Prefab/ExtrasHuman/human9.prefab using Guid(dc4b5a9c2c26da646ba150ca3f75cc9d) Importer(815301076,1909f56bfc062723c751e8b465ee728b)  -> (artifact id: '5a5370d0535acd7c00e4a4eb882881d7') in 0.049646 seconds 
========================================================================
Received Import Request.
  Time since last request: 0.000036 seconds.
  path: Assets/Prefab/ExtrasHuman/human7.prefab
  artifactKey: Guid(84450c54a8058cf499f438c06dafa77a) Importer(815301076,1909f56bfc062723c751e8b465ee728b)
Start importing Assets/Prefab/ExtrasHuman/human7.prefab using Guid(84450c54a8058cf499f438c06dafa77a) Importer(815301076,1909f56bfc062723c751e8b465ee728b)  -> (artifact id: '9f77db56ff61a7c5aee71a870126655f') in 0.067789 seconds 
========================================================================
Received Prepare
Registering precompiled user dll's ...
Registered in 0.011698 seconds.
Begin MonoManager ReloadAssembly
Symbol file LoadedFromMemory doesn't match image C:\Users\meles\Desktop\Bar Cooking\Library\PackageCache\com.unity.visualscripting@1.7.5\Editor\VisualScripting.Core\Dependencies\YamlDotNet\Unity.VisualScripting.YamlDotNet.dll
Symbol file LoadedFromMemory doesn't match image C:\Users\meles\Desktop\Bar Cooking\Library\PackageCache\com.unity.visualscripting@1.7.5\Editor\VisualScripting.Core\Dependencies\DotNetZip\Unity.VisualScripting.IonicZip.dll
Native extension for WindowsStandalone target not found
Refreshing native plugins compatible for Editor in 1.65 ms, found 3 plugins.
Preloading 0 native plugins for Editor in 0.00 ms.
Mono: successfully reloaded assembly
- Completed reload, in  1.787 seconds
Domain Reload Profiling:
	ReloadAssembly (1788ms)
		BeginReloadAssembly (234ms)
			ExecutionOrderSort (0ms)
			DisableScriptedObjects (8ms)
			BackupInstance (0ms)
			ReleaseScriptingObjects (0ms)
			CreateAndSetChildDomain (60ms)
		EndReloadAssembly (1368ms)
			LoadAssemblies (144ms)
			RebuildTransferFunctionScriptingTraits (0ms)
			SetupTypeCache (353ms)
			ReleaseScriptCaches (2ms)
			RebuildScriptCaches (61ms)
			SetupLoadedEditorAssemblies (611ms)
				LogAssemblyErrors (0ms)
				InitializePlatformSupportModulesInManaged (24ms)
				SetLoadedEditorAssemblies (1ms)
				RefreshPlugins (2ms)
				BeforeProcessingInitializeOnLoad (123ms)
				ProcessInitializeOnLoadAttributes (402ms)
				ProcessInitializeOnLoadMethodAttributes (49ms)
				AfterProcessingInitializeOnLoad (11ms)
				EditorAssembliesLoaded (0ms)
			ExecutionOrderSort2 (0ms)
			AwakeInstancesAfterBackupRestoration (10ms)
Platform modules already initialized, skipping
Refreshing native plugins compatible for Editor in 2.36 ms, found 3 plugins.
Preloading 0 native plugins for Editor in 0.00 ms.
Unloading 3489 Unused Serialized files (Serialized files now loaded: 0)
Unloading 19 unused Assets / (61.3 KB). Loaded Objects now: 4006.
Memory consumption went from 147.0 MB to 147.0 MB.
Total: 5.056000 ms (FindLiveObjects: 0.423100 ms CreateObjectMapping: 0.323200 ms MarkObjects: 4.144900 ms  DeleteObjects: 0.162900 ms)

AssetImportParameters requested are different than current active one (requested -> active):
  custom:video-decoder-ogg-theora: a1e56fd34408186e4bbccfd4996cb3dc -> 
  custom:container-muxer-webm: aa71ff27fc2769a1b78a27578f13a17b -> 
  custom:container-demuxer-webm: 4f35f7cbe854078d1ac9338744f61a02 -> 
  custom:video-encoder-webm-vp8: eb34c28f22e8b96e1ab97ce403110664 -> 
  custom:audio-encoder-webm-vorbis: bf7c407c2cedff20999df2af8eb42d56 -> 
  custom:framework-win-MediaFoundation: 216162199b28c13a410421893ffa2e32 -> 
  custom:container-demuxer-ogg: 62fdf1f143b41e24485cea50d1cbac27 -> 
  custom:video-decoder-webm-vp8: 9c59270c3fd7afecdb556c50c9e8de78 -> 
  custom:audio-decoder-ogg-vorbis: bf7c407c2cedff20999df2af8eb42d56 -> 
========================================================================
Received Prepare
Registering precompiled user dll's ...
Registered in 0.009495 seconds.
Begin MonoManager ReloadAssembly
Symbol file LoadedFromMemory doesn't match image C:\Users\meles\Desktop\Bar Cooking\Library\PackageCache\com.unity.visualscripting@1.7.5\Editor\VisualScripting.Core\Dependencies\YamlDotNet\Unity.VisualScripting.YamlDotNet.dll
Symbol file LoadedFromMemory doesn't match image C:\Users\meles\Desktop\Bar Cooking\Library\PackageCache\com.unity.visualscripting@1.7.5\Editor\VisualScripting.Core\Dependencies\DotNetZip\Unity.VisualScripting.IonicZip.dll
Native extension for WindowsStandalone target not found
Refreshing native plugins compatible for Editor in 0.80 ms, found 3 plugins.
Preloading 0 native plugins for Editor in 0.00 ms.
Mono: successfully reloaded assembly
- Completed reload, in  1.939 seconds
Domain Reload Profiling:
	ReloadAssembly (1941ms)
		BeginReloadAssembly (232ms)
			ExecutionOrderSort (0ms)
			DisableScriptedObjects (9ms)
			BackupInstance (0ms)
			ReleaseScriptingObjects (0ms)
			CreateAndSetChildDomain (55ms)
		EndReloadAssembly (1539ms)
			LoadAssemblies (138ms)
			RebuildTransferFunctionScriptingTraits (0ms)
			SetupTypeCache (406ms)
			ReleaseScriptCaches (2ms)
			RebuildScriptCaches (75ms)
			SetupLoadedEditorAssemblies (721ms)
				LogAssemblyErrors (0ms)
				InitializePlatformSupportModulesInManaged (25ms)
				SetLoadedEditorAssemblies (1ms)
				RefreshPlugins (1ms)
				BeforeProcessingInitializeOnLoad (124ms)
				ProcessInitializeOnLoadAttributes (507ms)
				ProcessInitializeOnLoadMethodAttributes (51ms)
				AfterProcessingInitializeOnLoad (13ms)
				EditorAssembliesLoaded (0ms)
			ExecutionOrderSort2 (0ms)
			AwakeInstancesAfterBackupRestoration (12ms)
Platform modules already initialized, skipping
Refreshing native plugins compatible for Editor in 0.95 ms, found 3 plugins.
Preloading 0 native plugins for Editor in 0.00 ms.
Unloading 3489 Unused Serialized files (Serialized files now loaded: 0)
Unloading 19 unused Assets / (85.1 KB). Loaded Objects now: 4008.
Memory consumption went from 147.1 MB to 147.0 MB.
Total: 6.106100 ms (FindLiveObjects: 0.395600 ms CreateObjectMapping: 0.349500 ms MarkObjects: 5.243600 ms  DeleteObjects: 0.116200 ms)

AssetImportParameters requested are different than current active one (requested -> active):
  custom:video-decoder-ogg-theora: a1e56fd34408186e4bbccfd4996cb3dc -> 
  custom:container-muxer-webm: aa71ff27fc2769a1b78a27578f13a17b -> 
  custom:container-demuxer-webm: 4f35f7cbe854078d1ac9338744f61a02 -> 
  custom:video-encoder-webm-vp8: eb34c28f22e8b96e1ab97ce403110664 -> 
  custom:audio-encoder-webm-vorbis: bf7c407c2cedff20999df2af8eb42d56 -> 
  custom:framework-win-MediaFoundation: 216162199b28c13a410421893ffa2e32 -> 
  custom:container-demuxer-ogg: 62fdf1f143b41e24485cea50d1cbac27 -> 
  custom:video-decoder-webm-vp8: 9c59270c3fd7afecdb556c50c9e8de78 -> 
  custom:audio-decoder-ogg-vorbis: bf7c407c2cedff20999df2af8eb42d56 -> 
========================================================================
Received Prepare
Registering precompiled user dll's ...
Registered in 0.006582 seconds.
Begin MonoManager ReloadAssembly
Symbol file LoadedFromMemory doesn't match image C:\Users\meles\Desktop\Bar Cooking\Library\PackageCache\com.unity.visualscripting@1.7.5\Editor\VisualScripting.Core\Dependencies\YamlDotNet\Unity.VisualScripting.YamlDotNet.dll
Symbol file LoadedFromMemory doesn't match image C:\Users\meles\Desktop\Bar Cooking\Library\PackageCache\com.unity.visualscripting@1.7.5\Editor\VisualScripting.Core\Dependencies\DotNetZip\Unity.VisualScripting.IonicZip.dll
Native extension for WindowsStandalone target not found
Refreshing native plugins compatible for Editor in 1.88 ms, found 3 plugins.
Preloading 0 native plugins for Editor in 0.00 ms.
Mono: successfully reloaded assembly
- Completed reload, in  1.265 seconds
Domain Reload Profiling:
	ReloadAssembly (1266ms)
		BeginReloadAssembly (172ms)
			ExecutionOrderSort (0ms)
			DisableScriptedObjects (8ms)
			BackupInstance (0ms)
			ReleaseScriptingObjects (0ms)
			CreateAndSetChildDomain (44ms)
		EndReloadAssembly (974ms)
			LoadAssemblies (93ms)
			RebuildTransferFunctionScriptingTraits (0ms)
			SetupTypeCache (277ms)
			ReleaseScriptCaches (2ms)
			RebuildScriptCaches (55ms)
			SetupLoadedEditorAssemblies (412ms)
				LogAssemblyErrors (0ms)
				InitializePlatformSupportModulesInManaged (21ms)
				SetLoadedEditorAssemblies (1ms)
				RefreshPlugins (2ms)
				BeforeProcessingInitializeOnLoad (90ms)
				ProcessInitializeOnLoadAttributes (263ms)
				ProcessInitializeOnLoadMethodAttributes (28ms)
				AfterProcessingInitializeOnLoad (7ms)
				EditorAssembliesLoaded (0ms)
			ExecutionOrderSort2 (0ms)
			AwakeInstancesAfterBackupRestoration (6ms)
Platform modules already initialized, skipping
Refreshing native plugins compatible for Editor in 0.99 ms, found 3 plugins.
Preloading 0 native plugins for Editor in 0.00 ms.
Unloading 3489 Unused Serialized files (Serialized files now loaded: 0)
Unloading 19 unused Assets / (85.0 KB). Loaded Objects now: 4010.
Memory consumption went from 147.1 MB to 147.0 MB.
Total: 4.018300 ms (FindLiveObjects: 0.951700 ms CreateObjectMapping: 0.296600 ms MarkObjects: 2.691300 ms  DeleteObjects: 0.078100 ms)

AssetImportParameters requested are different than current active one (requested -> active):
  custom:video-decoder-ogg-theora: a1e56fd34408186e4bbccfd4996cb3dc -> 
  custom:container-muxer-webm: aa71ff27fc2769a1b78a27578f13a17b -> 
  custom:container-demuxer-webm: 4f35f7cbe854078d1ac9338744f61a02 -> 
  custom:video-encoder-webm-vp8: eb34c28f22e8b96e1ab97ce403110664 -> 
  custom:audio-encoder-webm-vorbis: bf7c407c2cedff20999df2af8eb42d56 -> 
  custom:framework-win-MediaFoundation: 216162199b28c13a410421893ffa2e32 -> 
  custom:container-demuxer-ogg: 62fdf1f143b41e24485cea50d1cbac27 -> 
  custom:video-decoder-webm-vp8: 9c59270c3fd7afecdb556c50c9e8de78 -> 
  custom:audio-decoder-ogg-vorbis: bf7c407c2cedff20999df2af8eb42d56 -> 
========================================================================
Received Prepare
Registering precompiled user dll's ...
Registered in 0.009317 seconds.
Begin MonoManager ReloadAssembly
Symbol file LoadedFromMemory doesn't match image C:\Users\meles\Desktop\Bar Cooking\Library\PackageCache\com.unity.visualscripting@1.7.5\Editor\VisualScripting.Core\Dependencies\YamlDotNet\Unity.VisualScripting.YamlDotNet.dll
Symbol file LoadedFromMemory doesn't match image C:\Users\meles\Desktop\Bar Cooking\Library\PackageCache\com.unity.visualscripting@1.7.5\Editor\VisualScripting.Core\Dependencies\DotNetZip\Unity.VisualScripting.IonicZip.dll
Native extension for WindowsStandalone target not found
Refreshing native plugins compatible for Editor in 0.71 ms, found 3 plugins.
Preloading 0 native plugins for Editor in 0.00 ms.
Mono: successfully reloaded assembly
- Completed reload, in  1.503 seconds
Domain Reload Profiling:
	ReloadAssembly (1504ms)
		BeginReloadAssembly (181ms)
			ExecutionOrderSort (0ms)
			DisableScriptedObjects (6ms)
			BackupInstance (0ms)
			ReleaseScriptingObjects (0ms)
			CreateAndSetChildDomain (43ms)
		EndReloadAssembly (1183ms)
			LoadAssemblies (112ms)
			RebuildTransferFunctionScriptingTraits (0ms)
			SetupTypeCache (249ms)
			ReleaseScriptCaches (3ms)
			RebuildScriptCaches (53ms)
			SetupLoadedEditorAssemblies (648ms)
				LogAssemblyErrors (0ms)
				InitializePlatformSupportModulesInManaged (19ms)
				SetLoadedEditorAssemblies (1ms)
				RefreshPlugins (1ms)
				BeforeProcessingInitializeOnLoad (97ms)
				ProcessInitializeOnLoadAttributes (475ms)
				ProcessInitializeOnLoadMethodAttributes (46ms)
				AfterProcessingInitializeOnLoad (9ms)
				EditorAssembliesLoaded (0ms)
			ExecutionOrderSort2 (0ms)
			AwakeInstancesAfterBackupRestoration (10ms)
Platform modules already initialized, skipping
Refreshing native plugins compatible for Editor in 1.37 ms, found 3 plugins.
Preloading 0 native plugins for Editor in 0.00 ms.
Unloading 3489 Unused Serialized files (Serialized files now loaded: 0)
Unloading 19 unused Assets / (61.2 KB). Loaded Objects now: 4012.
Memory consumption went from 147.0 MB to 147.0 MB.
Total: 5.609200 ms (FindLiveObjects: 0.342400 ms CreateObjectMapping: 0.298600 ms MarkObjects: 4.559100 ms  DeleteObjects: 0.405800 ms)

AssetImportParameters requested are different than current active one (requested -> active):
  custom:video-decoder-ogg-theora: a1e56fd34408186e4bbccfd4996cb3dc -> 
  custom:container-muxer-webm: aa71ff27fc2769a1b78a27578f13a17b -> 
  custom:container-demuxer-webm: 4f35f7cbe854078d1ac9338744f61a02 -> 
  custom:video-encoder-webm-vp8: eb34c28f22e8b96e1ab97ce403110664 -> 
  custom:audio-encoder-webm-vorbis: bf7c407c2cedff20999df2af8eb42d56 -> 
  custom:framework-win-MediaFoundation: 216162199b28c13a410421893ffa2e32 -> 
  custom:container-demuxer-ogg: 62fdf1f143b41e24485cea50d1cbac27 -> 
  custom:video-decoder-webm-vp8: 9c59270c3fd7afecdb556c50c9e8de78 -> 
  custom:audio-decoder-ogg-vorbis: bf7c407c2cedff20999df2af8eb42d56 -> 
========================================================================
Received Import Request.
  Time since last request: 231.520151 seconds.
  path: Assets/Prefab/ExtrasHuman/human2.prefab
  artifactKey: Guid(f6dc5f56b58491d44b3416ae93f344b8) Importer(815301076,1909f56bfc062723c751e8b465ee728b)
Start importing Assets/Prefab/ExtrasHuman/human2.prefab using Guid(f6dc5f56b58491d44b3416ae93f344b8) Importer(815301076,1909f56bfc062723c751e8b465ee728b)  -> (artifact id: 'c801cf461cdb096e50031ac51a03281a') in 0.141966 seconds 
========================================================================
Received Import Request.
  Time since last request: 0.000035 seconds.
  path: Assets/Prefab/ExtrasHuman/human4.prefab
  artifactKey: Guid(bf172c6e0db85364ea66a0df05894cc1) Importer(815301076,1909f56bfc062723c751e8b465ee728b)
Start importing Assets/Prefab/ExtrasHuman/human4.prefab using Guid(bf172c6e0db85364ea66a0df05894cc1) Importer(815301076,1909f56bfc062723c751e8b465ee728b)  -> (artifact id: '8fca96b80203550086fe2a40404220fc') in 0.027812 seconds 
========================================================================
Received Import Request.
  Time since last request: 0.000036 seconds.
  path: Assets/Prefab/ExtrasHuman/human12.prefab
  artifactKey: Guid(a554e1be98548e24ba9d9333e60fdac3) Importer(815301076,1909f56bfc062723c751e8b465ee728b)
Start importing Assets/Prefab/ExtrasHuman/human12.prefab using Guid(a554e1be98548e24ba9d9333e60fdac3) Importer(815301076,1909f56bfc062723c751e8b465ee728b)  -> (artifact id: 'd0bf56f3c60820d03d3b9cbad89d6e72') in 0.027137 seconds 
========================================================================
Received Import Request.
  Time since last request: 0.000019 seconds.
  path: Assets/Prefab/ExtrasHuman/human10.prefab
  artifactKey: Guid(a1d7faf9e96982f4eb01a545e65a0228) Importer(815301076,1909f56bfc062723c751e8b465ee728b)
Start importing Assets/Prefab/ExtrasHuman/human10.prefab using Guid(a1d7faf9e96982f4eb01a545e65a0228) Importer(815301076,1909f56bfc062723c751e8b465ee728b)  -> (artifact id: '86f38deb58cdfc39bc80791444ab1c08') in 0.031254 seconds 
========================================================================
Received Import Request.
  Time since last request: 0.000029 seconds.
  path: Assets/Prefab/ExtrasHuman/human16.prefab
  artifactKey: Guid(ae8c6510d5a393745a6479484dcf93f5) Importer(815301076,1909f56bfc062723c751e8b465ee728b)
Start importing Assets/Prefab/ExtrasHuman/human16.prefab using Guid(ae8c6510d5a393745a6479484dcf93f5) Importer(815301076,1909f56bfc062723c751e8b465ee728b)  -> (artifact id: '025152f254b1d4bb0b12f429bdf158a9') in 0.032280 seconds 
========================================================================
Received Import Request.
  Time since last request: 0.000034 seconds.
  path: Assets/Prefab/ExtrasHuman/human14.prefab
  artifactKey: Guid(fc089b07726cb5446885672669d83558) Importer(815301076,1909f56bfc062723c751e8b465ee728b)
Start importing Assets/Prefab/ExtrasHuman/human14.prefab using Guid(fc089b07726cb5446885672669d83558) Importer(815301076,1909f56bfc062723c751e8b465ee728b)  -> (artifact id: '995c8dc0d4bfa291b4ab3e1b5a88229f') in 0.029911 seconds 
========================================================================
Received Import Request.
  Time since last request: 0.000025 seconds.
  path: Assets/Prefab/ExtrasHuman/human20.prefab
  artifactKey: Guid(71108b4f0d521d14dbb9f1d9120ab03b) Importer(815301076,1909f56bfc062723c751e8b465ee728b)
Start importing Assets/Prefab/ExtrasHuman/human20.prefab using Guid(71108b4f0d521d14dbb9f1d9120ab03b) Importer(815301076,1909f56bfc062723c751e8b465ee728b)  -> (artifact id: 'e3402a481ede8d92d1e4d77502e79479') in 0.035848 seconds 
========================================================================
Received Import Request.
  Time since last request: 0.000068 seconds.
  path: Assets/Prefab/ExtrasHuman/human8.prefab
  artifactKey: Guid(2b482898ef854f342968647bcbda162d) Importer(815301076,1909f56bfc062723c751e8b465ee728b)
Start importing Assets/Prefab/ExtrasHuman/human8.prefab using Guid(2b482898ef854f342968647bcbda162d) Importer(815301076,1909f56bfc062723c751e8b465ee728b)  -> (artifact id: 'cd5f40567a1c4c180204a15d4ef9f58f') in 0.054537 seconds 
========================================================================
Received Import Request.
  Time since last request: 0.000046 seconds.
  path: Assets/Prefab/ExtrasHuman/human5.prefab
  artifactKey: Guid(00ece6dc8743c194bb2659f29e0044f6) Importer(815301076,1909f56bfc062723c751e8b465ee728b)
Start importing Assets/Prefab/ExtrasHuman/human5.prefab using Guid(00ece6dc8743c194bb2659f29e0044f6) Importer(815301076,1909f56bfc062723c751e8b465ee728b)  -> (artifact id: '9aec0461d76a72c0467a7a23eb99982c') in 0.037346 seconds 
========================================================================
Received Import Request.
  Time since last request: 0.000029 seconds.
  path: Assets/Prefab/ExtrasHuman/human18.prefab
  artifactKey: Guid(3e5ebb18e931d2040b3a735c7bd87482) Importer(815301076,1909f56bfc062723c751e8b465ee728b)
Start importing Assets/Prefab/ExtrasHuman/human18.prefab using Guid(3e5ebb18e931d2040b3a735c7bd87482) Importer(815301076,1909f56bfc062723c751e8b465ee728b)  -> (artifact id: '7a8916ec2c57899c0f58fa670d971cc8') in 0.036054 seconds 
========================================================================
Received Import Request.
  Time since last request: 0.000048 seconds.
  path: Assets/Prefab/ExtrasHuman/human15.prefab
  artifactKey: Guid(1eb7dfaf3174aba468e61efad0b382f5) Importer(815301076,1909f56bfc062723c751e8b465ee728b)
Start importing Assets/Prefab/ExtrasHuman/human15.prefab using Guid(1eb7dfaf3174aba468e61efad0b382f5) Importer(815301076,1909f56bfc062723c751e8b465ee728b)  -> (artifact id: '2476a53d2d60d46f6ebc8150ac8dfa81') in 0.046688 seconds 
========================================================================
Received Prepare
Registering precompiled user dll's ...
Registered in 0.010462 seconds.
Begin MonoManager ReloadAssembly
Symbol file LoadedFromMemory doesn't match image C:\Users\meles\Desktop\Bar Cooking\Library\PackageCache\com.unity.visualscripting@1.7.5\Editor\VisualScripting.Core\Dependencies\YamlDotNet\Unity.VisualScripting.YamlDotNet.dll
Symbol file LoadedFromMemory doesn't match image C:\Users\meles\Desktop\Bar Cooking\Library\PackageCache\com.unity.visualscripting@1.7.5\Editor\VisualScripting.Core\Dependencies\DotNetZip\Unity.VisualScripting.IonicZip.dll
Native extension for WindowsStandalone target not found
Refreshing native plugins compatible for Editor in 0.75 ms, found 3 plugins.
Preloading 0 native plugins for Editor in 0.00 ms.
Mono: successfully reloaded assembly
- Completed reload, in  1.234 seconds
Domain Reload Profiling:
	ReloadAssembly (1235ms)
		BeginReloadAssembly (171ms)
			ExecutionOrderSort (0ms)
			DisableScriptedObjects (5ms)
			BackupInstance (0ms)
			ReleaseScriptingObjects (0ms)
			CreateAndSetChildDomain (43ms)
		EndReloadAssembly (942ms)
			LoadAssemblies (97ms)
			RebuildTransferFunctionScriptingTraits (0ms)
			SetupTypeCache (263ms)
			ReleaseScriptCaches (1ms)
			RebuildScriptCaches (48ms)
			SetupLoadedEditorAssemblies (395ms)
				LogAssemblyErrors (0ms)
				InitializePlatformSupportModulesInManaged (17ms)
				SetLoadedEditorAssemblies (1ms)
				RefreshPlugins (1ms)
				BeforeProcessingInitializeOnLoad (80ms)
				ProcessInitializeOnLoadAttributes (266ms)
				ProcessInitializeOnLoadMethodAttributes (23ms)
				AfterProcessingInitializeOnLoad (7ms)
				EditorAssembliesLoaded (0ms)
			ExecutionOrderSort2 (0ms)
			AwakeInstancesAfterBackupRestoration (6ms)
Platform modules already initialized, skipping
Refreshing native plugins compatible for Editor in 0.66 ms, found 3 plugins.
Preloading 0 native plugins for Editor in 0.00 ms.
Unloading 3489 Unused Serialized files (Serialized files now loaded: 0)
Unloading 19 unused Assets / (61.2 KB). Loaded Objects now: 4014.
Memory consumption went from 147.3 MB to 147.2 MB.
Total: 3.291400 ms (FindLiveObjects: 0.352000 ms CreateObjectMapping: 0.288600 ms MarkObjects: 2.581600 ms  DeleteObjects: 0.068300 ms)

AssetImportParameters requested are different than current active one (requested -> active):
  custom:video-decoder-ogg-theora: a1e56fd34408186e4bbccfd4996cb3dc -> 
  custom:container-muxer-webm: aa71ff27fc2769a1b78a27578f13a17b -> 
  custom:container-demuxer-webm: 4f35f7cbe854078d1ac9338744f61a02 -> 
  custom:video-encoder-webm-vp8: eb34c28f22e8b96e1ab97ce403110664 -> 
  custom:audio-encoder-webm-vorbis: bf7c407c2cedff20999df2af8eb42d56 -> 
  custom:framework-win-MediaFoundation: 216162199b28c13a410421893ffa2e32 -> 
  custom:container-demuxer-ogg: 62fdf1f143b41e24485cea50d1cbac27 -> 
  custom:video-decoder-webm-vp8: 9c59270c3fd7afecdb556c50c9e8de78 -> 
  custom:audio-decoder-ogg-vorbis: bf7c407c2cedff20999df2af8eb42d56 -> 
========================================================================
Received Prepare
Registering precompiled user dll's ...
Registered in 0.009263 seconds.
Begin MonoManager ReloadAssembly
Symbol file LoadedFromMemory doesn't match image C:\Users\meles\Desktop\Bar Cooking\Library\PackageCache\com.unity.visualscripting@1.7.5\Editor\VisualScripting.Core\Dependencies\YamlDotNet\Unity.VisualScripting.YamlDotNet.dll
Symbol file LoadedFromMemory doesn't match image C:\Users\meles\Desktop\Bar Cooking\Library\PackageCache\com.unity.visualscripting@1.7.5\Editor\VisualScripting.Core\Dependencies\DotNetZip\Unity.VisualScripting.IonicZip.dll
Native extension for WindowsStandalone target not found
Refreshing native plugins compatible for Editor in 0.79 ms, found 3 plugins.
Preloading 0 native plugins for Editor in 0.00 ms.
Mono: successfully reloaded assembly
- Completed reload, in  1.561 seconds
Domain Reload Profiling:
	ReloadAssembly (1562ms)
		BeginReloadAssembly (162ms)
			ExecutionOrderSort (0ms)
			DisableScriptedObjects (6ms)
			BackupInstance (0ms)
			ReleaseScriptingObjects (0ms)
			CreateAndSetChildDomain (37ms)
		EndReloadAssembly (1274ms)
			LoadAssemblies (101ms)
			RebuildTransferFunctionScriptingTraits (0ms)
			SetupTypeCache (293ms)
			ReleaseScriptCaches (1ms)
			RebuildScriptCaches (58ms)
			SetupLoadedEditorAssemblies (654ms)
				LogAssemblyErrors (0ms)
				InitializePlatformSupportModulesInManaged (19ms)
				SetLoadedEditorAssemblies (1ms)
				RefreshPlugins (1ms)
				BeforeProcessingInitializeOnLoad (140ms)
				ProcessInitializeOnLoadAttributes (441ms)
				ProcessInitializeOnLoadMethodAttributes (40ms)
				AfterProcessingInitializeOnLoad (10ms)
				EditorAssembliesLoaded (1ms)
			ExecutionOrderSort2 (0ms)
			AwakeInstancesAfterBackupRestoration (12ms)
Platform modules already initialized, skipping
Refreshing native plugins compatible for Editor in 1.86 ms, found 3 plugins.
Preloading 0 native plugins for Editor in 0.00 ms.
Unloading 3489 Unused Serialized files (Serialized files now loaded: 0)
Unloading 19 unused Assets / (69.1 KB). Loaded Objects now: 4016.
Memory consumption went from 147.3 MB to 147.2 MB.
Total: 8.413600 ms (FindLiveObjects: 0.691200 ms CreateObjectMapping: 0.590100 ms MarkObjects: 7.006100 ms  DeleteObjects: 0.124200 ms)

AssetImportParameters requested are different than current active one (requested -> active):
  custom:video-decoder-ogg-theora: a1e56fd34408186e4bbccfd4996cb3dc -> 
  custom:container-muxer-webm: aa71ff27fc2769a1b78a27578f13a17b -> 
  custom:container-demuxer-webm: 4f35f7cbe854078d1ac9338744f61a02 -> 
  custom:video-encoder-webm-vp8: eb34c28f22e8b96e1ab97ce403110664 -> 
  custom:audio-encoder-webm-vorbis: bf7c407c2cedff20999df2af8eb42d56 -> 
  custom:framework-win-MediaFoundation: 216162199b28c13a410421893ffa2e32 -> 
  custom:container-demuxer-ogg: 62fdf1f143b41e24485cea50d1cbac27 -> 
  custom:video-decoder-webm-vp8: 9c59270c3fd7afecdb556c50c9e8de78 -> 
  custom:audio-decoder-ogg-vorbis: bf7c407c2cedff20999df2af8eb42d56 -> 
Editor requested this worker to shutdown with reason: Scaling down because of idle timeout
AssetImportWorker is now disconnected from the server
Process exiting
Exiting without the bug reporter. Application will terminate with return code 0