Using pre-set license
Built from '2021.2/staging' branch; Version is '2021.2.2f1 (5e2b1e92c7f8) revision 6171422'; Using compiler version '192829333'; Build Type 'Release'
OS: 'Windows 10 Pro; OS build 22000.1455; Version 2009; 64bit' Language: 'ru' Physical Memory: 16263 MB
BatchMode: 1, IsHumanControllingUs: 0, StartBugReporterOnCrash: 0, Is64bit: 1, IsPro: 0

COMMAND LINE ARGUMENTS:
C:\Program Files\Unity\Hub\Editor\2021.2.2f1\Editor\Unity.exe
-adb2
-batchMode
-noUpm
-name
AssetImportWorker0
-projectPath
C:/Users/meles/Desktop/Bar Cooking
-logFile
Logs/AssetImportWorker0.log
-srvPort
65299
Successfully changed project path to: C:/Users/meles/Desktop/Bar Cooking
C:/Users/meles/Desktop/Bar Cooking
[UnityMemory] Configuration Parameters - Can be set up in boot.config
    "memorysetup-bucket-allocator-granularity=16"
    "memorysetup-bucket-allocator-bucket-count=8"
    "memorysetup-bucket-allocator-block-size=33554432"
    "memorysetup-bucket-allocator-block-count=8"
    "memorysetup-main-allocator-block-size=16777216"
    "memorysetup-thread-allocator-block-size=16777216"
    "memorysetup-gfx-main-allocator-block-size=16777216"
    "memorysetup-gfx-thread-allocator-block-size=16777216"
    "memorysetup-cache-allocator-block-size=4194304"
    "memorysetup-typetree-allocator-block-size=2097152"
    "memorysetup-profiler-bucket-allocator-granularity=16"
    "memorysetup-profiler-bucket-allocator-bucket-count=8"
    "memorysetup-profiler-bucket-allocator-block-size=33554432"
    "memorysetup-profiler-bucket-allocator-block-count=8"
    "memorysetup-profiler-allocator-block-size=16777216"
    "memorysetup-profiler-editor-allocator-block-size=1048576"
    "memorysetup-temp-allocator-size-main=16777216"
    "memorysetup-job-temp-allocator-block-size=2097152"
    "memorysetup-job-temp-allocator-block-size-background=1048576"
    "memorysetup-job-temp-allocator-reduction-small-platforms=262144"
    "memorysetup-temp-allocator-size-background-worker=32768"
    "memorysetup-temp-allocator-size-job-worker=262144"
    "memorysetup-temp-allocator-size-preload-manager=33554432"
    "memorysetup-temp-allocator-size-nav-mesh-worker=65536"
    "memorysetup-temp-allocator-size-audio-worker=65536"
    "memorysetup-temp-allocator-size-cloud-worker=32768"
    "memorysetup-temp-allocator-size-gi-baking-worker=262144"
    "memorysetup-temp-allocator-size-gfx=262144"
Refreshing native plugins compatible for Editor in 724.26 ms, found 3 plugins.
Preloading 0 native plugins for Editor in 0.00 ms.
Initialize engine version: 2021.2.2f1 (5e2b1e92c7f8)
[Subsystems] Discovering subsystems at path C:/Program Files/Unity/Hub/Editor/2021.2.2f1/Editor/Data/Resources/UnitySubsystems
[Subsystems] Discovering subsystems at path C:/Users/meles/Desktop/Bar Cooking/Assets
GfxDevice: creating device client; threaded=0; jobified=0
Direct3D:
    Version:  Direct3D 11.0 [level 11.1]
    Renderer: NVIDIA GeForce GTX 1650 (ID=0x1f91)
    Vendor:   NVIDIA
    VRAM:     3949 MB
    Driver:   31.0.15.2756
Initialize mono
Mono path[0] = 'C:/Program Files/Unity/Hub/Editor/2021.2.2f1/Editor/Data/Managed'
Mono path[1] = 'C:/Program Files/Unity/Hub/Editor/2021.2.2f1/Editor/Data/MonoBleedingEdge/lib/mono/unityjit-win32'
Mono config path = 'C:/Program Files/Unity/Hub/Editor/2021.2.2f1/Editor/Data/MonoBleedingEdge/etc'
Using monoOptions --debugger-agent=transport=dt_socket,embedding=1,server=y,suspend=n,address=127.0.0.1:56100
Begin MonoManager ReloadAssembly
Registering precompiled unity dll's ...
Register platform support module: C:/Program Files/Unity/Hub/Editor/2021.2.2f1/Editor/Data/PlaybackEngines/WindowsStandaloneSupport/UnityEditor.WindowsStandalone.Extensions.dll
Registered in 0.008063 seconds.
Native extension for WindowsStandalone target not found
Refreshing native plugins compatible for Editor in 143.80 ms, found 3 plugins.
Preloading 0 native plugins for Editor in 0.00 ms.
Mono: successfully reloaded assembly
- Completed reload, in  2.593 seconds
Domain Reload Profiling:
	ReloadAssembly (2594ms)
		BeginReloadAssembly (1330ms)
			ExecutionOrderSort (0ms)
			DisableScriptedObjects (0ms)
			BackupInstance (0ms)
			ReleaseScriptingObjects (0ms)
			CreateAndSetChildDomain (1ms)
		EndReloadAssembly (782ms)
			LoadAssemblies (1323ms)
			RebuildTransferFunctionScriptingTraits (0ms)
			SetupTypeCache (166ms)
			ReleaseScriptCaches (0ms)
			RebuildScriptCaches (45ms)
			SetupLoadedEditorAssemblies (476ms)
				LogAssemblyErrors (0ms)
				InitializePlatformSupportModulesInManaged (27ms)
				SetLoadedEditorAssemblies (0ms)
				RefreshPlugins (144ms)
				BeforeProcessingInitializeOnLoad (3ms)
				ProcessInitializeOnLoadAttributes (218ms)
				ProcessInitializeOnLoadMethodAttributes (85ms)
				AfterProcessingInitializeOnLoad (0ms)
				EditorAssembliesLoaded (0ms)
			ExecutionOrderSort2 (0ms)
			AwakeInstancesAfterBackupRestoration (0ms)
Platform modules already initialized, skipping
Registering precompiled user dll's ...
Registered in 0.009093 seconds.
Begin MonoManager ReloadAssembly
Symbol file LoadedFromMemory doesn't match image C:\Users\meles\Desktop\Bar Cooking\Library\PackageCache\com.unity.visualscripting@1.7.5\Editor\VisualScripting.Core\Dependencies\YamlDotNet\Unity.VisualScripting.YamlDotNet.dll
Symbol file LoadedFromMemory doesn't match image C:\Users\meles\Desktop\Bar Cooking\Library\PackageCache\com.unity.visualscripting@1.7.5\Editor\VisualScripting.Core\Dependencies\DotNetZip\Unity.VisualScripting.IonicZip.dll
Native extension for WindowsStandalone target not found
Refreshing native plugins compatible for Editor in 9.33 ms, found 3 plugins.
Preloading 0 native plugins for Editor in 0.00 ms.
Mono: successfully reloaded assembly
- Completed reload, in  5.685 seconds
Domain Reload Profiling:
	ReloadAssembly (5687ms)
		BeginReloadAssembly (288ms)
			ExecutionOrderSort (0ms)
			DisableScriptedObjects (10ms)
			BackupInstance (0ms)
			ReleaseScriptingObjects (0ms)
			CreateAndSetChildDomain (27ms)
		EndReloadAssembly (5186ms)
			LoadAssemblies (210ms)
			RebuildTransferFunctionScriptingTraits (0ms)
			SetupTypeCache (2289ms)
			ReleaseScriptCaches (1ms)
			RebuildScriptCaches (707ms)
			SetupLoadedEditorAssemblies (1587ms)
				LogAssemblyErrors (0ms)
				InitializePlatformSupportModulesInManaged (189ms)
				SetLoadedEditorAssemblies (1ms)
				RefreshPlugins (10ms)
				BeforeProcessingInitializeOnLoad (414ms)
				ProcessInitializeOnLoadAttributes (851ms)
				ProcessInitializeOnLoadMethodAttributes (105ms)
				AfterProcessingInitializeOnLoad (16ms)
				EditorAssembliesLoaded (0ms)
			ExecutionOrderSort2 (0ms)
			AwakeInstancesAfterBackupRestoration (14ms)
Platform modules already initialized, skipping
========================================================================
Worker process is ready to serve import requests
Launched and connected shader compiler UnityShaderCompiler.exe after 0.67 seconds
Refreshing native plugins compatible for Editor in 1.85 ms, found 3 plugins.
Preloading 0 native plugins for Editor in 0.00 ms.
Unloading 3515 Unused Serialized files (Serialized files now loaded: 0)
Unloading 24 unused Assets / (120.0 KB). Loaded Objects now: 3982.
Memory consumption went from 132.0 MB to 131.9 MB.
Total: 8306.106900 ms (FindLiveObjects: 0.518400 ms CreateObjectMapping: 0.405200 ms MarkObjects: 8303.903700 ms  DeleteObjects: 1.275500 ms)

AssetImportParameters requested are different than current active one (requested -> active):
  custom:video-decoder-ogg-theora: a1e56fd34408186e4bbccfd4996cb3dc -> 
  custom:container-muxer-webm: aa71ff27fc2769a1b78a27578f13a17b -> 
  custom:container-demuxer-webm: 4f35f7cbe854078d1ac9338744f61a02 -> 
  custom:video-encoder-webm-vp8: eb34c28f22e8b96e1ab97ce403110664 -> 
  custom:audio-encoder-webm-vorbis: bf7c407c2cedff20999df2af8eb42d56 -> 
  custom:framework-win-MediaFoundation: 216162199b28c13a410421893ffa2e32 -> 
  custom:container-demuxer-ogg: 62fdf1f143b41e24485cea50d1cbac27 -> 
  custom:video-decoder-webm-vp8: 9c59270c3fd7afecdb556c50c9e8de78 -> 
  custom:audio-decoder-ogg-vorbis: bf7c407c2cedff20999df2af8eb42d56 -> 
========================================================================
Received Import Request.
  Time since last request: 9150.177602 seconds.
  path: Assets/Scenes/SampleScene/NavMesh.asset
  artifactKey: Guid(c0a4a1b0c8cc0fe4d8aac7d99e7f5f91) Importer(815301076,1909f56bfc062723c751e8b465ee728b)
Start importing Assets/Scenes/SampleScene/NavMesh.asset using Guid(c0a4a1b0c8cc0fe4d8aac7d99e7f5f91) Importer(815301076,1909f56bfc062723c751e8b465ee728b)  -> (artifact id: '83884c94251065b45457e2ac402da38b') in 0.222558 seconds 
========================================================================
Received Prepare
Registering precompiled user dll's ...
Registered in 0.010107 seconds.
Begin MonoManager ReloadAssembly
Symbol file LoadedFromMemory doesn't match image C:\Users\meles\Desktop\Bar Cooking\Library\PackageCache\com.unity.visualscripting@1.7.5\Editor\VisualScripting.Core\Dependencies\YamlDotNet\Unity.VisualScripting.YamlDotNet.dll
Symbol file LoadedFromMemory doesn't match image C:\Users\meles\Desktop\Bar Cooking\Library\PackageCache\com.unity.visualscripting@1.7.5\Editor\VisualScripting.Core\Dependencies\DotNetZip\Unity.VisualScripting.IonicZip.dll
Native extension for WindowsStandalone target not found
Refreshing native plugins compatible for Editor in 1.46 ms, found 3 plugins.
Preloading 0 native plugins for Editor in 0.00 ms.
Mono: successfully reloaded assembly
- Completed reload, in  1.933 seconds
Domain Reload Profiling:
	ReloadAssembly (1934ms)
		BeginReloadAssembly (221ms)
			ExecutionOrderSort (0ms)
			DisableScriptedObjects (9ms)
			BackupInstance (0ms)
			ReleaseScriptingObjects (0ms)
			CreateAndSetChildDomain (56ms)
		EndReloadAssembly (1544ms)
			LoadAssemblies (126ms)
			RebuildTransferFunctionScriptingTraits (0ms)
			SetupTypeCache (360ms)
			ReleaseScriptCaches (2ms)
			RebuildScriptCaches (62ms)
			SetupLoadedEditorAssemblies (758ms)
				LogAssemblyErrors (0ms)
				InitializePlatformSupportModulesInManaged (29ms)
				SetLoadedEditorAssemblies (1ms)
				RefreshPlugins (2ms)
				BeforeProcessingInitializeOnLoad (145ms)
				ProcessInitializeOnLoadAttributes (517ms)
				ProcessInitializeOnLoadMethodAttributes (50ms)
				AfterProcessingInitializeOnLoad (13ms)
				EditorAssembliesLoaded (0ms)
			ExecutionOrderSort2 (0ms)
			AwakeInstancesAfterBackupRestoration (14ms)
Platform modules already initialized, skipping
Refreshing native plugins compatible for Editor in 0.92 ms, found 3 plugins.
Preloading 0 native plugins for Editor in 0.00 ms.
Unloading 3489 Unused Serialized files (Serialized files now loaded: 0)
Unloading 19 unused Assets / (72.8 KB). Loaded Objects now: 3984.
Memory consumption went from 129.8 MB to 129.7 MB.
Total: 6.572400 ms (FindLiveObjects: 1.018700 ms CreateObjectMapping: 0.414000 ms MarkObjects: 4.957200 ms  DeleteObjects: 0.180300 ms)

AssetImportParameters requested are different than current active one (requested -> active):
  custom:video-decoder-ogg-theora: a1e56fd34408186e4bbccfd4996cb3dc -> 
  custom:container-muxer-webm: aa71ff27fc2769a1b78a27578f13a17b -> 
  custom:container-demuxer-webm: 4f35f7cbe854078d1ac9338744f61a02 -> 
  custom:video-encoder-webm-vp8: eb34c28f22e8b96e1ab97ce403110664 -> 
  custom:audio-encoder-webm-vorbis: bf7c407c2cedff20999df2af8eb42d56 -> 
  custom:framework-win-MediaFoundation: 216162199b28c13a410421893ffa2e32 -> 
  custom:container-demuxer-ogg: 62fdf1f143b41e24485cea50d1cbac27 -> 
  custom:video-decoder-webm-vp8: 9c59270c3fd7afecdb556c50c9e8de78 -> 
  custom:audio-decoder-ogg-vorbis: bf7c407c2cedff20999df2af8eb42d56 -> 
========================================================================
Received Prepare
Registering precompiled user dll's ...
Registered in 0.006473 seconds.
Begin MonoManager ReloadAssembly
Symbol file LoadedFromMemory doesn't match image C:\Users\meles\Desktop\Bar Cooking\Library\PackageCache\com.unity.visualscripting@1.7.5\Editor\VisualScripting.Core\Dependencies\YamlDotNet\Unity.VisualScripting.YamlDotNet.dll
Symbol file LoadedFromMemory doesn't match image C:\Users\meles\Desktop\Bar Cooking\Library\PackageCache\com.unity.visualscripting@1.7.5\Editor\VisualScripting.Core\Dependencies\DotNetZip\Unity.VisualScripting.IonicZip.dll
Native extension for WindowsStandalone target not found
Refreshing native plugins compatible for Editor in 1.60 ms, found 3 plugins.
Preloading 0 native plugins for Editor in 0.00 ms.
Mono: successfully reloaded assembly
- Completed reload, in  1.641 seconds
Domain Reload Profiling:
	ReloadAssembly (1642ms)
		BeginReloadAssembly (200ms)
			ExecutionOrderSort (0ms)
			DisableScriptedObjects (7ms)
			BackupInstance (0ms)
			ReleaseScriptingObjects (0ms)
			CreateAndSetChildDomain (55ms)
		EndReloadAssembly (1297ms)
			LoadAssemblies (108ms)
			RebuildTransferFunctionScriptingTraits (0ms)
			SetupTypeCache (259ms)
			ReleaseScriptCaches (1ms)
			RebuildScriptCaches (51ms)
			SetupLoadedEditorAssemblies (658ms)
				LogAssemblyErrors (0ms)
				InitializePlatformSupportModulesInManaged (27ms)
				SetLoadedEditorAssemblies (1ms)
				RefreshPlugins (2ms)
				BeforeProcessingInitializeOnLoad (140ms)
				ProcessInitializeOnLoadAttributes (436ms)
				ProcessInitializeOnLoadMethodAttributes (41ms)
				AfterProcessingInitializeOnLoad (12ms)
				EditorAssembliesLoaded (0ms)
			ExecutionOrderSort2 (0ms)
			AwakeInstancesAfterBackupRestoration (12ms)
Platform modules already initialized, skipping
Refreshing native plugins compatible for Editor in 1.62 ms, found 3 plugins.
Preloading 0 native plugins for Editor in 0.00 ms.
Unloading 3489 Unused Serialized files (Serialized files now loaded: 0)
Unloading 19 unused Assets / (88.5 KB). Loaded Objects now: 3986.
Memory consumption went from 129.8 MB to 129.7 MB.
Total: 6.989500 ms (FindLiveObjects: 2.631100 ms CreateObjectMapping: 0.876000 ms MarkObjects: 3.349000 ms  DeleteObjects: 0.128000 ms)

AssetImportParameters requested are different than current active one (requested -> active):
  custom:video-decoder-ogg-theora: a1e56fd34408186e4bbccfd4996cb3dc -> 
  custom:container-muxer-webm: aa71ff27fc2769a1b78a27578f13a17b -> 
  custom:container-demuxer-webm: 4f35f7cbe854078d1ac9338744f61a02 -> 
  custom:video-encoder-webm-vp8: eb34c28f22e8b96e1ab97ce403110664 -> 
  custom:audio-encoder-webm-vorbis: bf7c407c2cedff20999df2af8eb42d56 -> 
  custom:framework-win-MediaFoundation: 216162199b28c13a410421893ffa2e32 -> 
  custom:container-demuxer-ogg: 62fdf1f143b41e24485cea50d1cbac27 -> 
  custom:video-decoder-webm-vp8: 9c59270c3fd7afecdb556c50c9e8de78 -> 
  custom:audio-decoder-ogg-vorbis: bf7c407c2cedff20999df2af8eb42d56 -> 
========================================================================
Received Import Request.
  Time since last request: 419.657601 seconds.
  path: Assets/Scenes/SampleScene/OcclusionCullingData.asset
  artifactKey: Guid(49677e88d379b664b8406fb1fdd18c53) Importer(815301076,1909f56bfc062723c751e8b465ee728b)
Start importing Assets/Scenes/SampleScene/OcclusionCullingData.asset using Guid(49677e88d379b664b8406fb1fdd18c53) Importer(815301076,1909f56bfc062723c751e8b465ee728b)  -> (artifact id: '76b5a25381b36f53a58ca0cb6b6c6643') in 0.033977 seconds 
========================================================================
Received Import Request.
  Time since last request: 265.010324 seconds.
  path: Assets/Scenes/SampleScene/OcclusionCullingData.asset
  artifactKey: Guid(49677e88d379b664b8406fb1fdd18c53) Importer(815301076,1909f56bfc062723c751e8b465ee728b)
Start importing Assets/Scenes/SampleScene/OcclusionCullingData.asset using Guid(49677e88d379b664b8406fb1fdd18c53) Importer(815301076,1909f56bfc062723c751e8b465ee728b)  -> (artifact id: 'bc6e02fc53da78cb61792c1697ec4c5a') in 0.011479 seconds 
========================================================================
Received Prepare
Registering precompiled user dll's ...
Registered in 0.006552 seconds.
Begin MonoManager ReloadAssembly
Symbol file LoadedFromMemory doesn't match image C:\Users\meles\Desktop\Bar Cooking\Library\PackageCache\com.unity.visualscripting@1.7.5\Editor\VisualScripting.Core\Dependencies\YamlDotNet\Unity.VisualScripting.YamlDotNet.dll
Symbol file LoadedFromMemory doesn't match image C:\Users\meles\Desktop\Bar Cooking\Library\PackageCache\com.unity.visualscripting@1.7.5\Editor\VisualScripting.Core\Dependencies\DotNetZip\Unity.VisualScripting.IonicZip.dll
Native extension for WindowsStandalone target not found
Refreshing native plugins compatible for Editor in 0.73 ms, found 3 plugins.
Preloading 0 native plugins for Editor in 0.00 ms.
Mono: successfully reloaded assembly
- Completed reload, in  1.623 seconds
Domain Reload Profiling:
	ReloadAssembly (1624ms)
		BeginReloadAssembly (200ms)
			ExecutionOrderSort (0ms)
			DisableScriptedObjects (6ms)
			BackupInstance (0ms)
			ReleaseScriptingObjects (0ms)
			CreateAndSetChildDomain (51ms)
		EndReloadAssembly (1261ms)
			LoadAssemblies (127ms)
			RebuildTransferFunctionScriptingTraits (0ms)
			SetupTypeCache (299ms)
			ReleaseScriptCaches (1ms)
			RebuildScriptCaches (49ms)
			SetupLoadedEditorAssemblies (617ms)
				LogAssemblyErrors (0ms)
				InitializePlatformSupportModulesInManaged (22ms)
				SetLoadedEditorAssemblies (1ms)
				RefreshPlugins (1ms)
				BeforeProcessingInitializeOnLoad (104ms)
				ProcessInitializeOnLoadAttributes (437ms)
				ProcessInitializeOnLoadMethodAttributes (40ms)
				AfterProcessingInitializeOnLoad (10ms)
				EditorAssembliesLoaded (0ms)
			ExecutionOrderSort2 (0ms)
			AwakeInstancesAfterBackupRestoration (11ms)
Platform modules already initialized, skipping
Refreshing native plugins compatible for Editor in 0.93 ms, found 3 plugins.
Preloading 0 native plugins for Editor in 0.00 ms.
Unloading 3489 Unused Serialized files (Serialized files now loaded: 0)
Unloading 19 unused Assets / (88.5 KB). Loaded Objects now: 3988.
Memory consumption went from 129.8 MB to 129.7 MB.
Total: 6.681400 ms (FindLiveObjects: 0.828300 ms CreateObjectMapping: 0.525700 ms MarkObjects: 5.136200 ms  DeleteObjects: 0.190000 ms)

AssetImportParameters requested are different than current active one (requested -> active):
  custom:video-decoder-ogg-theora: a1e56fd34408186e4bbccfd4996cb3dc -> 
  custom:container-muxer-webm: aa71ff27fc2769a1b78a27578f13a17b -> 
  custom:container-demuxer-webm: 4f35f7cbe854078d1ac9338744f61a02 -> 
  custom:video-encoder-webm-vp8: eb34c28f22e8b96e1ab97ce403110664 -> 
  custom:audio-encoder-webm-vorbis: bf7c407c2cedff20999df2af8eb42d56 -> 
  custom:framework-win-MediaFoundation: 216162199b28c13a410421893ffa2e32 -> 
  custom:container-demuxer-ogg: 62fdf1f143b41e24485cea50d1cbac27 -> 
  custom:video-decoder-webm-vp8: 9c59270c3fd7afecdb556c50c9e8de78 -> 
  custom:audio-decoder-ogg-vorbis: bf7c407c2cedff20999df2af8eb42d56 -> 
========================================================================
Received Import Request.
  Time since last request: 349.587711 seconds.
  path: Assets/Scenes/SampleScene/OcclusionCullingData.asset
  artifactKey: Guid(49677e88d379b664b8406fb1fdd18c53) Importer(815301076,1909f56bfc062723c751e8b465ee728b)
Start importing Assets/Scenes/SampleScene/OcclusionCullingData.asset using Guid(49677e88d379b664b8406fb1fdd18c53) Importer(815301076,1909f56bfc062723c751e8b465ee728b)  -> (artifact id: '3b86582ebcf126bbafb617ebdcf755b3') in 0.957854 seconds 
========================================================================
Received Prepare
Registering precompiled user dll's ...
Registered in 0.009098 seconds.
Begin MonoManager ReloadAssembly
Symbol file LoadedFromMemory doesn't match image C:\Users\meles\Desktop\Bar Cooking\Library\PackageCache\com.unity.visualscripting@1.7.5\Editor\VisualScripting.Core\Dependencies\YamlDotNet\Unity.VisualScripting.YamlDotNet.dll
Symbol file LoadedFromMemory doesn't match image C:\Users\meles\Desktop\Bar Cooking\Library\PackageCache\com.unity.visualscripting@1.7.5\Editor\VisualScripting.Core\Dependencies\DotNetZip\Unity.VisualScripting.IonicZip.dll
Native extension for WindowsStandalone target not found
Refreshing native plugins compatible for Editor in 1.70 ms, found 3 plugins.
Preloading 0 native plugins for Editor in 0.00 ms.
Mono: successfully reloaded assembly
- Completed reload, in  1.942 seconds
Domain Reload Profiling:
	ReloadAssembly (1943ms)
		BeginReloadAssembly (214ms)
			ExecutionOrderSort (0ms)
			DisableScriptedObjects (10ms)
			BackupInstance (0ms)
			ReleaseScriptingObjects (0ms)
			CreateAndSetChildDomain (57ms)
		EndReloadAssembly (1567ms)
			LoadAssemblies (127ms)
			RebuildTransferFunctionScriptingTraits (0ms)
			SetupTypeCache (402ms)
			ReleaseScriptCaches (2ms)
			RebuildScriptCaches (75ms)
			SetupLoadedEditorAssemblies (726ms)
				LogAssemblyErrors (0ms)
				InitializePlatformSupportModulesInManaged (24ms)
				SetLoadedEditorAssemblies (1ms)
				RefreshPlugins (2ms)
				BeforeProcessingInitializeOnLoad (127ms)
				ProcessInitializeOnLoadAttributes (516ms)
				ProcessInitializeOnLoadMethodAttributes (43ms)
				AfterProcessingInitializeOnLoad (13ms)
				EditorAssembliesLoaded (1ms)
			ExecutionOrderSort2 (0ms)
			AwakeInstancesAfterBackupRestoration (15ms)
Platform modules already initialized, skipping
Refreshing native plugins compatible for Editor in 1.32 ms, found 3 plugins.
Preloading 0 native plugins for Editor in 0.00 ms.
Unloading 3489 Unused Serialized files (Serialized files now loaded: 0)
Unloading 19 unused Assets / (80.7 KB). Loaded Objects now: 3990.
Memory consumption went from 129.8 MB to 129.7 MB.
Total: 4.242100 ms (FindLiveObjects: 0.431900 ms CreateObjectMapping: 0.325400 ms MarkObjects: 3.347800 ms  DeleteObjects: 0.135700 ms)

AssetImportParameters requested are different than current active one (requested -> active):
  custom:video-decoder-ogg-theora: a1e56fd34408186e4bbccfd4996cb3dc -> 
  custom:container-muxer-webm: aa71ff27fc2769a1b78a27578f13a17b -> 
  custom:container-demuxer-webm: 4f35f7cbe854078d1ac9338744f61a02 -> 
  custom:video-encoder-webm-vp8: eb34c28f22e8b96e1ab97ce403110664 -> 
  custom:audio-encoder-webm-vorbis: bf7c407c2cedff20999df2af8eb42d56 -> 
  custom:framework-win-MediaFoundation: 216162199b28c13a410421893ffa2e32 -> 
  custom:container-demuxer-ogg: 62fdf1f143b41e24485cea50d1cbac27 -> 
  custom:video-decoder-webm-vp8: 9c59270c3fd7afecdb556c50c9e8de78 -> 
  custom:audio-decoder-ogg-vorbis: bf7c407c2cedff20999df2af8eb42d56 -> 
========================================================================
Received Prepare
Registering precompiled user dll's ...
Registered in 0.008030 seconds.
Begin MonoManager ReloadAssembly
Symbol file LoadedFromMemory doesn't match image C:\Users\meles\Desktop\Bar Cooking\Library\PackageCache\com.unity.visualscripting@1.7.5\Editor\VisualScripting.Core\Dependencies\YamlDotNet\Unity.VisualScripting.YamlDotNet.dll
Symbol file LoadedFromMemory doesn't match image C:\Users\meles\Desktop\Bar Cooking\Library\PackageCache\com.unity.visualscripting@1.7.5\Editor\VisualScripting.Core\Dependencies\DotNetZip\Unity.VisualScripting.IonicZip.dll
Native extension for WindowsStandalone target not found
Refreshing native plugins compatible for Editor in 0.85 ms, found 3 plugins.
Preloading 0 native plugins for Editor in 0.00 ms.
Mono: successfully reloaded assembly
- Completed reload, in  1.385 seconds
Domain Reload Profiling:
	ReloadAssembly (1386ms)
		BeginReloadAssembly (173ms)
			ExecutionOrderSort (0ms)
			DisableScriptedObjects (7ms)
			BackupInstance (0ms)
			ReleaseScriptingObjects (0ms)
			CreateAndSetChildDomain (41ms)
		EndReloadAssembly (1099ms)
			LoadAssemblies (103ms)
			RebuildTransferFunctionScriptingTraits (0ms)
			SetupTypeCache (298ms)
			ReleaseScriptCaches (2ms)
			RebuildScriptCaches (41ms)
			SetupLoadedEditorAssemblies (533ms)
				LogAssemblyErrors (0ms)
				InitializePlatformSupportModulesInManaged (18ms)
				SetLoadedEditorAssemblies (1ms)
				RefreshPlugins (1ms)
				BeforeProcessingInitializeOnLoad (96ms)
				ProcessInitializeOnLoadAttributes (372ms)
				ProcessInitializeOnLoadMethodAttributes (38ms)
				AfterProcessingInitializeOnLoad (8ms)
				EditorAssembliesLoaded (0ms)
			ExecutionOrderSort2 (0ms)
			AwakeInstancesAfterBackupRestoration (7ms)
Platform modules already initialized, skipping
Refreshing native plugins compatible for Editor in 1.05 ms, found 3 plugins.
Preloading 0 native plugins for Editor in 0.00 ms.
Unloading 3489 Unused Serialized files (Serialized files now loaded: 0)
Unloading 19 unused Assets / (72.8 KB). Loaded Objects now: 3992.
Memory consumption went from 129.8 MB to 129.8 MB.
Total: 4.304900 ms (FindLiveObjects: 0.553200 ms CreateObjectMapping: 0.380400 ms MarkObjects: 3.254300 ms  DeleteObjects: 0.115500 ms)

AssetImportParameters requested are different than current active one (requested -> active):
  custom:video-decoder-ogg-theora: a1e56fd34408186e4bbccfd4996cb3dc -> 
  custom:container-muxer-webm: aa71ff27fc2769a1b78a27578f13a17b -> 
  custom:container-demuxer-webm: 4f35f7cbe854078d1ac9338744f61a02 -> 
  custom:video-encoder-webm-vp8: eb34c28f22e8b96e1ab97ce403110664 -> 
  custom:audio-encoder-webm-vorbis: bf7c407c2cedff20999df2af8eb42d56 -> 
  custom:framework-win-MediaFoundation: 216162199b28c13a410421893ffa2e32 -> 
  custom:container-demuxer-ogg: 62fdf1f143b41e24485cea50d1cbac27 -> 
  custom:video-decoder-webm-vp8: 9c59270c3fd7afecdb556c50c9e8de78 -> 
  custom:audio-decoder-ogg-vorbis: bf7c407c2cedff20999df2af8eb42d56 -> 
========================================================================
Received Prepare
Registering precompiled user dll's ...
Registered in 0.006811 seconds.
Begin MonoManager ReloadAssembly
Symbol file LoadedFromMemory doesn't match image C:\Users\meles\Desktop\Bar Cooking\Library\PackageCache\com.unity.visualscripting@1.7.5\Editor\VisualScripting.Core\Dependencies\YamlDotNet\Unity.VisualScripting.YamlDotNet.dll
Symbol file LoadedFromMemory doesn't match image C:\Users\meles\Desktop\Bar Cooking\Library\PackageCache\com.unity.visualscripting@1.7.5\Editor\VisualScripting.Core\Dependencies\DotNetZip\Unity.VisualScripting.IonicZip.dll
Native extension for WindowsStandalone target not found
Refreshing native plugins compatible for Editor in 0.81 ms, found 3 plugins.
Preloading 0 native plugins for Editor in 0.00 ms.
Mono: successfully reloaded assembly
- Completed reload, in  1.389 seconds
Domain Reload Profiling:
	ReloadAssembly (1389ms)
		BeginReloadAssembly (209ms)
			ExecutionOrderSort (0ms)
			DisableScriptedObjects (7ms)
			BackupInstance (0ms)
			ReleaseScriptingObjects (0ms)
			CreateAndSetChildDomain (80ms)
		EndReloadAssembly (1063ms)
			LoadAssemblies (99ms)
			RebuildTransferFunctionScriptingTraits (0ms)
			SetupTypeCache (289ms)
			ReleaseScriptCaches (1ms)
			RebuildScriptCaches (45ms)
			SetupLoadedEditorAssemblies (491ms)
				LogAssemblyErrors (0ms)
				InitializePlatformSupportModulesInManaged (14ms)
				SetLoadedEditorAssemblies (1ms)
				RefreshPlugins (1ms)
				BeforeProcessingInitializeOnLoad (76ms)
				ProcessInitializeOnLoadAttributes (356ms)
				ProcessInitializeOnLoadMethodAttributes (32ms)
				AfterProcessingInitializeOnLoad (11ms)
				EditorAssembliesLoaded (0ms)
			ExecutionOrderSort2 (0ms)
			AwakeInstancesAfterBackupRestoration (9ms)
Platform modules already initialized, skipping
Refreshing native plugins compatible for Editor in 0.72 ms, found 3 plugins.
Preloading 0 native plugins for Editor in 0.00 ms.
Unloading 3490 Unused Serialized files (Serialized files now loaded: 0)
Unloading 19 unused Assets / (88.5 KB). Loaded Objects now: 3995.
Memory consumption went from 129.9 MB to 129.8 MB.
Total: 4.101600 ms (FindLiveObjects: 0.361300 ms CreateObjectMapping: 0.299100 ms MarkObjects: 3.294600 ms  DeleteObjects: 0.145700 ms)

AssetImportParameters requested are different than current active one (requested -> active):
  custom:video-decoder-ogg-theora: a1e56fd34408186e4bbccfd4996cb3dc -> 
  custom:container-muxer-webm: aa71ff27fc2769a1b78a27578f13a17b -> 
  custom:container-demuxer-webm: 4f35f7cbe854078d1ac9338744f61a02 -> 
  custom:video-encoder-webm-vp8: eb34c28f22e8b96e1ab97ce403110664 -> 
  custom:audio-encoder-webm-vorbis: bf7c407c2cedff20999df2af8eb42d56 -> 
  custom:framework-win-MediaFoundation: 216162199b28c13a410421893ffa2e32 -> 
  custom:container-demuxer-ogg: 62fdf1f143b41e24485cea50d1cbac27 -> 
  custom:video-decoder-webm-vp8: 9c59270c3fd7afecdb556c50c9e8de78 -> 
  custom:audio-decoder-ogg-vorbis: bf7c407c2cedff20999df2af8eb42d56 -> 
========================================================================
Received Import Request.
  Time since last request: 2576.765186 seconds.
  path: Assets/Record_player/Scripts
  artifactKey: Guid(10bece2b56831a04288ae9c88e319036) Importer(815301076,1909f56bfc062723c751e8b465ee728b)
Start importing Assets/Record_player/Scripts using Guid(10bece2b56831a04288ae9c88e319036) Importer(815301076,1909f56bfc062723c751e8b465ee728b)  -> (artifact id: 'e0af70be92a3c6ed0b1cdfbe7f7a8f50') in 0.012553 seconds 
========================================================================
Received Import Request.
  Time since last request: 1.992317 seconds.
  path: Assets/Record_player/Scripts/RecordPlayer.cs
  artifactKey: Guid(d532c1a0f8842f4439d383bf1675a019) Importer(815301076,1909f56bfc062723c751e8b465ee728b)
Start importing Assets/Record_player/Scripts/RecordPlayer.cs using Guid(d532c1a0f8842f4439d383bf1675a019) Importer(815301076,1909f56bfc062723c751e8b465ee728b)  -> (artifact id: '24c79d59b180b899e21461cb52f9e140') in 0.012879 seconds 
========================================================================
Received Import Request.
  Time since last request: 11.631994 seconds.
  path: Assets/Record_player/3dobjects
  artifactKey: Guid(a13d64ac54ebb67409f985342c764dfa) Importer(815301076,1909f56bfc062723c751e8b465ee728b)
Start importing Assets/Record_player/3dobjects using Guid(a13d64ac54ebb67409f985342c764dfa) Importer(815301076,1909f56bfc062723c751e8b465ee728b)  -> (artifact id: 'ac76c23b53e3cfc26cb10b870572e338') in 0.005631 seconds 
========================================================================
Received Import Request.
  Time since last request: 0.475227 seconds.
  path: Assets/Record_player/3dobjects/plattenspieler.fbx
  artifactKey: Guid(a1785c07807e4aa489164840bba94f21) Importer(815301076,1909f56bfc062723c751e8b465ee728b)
Start importing Assets/Record_player/3dobjects/plattenspieler.fbx using Guid(a1785c07807e4aa489164840bba94f21) Importer(815301076,1909f56bfc062723c751e8b465ee728b)  -> (artifact id: '2cc133da6de85a8703415073fade2386') in 0.185715 seconds 
========================================================================
Received Import Request.
  Time since last request: 2.613150 seconds.
  path: Assets/Record_player/Materials
  artifactKey: Guid(10b6dc20a230014488df4df1efce9889) Importer(815301076,1909f56bfc062723c751e8b465ee728b)
Start importing Assets/Record_player/Materials using Guid(10b6dc20a230014488df4df1efce9889) Importer(815301076,1909f56bfc062723c751e8b465ee728b)  -> (artifact id: '4a6812bc8af4aee9df4127460bb2a03b') in 0.006104 seconds 
========================================================================
Received Import Request.
  Time since last request: 0.044506 seconds.
  path: Assets/Record_player/Materials/plattenspieler-kunststoff.mat
  artifactKey: Guid(eaab6f581d2d46b45884061b579f4064) Importer(815301076,1909f56bfc062723c751e8b465ee728b)
Start importing Assets/Record_player/Materials/plattenspieler-kunststoff.mat using Guid(eaab6f581d2d46b45884061b579f4064) Importer(815301076,1909f56bfc062723c751e8b465ee728b)  -> (artifact id: '4669299f2fd011e5081093c9d5e2b464') in 0.080235 seconds 
========================================================================
Received Import Request.
  Time since last request: 1.926909 seconds.
  path: Assets/Record_player/Prefabs
  artifactKey: Guid(79043c23bfb67a24aa584ff909e13b43) Importer(815301076,1909f56bfc062723c751e8b465ee728b)
Start importing Assets/Record_player/Prefabs using Guid(79043c23bfb67a24aa584ff909e13b43) Importer(815301076,1909f56bfc062723c751e8b465ee728b)  -> (artifact id: 'ca5c7ac7d0bcfeecb6b106e16ac5d6e4') in 0.007807 seconds 
========================================================================
Received Import Request.
  Time since last request: 0.043255 seconds.
  path: Assets/Record_player/Prefabs/record_player.prefab
  artifactKey: Guid(bbb29c575e92ab64eb62ee335dc6f563) Importer(815301076,1909f56bfc062723c751e8b465ee728b)
Start importing Assets/Record_player/Prefabs/record_player.prefab using Guid(bbb29c575e92ab64eb62ee335dc6f563) Importer(815301076,1909f56bfc062723c751e8b465ee728b)  -> (artifact id: '4af9e4525396e28fa0857630808294b0') in 0.018954 seconds 
========================================================================
Received Import Request.
  Time since last request: 6.448952 seconds.
  path: Assets/Record_player/Textures
  artifactKey: Guid(a8019a6bc153c3442b4fc96a03028812) Importer(815301076,1909f56bfc062723c751e8b465ee728b)
Start importing Assets/Record_player/Textures using Guid(a8019a6bc153c3442b4fc96a03028812) Importer(815301076,1909f56bfc062723c751e8b465ee728b)  -> (artifact id: '364dbf7946f9abb2aa9088976a6f5793') in 0.010260 seconds 
========================================================================
Received Import Request.
  Time since last request: 0.051900 seconds.
  path: Assets/Record_player/Textures/record_player.bmp
  artifactKey: Guid(bafdc1a7af88dfd44b034861c1d47954) Importer(815301076,1909f56bfc062723c751e8b465ee728b)
Start importing Assets/Record_player/Textures/record_player.bmp using Guid(bafdc1a7af88dfd44b034861c1d47954) Importer(815301076,1909f56bfc062723c751e8b465ee728b)  -> (artifact id: '5f2a3f40a84e97dd4074f64ccb643069') in 0.030642 seconds 
========================================================================
Received Prepare
Registering precompiled user dll's ...
Registered in 0.008182 seconds.
Begin MonoManager ReloadAssembly
Symbol file LoadedFromMemory doesn't match image C:\Users\meles\Desktop\Bar Cooking\Library\PackageCache\com.unity.visualscripting@1.7.5\Editor\VisualScripting.Core\Dependencies\YamlDotNet\Unity.VisualScripting.YamlDotNet.dll
Symbol file LoadedFromMemory doesn't match image C:\Users\meles\Desktop\Bar Cooking\Library\PackageCache\com.unity.visualscripting@1.7.5\Editor\VisualScripting.Core\Dependencies\DotNetZip\Unity.VisualScripting.IonicZip.dll
Native extension for WindowsStandalone target not found
Refreshing native plugins compatible for Editor in 0.69 ms, found 3 plugins.
Preloading 0 native plugins for Editor in 0.00 ms.
Mono: successfully reloaded assembly
- Completed reload, in  1.538 seconds
Domain Reload Profiling:
	ReloadAssembly (1539ms)
		BeginReloadAssembly (214ms)
			ExecutionOrderSort (0ms)
			DisableScriptedObjects (5ms)
			BackupInstance (0ms)
			ReleaseScriptingObjects (0ms)
			CreateAndSetChildDomain (50ms)
		EndReloadAssembly (1183ms)
			LoadAssemblies (149ms)
			RebuildTransferFunctionScriptingTraits (0ms)
			SetupTypeCache (329ms)
			ReleaseScriptCaches (1ms)
			RebuildScriptCaches (67ms)
			SetupLoadedEditorAssemblies (505ms)
				LogAssemblyErrors (0ms)
				InitializePlatformSupportModulesInManaged (17ms)
				SetLoadedEditorAssemblies (1ms)
				RefreshPlugins (1ms)
				BeforeProcessingInitializeOnLoad (89ms)
				ProcessInitializeOnLoadAttributes (356ms)
				ProcessInitializeOnLoadMethodAttributes (33ms)
				AfterProcessingInitializeOnLoad (9ms)
				EditorAssembliesLoaded (0ms)
			ExecutionOrderSort2 (0ms)
			AwakeInstancesAfterBackupRestoration (15ms)
Platform modules already initialized, skipping
Refreshing native plugins compatible for Editor in 0.96 ms, found 3 plugins.
Preloading 0 native plugins for Editor in 0.00 ms.
Unloading 3491 Unused Serialized files (Serialized files now loaded: 0)
Unloading 19 unused Assets / (88.5 KB). Loaded Objects now: 4055.
Memory consumption went from 135.2 MB to 135.1 MB.
Total: 4.288000 ms (FindLiveObjects: 0.415300 ms CreateObjectMapping: 0.220500 ms MarkObjects: 3.500400 ms  DeleteObjects: 0.150600 ms)

AssetImportParameters requested are different than current active one (requested -> active):
  custom:video-decoder-ogg-theora: a1e56fd34408186e4bbccfd4996cb3dc -> 
  custom:container-muxer-webm: aa71ff27fc2769a1b78a27578f13a17b -> 
  custom:container-demuxer-webm: 4f35f7cbe854078d1ac9338744f61a02 -> 
  custom:video-encoder-webm-vp8: eb34c28f22e8b96e1ab97ce403110664 -> 
  custom:audio-encoder-webm-vorbis: bf7c407c2cedff20999df2af8eb42d56 -> 
  custom:framework-win-MediaFoundation: 216162199b28c13a410421893ffa2e32 -> 
  custom:container-demuxer-ogg: 62fdf1f143b41e24485cea50d1cbac27 -> 
  custom:video-decoder-webm-vp8: 9c59270c3fd7afecdb556c50c9e8de78 -> 
  custom:audio-decoder-ogg-vorbis: bf7c407c2cedff20999df2af8eb42d56 -> 
========================================================================
Received Import Request.
  Time since last request: 68.053130 seconds.
  path: Assets/Sprite/human6_Body_diffuse.png
  artifactKey: Guid(ca1d1961e3c564846acc1ab22c3e5a80) Importer(815301076,1909f56bfc062723c751e8b465ee728b)
Start importing Assets/Sprite/human6_Body_diffuse.png using Guid(ca1d1961e3c564846acc1ab22c3e5a80) Importer(815301076,1909f56bfc062723c751e8b465ee728b)  -> (artifact id: '5f46dc0ebe93680b69578a822da4a748') in 0.069781 seconds 
========================================================================
Received Import Request.
  Time since last request: 0.000036 seconds.
  path: Assets/Sprite/human8_Body_diffuse.png
  artifactKey: Guid(d3d597149b48f3741baed5d2ebb8eb50) Importer(815301076,1909f56bfc062723c751e8b465ee728b)
Start importing Assets/Sprite/human8_Body_diffuse.png using Guid(d3d597149b48f3741baed5d2ebb8eb50) Importer(815301076,1909f56bfc062723c751e8b465ee728b)  -> (artifact id: '34e425129968a4977aee6ea534ff0a00') in 0.023484 seconds 
========================================================================
Received Import Request.
  Time since last request: 0.000039 seconds.
  path: Assets/Sprite/human6_Top_diffuse.png
  artifactKey: Guid(1a10ac81a423e3945865fbf640663d0f) Importer(815301076,1909f56bfc062723c751e8b465ee728b)
Start importing Assets/Sprite/human6_Top_diffuse.png using Guid(1a10ac81a423e3945865fbf640663d0f) Importer(815301076,1909f56bfc062723c751e8b465ee728b)  -> (artifact id: 'be0a84f25a5f5cfd358b86ed6d509717') in 0.023911 seconds 
========================================================================
Received Import Request.
  Time since last request: 0.000029 seconds.
  path: Assets/Sprite/human8_Bottom_diffuse.png
  artifactKey: Guid(4b59f7e488eaa644da9b755747889c0e) Importer(815301076,1909f56bfc062723c751e8b465ee728b)
Start importing Assets/Sprite/human8_Bottom_diffuse.png using Guid(4b59f7e488eaa644da9b755747889c0e) Importer(815301076,1909f56bfc062723c751e8b465ee728b)  -> (artifact id: 'bf8ba37022753e1c3f3eb616e899dbe1') in 0.029792 seconds 
========================================================================
Received Import Request.
  Time since last request: 0.000031 seconds.
  path: Assets/Sprite/human7_Shoes_diffuse.png
  artifactKey: Guid(5b4bacd1bdf71d848bbb75a454e7ce5e) Importer(815301076,1909f56bfc062723c751e8b465ee728b)
Start importing Assets/Sprite/human7_Shoes_diffuse.png using Guid(5b4bacd1bdf71d848bbb75a454e7ce5e) Importer(815301076,1909f56bfc062723c751e8b465ee728b)  -> (artifact id: 'a60f09f0e2b5fa880412c8fa9162f2c1') in 0.020209 seconds 
========================================================================
Received Import Request.
  Time since last request: 0.000019 seconds.
  path: Assets/Sprite/human7_Top_diffuse.png
  artifactKey: Guid(008475a6742b2e6409916a4203abbc99) Importer(815301076,1909f56bfc062723c751e8b465ee728b)
Start importing Assets/Sprite/human7_Top_diffuse.png using Guid(008475a6742b2e6409916a4203abbc99) Importer(815301076,1909f56bfc062723c751e8b465ee728b)  -> (artifact id: 'cbc9300cd01d346ab21b410a62651090') in 0.024668 seconds 
========================================================================
Received Import Request.
  Time since last request: 0.000030 seconds.
  path: Assets/Sprite/human6_Hair_diffuse.png
  artifactKey: Guid(dd5151cd3ba3f4043b7f21b53feaa089) Importer(815301076,1909f56bfc062723c751e8b465ee728b)
Start importing Assets/Sprite/human6_Hair_diffuse.png using Guid(dd5151cd3ba3f4043b7f21b53feaa089) Importer(815301076,1909f56bfc062723c751e8b465ee728b)  -> (artifact id: '43755cf9cf76f11a69d1effab1bf9053') in 0.024749 seconds 
========================================================================
Received Import Request.
  Time since last request: 0.000030 seconds.
  path: Assets/Sprite/human7_Body_diffuse.png
  artifactKey: Guid(cc661aa19235c3849bb5469ef9e54cce) Importer(815301076,1909f56bfc062723c751e8b465ee728b)
Start importing Assets/Sprite/human7_Body_diffuse.png using Guid(cc661aa19235c3849bb5469ef9e54cce) Importer(815301076,1909f56bfc062723c751e8b465ee728b)  -> (artifact id: 'ca76245275f015e214503953c8167022') in 0.021667 seconds 
========================================================================
Received Import Request.
  Time since last request: 1.168756 seconds.
  path: Assets/Sprite/human9_Body_diffuse.png
  artifactKey: Guid(24f35f352a3110a40b18ebb48df35966) Importer(815301076,1909f56bfc062723c751e8b465ee728b)
Start importing Assets/Sprite/human9_Body_diffuse.png using Guid(24f35f352a3110a40b18ebb48df35966) Importer(815301076,1909f56bfc062723c751e8b465ee728b)  -> (artifact id: 'b4b252064b4e551616189493b04ff8ff') in 0.032921 seconds 
========================================================================
Received Import Request.
  Time since last request: 0.000033 seconds.
  path: Assets/Sprite/human9_Top_diffuse.png
  artifactKey: Guid(a24b8dc497d255a46a2e442835a4185a) Importer(815301076,1909f56bfc062723c751e8b465ee728b)
Start importing Assets/Sprite/human9_Top_diffuse.png using Guid(a24b8dc497d255a46a2e442835a4185a) Importer(815301076,1909f56bfc062723c751e8b465ee728b)  -> (artifact id: 'e67a7c505fbf8e442d9c5e16fd8b5e4f') in 0.023604 seconds 
========================================================================
Received Import Request.
  Time since last request: 0.000107 seconds.
  path: Assets/Sprite/human10_Shoes_diffuse.png
  artifactKey: Guid(e28c3ad47ca1eda498b8d8e609c9f2d7) Importer(815301076,1909f56bfc062723c751e8b465ee728b)
Start importing Assets/Sprite/human10_Shoes_diffuse.png using Guid(e28c3ad47ca1eda498b8d8e609c9f2d7) Importer(815301076,1909f56bfc062723c751e8b465ee728b)  -> (artifact id: 'c3b323f1d96de3c0b728954def9fc6a2') in 0.025712 seconds 
========================================================================
Received Import Request.
  Time since last request: 0.000023 seconds.
  path: Assets/Sprite/human12_Body_diffuse.png
  artifactKey: Guid(ed05e75886ec46a46a62565b9ae207ff) Importer(815301076,1909f56bfc062723c751e8b465ee728b)
Start importing Assets/Sprite/human12_Body_diffuse.png using Guid(ed05e75886ec46a46a62565b9ae207ff) Importer(815301076,1909f56bfc062723c751e8b465ee728b)  -> (artifact id: '99b5f726d231797784db254875bb98b4') in 0.029180 seconds 
========================================================================
Received Import Request.
  Time since last request: 0.000026 seconds.
  path: Assets/Sprite/human11_Shoes_diffuse.png
  artifactKey: Guid(e31ad0cddf74887498887f8bd196c56e) Importer(815301076,1909f56bfc062723c751e8b465ee728b)
Start importing Assets/Sprite/human11_Shoes_diffuse.png using Guid(e31ad0cddf74887498887f8bd196c56e) Importer(815301076,1909f56bfc062723c751e8b465ee728b)  -> (artifact id: '3abe8939937a2367a711f9e95031909a') in 0.022867 seconds 
========================================================================
Received Import Request.
  Time since last request: 0.000041 seconds.
  path: Assets/Sprite/human11_Eyewear_diffuse.png
  artifactKey: Guid(a85e484781be62b4cb85bf0cd9d6d990) Importer(815301076,1909f56bfc062723c751e8b465ee728b)
Start importing Assets/Sprite/human11_Eyewear_diffuse.png using Guid(a85e484781be62b4cb85bf0cd9d6d990) Importer(815301076,1909f56bfc062723c751e8b465ee728b)  -> (artifact id: 'a594cb897fe7a46a603bce514a679aad') in 0.023293 seconds 
========================================================================
Received Import Request.
  Time since last request: 0.000030 seconds.
  path: Assets/Sprite/human11_Top_diffuse.png
  artifactKey: Guid(105ac1b56cb9fb740b4da80f50af443f) Importer(815301076,1909f56bfc062723c751e8b465ee728b)
Start importing Assets/Sprite/human11_Top_diffuse.png using Guid(105ac1b56cb9fb740b4da80f50af443f) Importer(815301076,1909f56bfc062723c751e8b465ee728b)  -> (artifact id: '72df046f50546152b1a8528c60a74634') in 0.020802 seconds 
========================================================================
Received Import Request.
  Time since last request: 2.240648 seconds.
  path: Assets/Prefab/Capsule.prefab
  artifactKey: Guid(33aed0069d0adaa42a82241d7419da0c) Importer(815301076,1909f56bfc062723c751e8b465ee728b)
Start importing Assets/Prefab/Capsule.prefab using Guid(33aed0069d0adaa42a82241d7419da0c) Importer(815301076,1909f56bfc062723c751e8b465ee728b)  -> (artifact id: 'ca88b2bd34c116ccbb57ea114b532a68') in 0.093062 seconds 
========================================================================
Received Import Request.
  Time since last request: 0.000031 seconds.
  path: Assets/Prefab/TallSquareTable.dae
  artifactKey: Guid(61cdc424adb3dac4489b3fcb4ee253a3) Importer(815301076,1909f56bfc062723c751e8b465ee728b)
Start importing Assets/Prefab/TallSquareTable.dae using Guid(61cdc424adb3dac4489b3fcb4ee253a3) Importer(815301076,1909f56bfc062723c751e8b465ee728b)  -> (artifact id: 'ad9eb447805c88fcd869b7146765899a') in 0.085319 seconds 
========================================================================
Received Import Request.
  Time since last request: 0.000048 seconds.
  path: Assets/Prefab/toilet.FBX
  artifactKey: Guid(9a73f226a77a25e48bdd2df4e9fffaa4) Importer(815301076,1909f56bfc062723c751e8b465ee728b)
Start importing Assets/Prefab/toilet.FBX using Guid(9a73f226a77a25e48bdd2df4e9fffaa4) Importer(815301076,1909f56bfc062723c751e8b465ee728b)  -> (artifact id: '688753431677f19469d1d128a3f5af5a') in 0.060170 seconds 
========================================================================
Received Import Request.
  Time since last request: 0.000031 seconds.
  path: Assets/Prefab/door_frame.FBX
  artifactKey: Guid(42da40569412bf6458481d3b103563de) Importer(815301076,1909f56bfc062723c751e8b465ee728b)
Start importing Assets/Prefab/door_frame.FBX using Guid(42da40569412bf6458481d3b103563de) Importer(815301076,1909f56bfc062723c751e8b465ee728b)  -> (artifact id: 'b8020614e9516415d27340bfd1460319') in 0.050758 seconds 
========================================================================
Received Import Request.
  Time since last request: 48.399437 seconds.
  path: Assets/ProBuilder Data/Default Material Palette.asset
  artifactKey: Guid(04d3f36f100a32e4292cfbe940dcd000) Importer(815301076,1909f56bfc062723c751e8b465ee728b)
Start importing Assets/ProBuilder Data/Default Material Palette.asset using Guid(04d3f36f100a32e4292cfbe940dcd000) Importer(815301076,1909f56bfc062723c751e8b465ee728b)  -> (artifact id: 'b2aa097e21458c34e21dd389dba715ca') in 0.028446 seconds 
========================================================================
Received Import Request.
  Time since last request: 51.157328 seconds.
  path: Assets/Sprite/human12_Shoes_diffuse.png
  artifactKey: Guid(c8902422126196046a9de342ab3351a7) Importer(815301076,1909f56bfc062723c751e8b465ee728b)
Start importing Assets/Sprite/human12_Shoes_diffuse.png using Guid(c8902422126196046a9de342ab3351a7) Importer(815301076,1909f56bfc062723c751e8b465ee728b)  -> (artifact id: '36644700e03e6c4adfc9dfb708027577') in 0.028126 seconds 
========================================================================
Received Import Request.
  Time since last request: 0.000025 seconds.
  path: Assets/Sprite/human14_Hair_diffuse.png
  artifactKey: Guid(c2bdd2466a5d4fc4188d32ac99e94eb2) Importer(815301076,1909f56bfc062723c751e8b465ee728b)
Start importing Assets/Sprite/human14_Hair_diffuse.png using Guid(c2bdd2466a5d4fc4188d32ac99e94eb2) Importer(815301076,1909f56bfc062723c751e8b465ee728b)  -> (artifact id: '45482ddff2645702a22f5364ebb32aad') in 0.024945 seconds 
========================================================================
Received Import Request.
  Time since last request: 0.000026 seconds.
  path: Assets/Sprite/human13_Top_diffuse.png
  artifactKey: Guid(f75c5918659aeaa46b8eb831cd37c1cd) Importer(815301076,1909f56bfc062723c751e8b465ee728b)
Start importing Assets/Sprite/human13_Top_diffuse.png using Guid(f75c5918659aeaa46b8eb831cd37c1cd) Importer(815301076,1909f56bfc062723c751e8b465ee728b)  -> (artifact id: '4cc95a50af84fba59ee383d04767f91d') in 0.026211 seconds 
========================================================================
Received Import Request.
  Time since last request: 0.000073 seconds.
  path: Assets/Sprite/human14_Body_diffuse.png
  artifactKey: Guid(3c5fb45fefc515244b46a209833dfeab) Importer(815301076,1909f56bfc062723c751e8b465ee728b)
Start importing Assets/Sprite/human14_Body_diffuse.png using Guid(3c5fb45fefc515244b46a209833dfeab) Importer(815301076,1909f56bfc062723c751e8b465ee728b)  -> (artifact id: 'e4b93fba27372aa8a93d1a76c1fb5494') in 0.022131 seconds 
========================================================================
Received Import Request.
  Time since last request: 0.236809 seconds.
  path: Assets/Sprite/human14_Top_diffuse.png
  artifactKey: Guid(04fc3781a1ac95244b0e9d4f66d74097) Importer(815301076,1909f56bfc062723c751e8b465ee728b)
Start importing Assets/Sprite/human14_Top_diffuse.png using Guid(04fc3781a1ac95244b0e9d4f66d74097) Importer(815301076,1909f56bfc062723c751e8b465ee728b)  -> (artifact id: '61daad4f01c14a4345b19d6532b75ebc') in 0.021915 seconds 
========================================================================
Received Import Request.
  Time since last request: 0.000034 seconds.
  path: Assets/Sprite/human15_Bottom_diffuse.png
  artifactKey: Guid(0491584af4666b0429f59a8671e6ad07) Importer(815301076,1909f56bfc062723c751e8b465ee728b)
Start importing Assets/Sprite/human15_Bottom_diffuse.png using Guid(0491584af4666b0429f59a8671e6ad07) Importer(815301076,1909f56bfc062723c751e8b465ee728b)  -> (artifact id: 'f28606300a2240ffeb2b93e81feaa9d1') in 0.019525 seconds 
========================================================================
Received Import Request.
  Time since last request: 0.000027 seconds.
  path: Assets/Sprite/human16_Body_diffuse.png
  artifactKey: Guid(86bad1ffce70f9c4bbd9354874919d3f) Importer(815301076,1909f56bfc062723c751e8b465ee728b)
Start importing Assets/Sprite/human16_Body_diffuse.png using Guid(86bad1ffce70f9c4bbd9354874919d3f) Importer(815301076,1909f56bfc062723c751e8b465ee728b)  -> (artifact id: 'df2c360bf31c27bb5e77548243f95b52') in 0.053041 seconds 
========================================================================
Received Import Request.
  Time since last request: 0.000031 seconds.
  path: Assets/Sprite/human17_Shoes_diffuse.png
  artifactKey: Guid(d2cc2499600587b469f6e60887bf677a) Importer(815301076,1909f56bfc062723c751e8b465ee728b)
Start importing Assets/Sprite/human17_Shoes_diffuse.png using Guid(d2cc2499600587b469f6e60887bf677a) Importer(815301076,1909f56bfc062723c751e8b465ee728b)  -> (artifact id: 'd3db4c0bd84936524a6d116664e733e8') in 0.020507 seconds 
========================================================================
Received Import Request.
  Time since last request: 0.000066 seconds.
  path: Assets/Sprite/human17_Bottom_diffuse.png
  artifactKey: Guid(c77f9310064324a468dc781d1543d867) Importer(815301076,1909f56bfc062723c751e8b465ee728b)
Start importing Assets/Sprite/human17_Bottom_diffuse.png using Guid(c77f9310064324a468dc781d1543d867) Importer(815301076,1909f56bfc062723c751e8b465ee728b)  -> (artifact id: '4061d3da2910c8dea89c385536f6117f') in 0.019845 seconds 
========================================================================
Received Import Request.
  Time since last request: 0.000025 seconds.
  path: Assets/Sprite/human19_Top_diffuse.png
  artifactKey: Guid(50310ddfe8756ff49b0df757b74d9304) Importer(815301076,1909f56bfc062723c751e8b465ee728b)
Start importing Assets/Sprite/human19_Top_diffuse.png using Guid(50310ddfe8756ff49b0df757b74d9304) Importer(815301076,1909f56bfc062723c751e8b465ee728b)  -> (artifact id: '3f117d5ed55d6ddfcf31aac2408551c7') in 0.020058 seconds 
========================================================================
Received Import Request.
  Time since last request: 0.000058 seconds.
  path: Assets/Sprite/human_Bottom_diffuse.png
  artifactKey: Guid(f9d5ae560749c834398152d4e4697602) Importer(815301076,1909f56bfc062723c751e8b465ee728b)
Start importing Assets/Sprite/human_Bottom_diffuse.png using Guid(f9d5ae560749c834398152d4e4697602) Importer(815301076,1909f56bfc062723c751e8b465ee728b)  -> (artifact id: '1246a11a964fba59bce624a3cbb7472d') in 0.021470 seconds 
========================================================================
Received Import Request.
  Time since last request: 0.000021 seconds.
  path: Assets/Sprite/human17_Top_diffuse.png
  artifactKey: Guid(a9b2b98491fad454191116e250207085) Importer(815301076,1909f56bfc062723c751e8b465ee728b)
Start importing Assets/Sprite/human17_Top_diffuse.png using Guid(a9b2b98491fad454191116e250207085) Importer(815301076,1909f56bfc062723c751e8b465ee728b)  -> (artifact id: '6e911cbea6c3cf62107e0f5e271ad13e') in 0.021026 seconds 
========================================================================
Received Import Request.
  Time since last request: 0.000019 seconds.
  path: Assets/Sprite/human_Body_diffuse.png
  artifactKey: Guid(0699f670ee31d524fbdde71f7c8a155a) Importer(815301076,1909f56bfc062723c751e8b465ee728b)
Start importing Assets/Sprite/human_Body_diffuse.png using Guid(0699f670ee31d524fbdde71f7c8a155a) Importer(815301076,1909f56bfc062723c751e8b465ee728b)  -> (artifact id: 'bf474f4ddd81edea8fc47c737c7b0472') in 0.023291 seconds 
========================================================================
Received Import Request.
  Time since last request: 0.000024 seconds.
  path: Assets/Sprite/human20_Bottom_diffuse.png
  artifactKey: Guid(5c41415ebb1f35d48851f12c5d69f0d6) Importer(815301076,1909f56bfc062723c751e8b465ee728b)
Start importing Assets/Sprite/human20_Bottom_diffuse.png using Guid(5c41415ebb1f35d48851f12c5d69f0d6) Importer(815301076,1909f56bfc062723c751e8b465ee728b)  -> (artifact id: 'a0cdec650eedd72d7ba8ca34a4d08020') in 0.024718 seconds 
========================================================================
Received Import Request.
  Time since last request: 0.000044 seconds.
  path: Assets/Sprite/human18_Top_diffuse.png
  artifactKey: Guid(bc1d8983b8ed2db4bbfffc8e375ee7cc) Importer(815301076,1909f56bfc062723c751e8b465ee728b)
Start importing Assets/Sprite/human18_Top_diffuse.png using Guid(bc1d8983b8ed2db4bbfffc8e375ee7cc) Importer(815301076,1909f56bfc062723c751e8b465ee728b)  -> (artifact id: 'b1636eecc6cef19b7320ee8d227a53e1') in 0.025814 seconds 
========================================================================
Received Import Request.
  Time since last request: 0.000020 seconds.
  path: Assets/Sprite/human19_Hair_diffuse.png
  artifactKey: Guid(164e3883ccebb314789d19b5a95d6608) Importer(815301076,1909f56bfc062723c751e8b465ee728b)
Start importing Assets/Sprite/human19_Hair_diffuse.png using Guid(164e3883ccebb314789d19b5a95d6608) Importer(815301076,1909f56bfc062723c751e8b465ee728b)  -> (artifact id: 'bbcee647d571f6ca1a2dd7498a6b00ee') in 0.022068 seconds 
========================================================================
Received Import Request.
  Time since last request: 0.000040 seconds.
  path: Assets/Sprite/human20_Hair_diffuse.png
  artifactKey: Guid(2fb1f865938eff74e916bfbd6f515d9f) Importer(815301076,1909f56bfc062723c751e8b465ee728b)
Start importing Assets/Sprite/human20_Hair_diffuse.png using Guid(2fb1f865938eff74e916bfbd6f515d9f) Importer(815301076,1909f56bfc062723c751e8b465ee728b)  -> (artifact id: 'c4336311f6bb2472ad28d587cd008a61') in 0.022720 seconds 
========================================================================
Received Import Request.
  Time since last request: 0.000058 seconds.
  path: Assets/Sprite/human18_Body_diffuse.png
  artifactKey: Guid(0bd90477ed7ac5549b6f1ad0747292c0) Importer(815301076,1909f56bfc062723c751e8b465ee728b)
Start importing Assets/Sprite/human18_Body_diffuse.png using Guid(0bd90477ed7ac5549b6f1ad0747292c0) Importer(815301076,1909f56bfc062723c751e8b465ee728b)  -> (artifact id: 'b3904fab20285a9b988df240f04b566f') in 0.021870 seconds 
========================================================================
Received Import Request.
  Time since last request: 0.215761 seconds.
  path: Assets/Sprite/Man_Hat_diffuse.png
  artifactKey: Guid(27834658e0fd3594b9a62a22f2ab7022) Importer(815301076,1909f56bfc062723c751e8b465ee728b)
Start importing Assets/Sprite/Man_Hat_diffuse.png using Guid(27834658e0fd3594b9a62a22f2ab7022) Importer(815301076,1909f56bfc062723c751e8b465ee728b)  -> (artifact id: '028be770198a12abd588936287906cbd') in 0.020716 seconds 
========================================================================
Received Import Request.
  Time since last request: 0.000027 seconds.
  path: Assets/Sprite/Man_Top_diffuse.png
  artifactKey: Guid(911b32d42e3362b428d4aa59b6f62d32) Importer(815301076,1909f56bfc062723c751e8b465ee728b)
Start importing Assets/Sprite/Man_Top_diffuse.png using Guid(911b32d42e3362b428d4aa59b6f62d32) Importer(815301076,1909f56bfc062723c751e8b465ee728b)  -> (artifact id: '7c39bce0196d8ec4cf890843e7bade27') in 0.019849 seconds 
========================================================================
Received Import Request.
  Time since last request: 0.000032 seconds.
  path: Assets/Sprite/Parking_Table_Table_New_AlbedoTransparency.png
  artifactKey: Guid(f66f931405cea194cadf5b5f81143924) Importer(815301076,1909f56bfc062723c751e8b465ee728b)
Start importing Assets/Sprite/Parking_Table_Table_New_AlbedoTransparency.png using Guid(f66f931405cea194cadf5b5f81143924) Importer(815301076,1909f56bfc062723c751e8b465ee728b)  -> (artifact id: 'f7a7b8561ab30911bb26fbeea38305f7') in 0.026214 seconds 
========================================================================
Received Import Request.
  Time since last request: 0.000031 seconds.
  path: Assets/Sprite/stone_floor_d.png
  artifactKey: Guid(6450329bf1bc5314d894e25d73e26b89) Importer(815301076,1909f56bfc062723c751e8b465ee728b)
Start importing Assets/Sprite/stone_floor_d.png using Guid(6450329bf1bc5314d894e25d73e26b89) Importer(815301076,1909f56bfc062723c751e8b465ee728b)  -> (artifact id: 'a89f1181b11a27638fcf6222860c83f0') in 0.028999 seconds 
========================================================================
Received Import Request.
  Time since last request: 0.000058 seconds.
  path: Assets/Sprite/toilet_A.tga
  artifactKey: Guid(9676e200ddb101b4a9a8056fec3cf683) Importer(815301076,1909f56bfc062723c751e8b465ee728b)
Start importing Assets/Sprite/toilet_A.tga using Guid(9676e200ddb101b4a9a8056fec3cf683) Importer(815301076,1909f56bfc062723c751e8b465ee728b)  -> (artifact id: 'e70efb3c5c33e3d28f8de7734244433b') in 0.034168 seconds 
========================================================================
Received Import Request.
  Time since last request: 0.000055 seconds.
  path: Assets/Sprite/Security_Hair_diffuse.png
  artifactKey: Guid(ec880ca3fb1202d4fa2410ba675fc711) Importer(815301076,1909f56bfc062723c751e8b465ee728b)
Start importing Assets/Sprite/Security_Hair_diffuse.png using Guid(ec880ca3fb1202d4fa2410ba675fc711) Importer(815301076,1909f56bfc062723c751e8b465ee728b)  -> (artifact id: '68d30ebc26fe9341567edd5da2c4caf1') in 0.028023 seconds 
========================================================================
Received Import Request.
  Time since last request: 0.000047 seconds.
  path: Assets/Sprite/Security_Shoes_diffuse.png
  artifactKey: Guid(f1218e9a4ddb64e418aa351863aebe97) Importer(815301076,1909f56bfc062723c751e8b465ee728b)
Start importing Assets/Sprite/Security_Shoes_diffuse.png using Guid(f1218e9a4ddb64e418aa351863aebe97) Importer(815301076,1909f56bfc062723c751e8b465ee728b)  -> (artifact id: 'bffced694e317491b8abb0149d173612') in 0.027555 seconds 
========================================================================
Received Import Request.
  Time since last request: 0.000074 seconds.
  path: Assets/Sprite/Security_Top_diffuse.png
  artifactKey: Guid(c63c74db9d6326b4594807f58946cc97) Importer(815301076,1909f56bfc062723c751e8b465ee728b)
Start importing Assets/Sprite/Security_Top_diffuse.png using Guid(c63c74db9d6326b4594807f58946cc97) Importer(815301076,1909f56bfc062723c751e8b465ee728b)  -> (artifact id: 'ceedfc94b7a89926697c570beb36d2f8') in 0.028432 seconds 
========================================================================
Received Import Request.
  Time since last request: 0.000028 seconds.
  path: Assets/Sprite/TallSquareTable_TallSquareTable-material_AlbedoTransparency.png
  artifactKey: Guid(da4b8fc8f8fea1446b06c36a82d900aa) Importer(815301076,1909f56bfc062723c751e8b465ee728b)
Start importing Assets/Sprite/TallSquareTable_TallSquareTable-material_AlbedoTransparency.png using Guid(da4b8fc8f8fea1446b06c36a82d900aa) Importer(815301076,1909f56bfc062723c751e8b465ee728b)  -> (artifact id: 'abc0c9315ca1293cd53d21459eb29f82') in 0.029964 seconds 
========================================================================
Received Import Request.
  Time since last request: 0.000082 seconds.
  path: Assets/Sprite/TallRoundTable_TallRoundTable-material_AlbedoTransparency.png
  artifactKey: Guid(6504bfe66b874c94f853544e14389ef0) Importer(815301076,1909f56bfc062723c751e8b465ee728b)
Start importing Assets/Sprite/TallRoundTable_TallRoundTable-material_AlbedoTransparency.png using Guid(6504bfe66b874c94f853544e14389ef0) Importer(815301076,1909f56bfc062723c751e8b465ee728b)  -> (artifact id: 'ce002064e7ef035ee8e9c7c7300a7d1f') in 0.028763 seconds 
========================================================================
Received Import Request.
  Time since last request: 0.000023 seconds.
  path: Assets/Sprite/toilet_D.tga
  artifactKey: Guid(4ae61e5383ee0754eb3f3bdc76d94abc) Importer(815301076,1909f56bfc062723c751e8b465ee728b)
Start importing Assets/Sprite/toilet_D.tga using Guid(4ae61e5383ee0754eb3f3bdc76d94abc) Importer(815301076,1909f56bfc062723c751e8b465ee728b)  -> (artifact id: '168a03f7de2f8c5e24f8744764ffddb7') in 0.023032 seconds 
========================================================================
Received Import Request.
  Time since last request: 331.379411 seconds.
  path: Assets/HQ Acoustic system/Amplifier_normal.tga
  artifactKey: Guid(fb9dcd890c1fd4f408deb6bb86e6aa25) Importer(815301076,1909f56bfc062723c751e8b465ee728b)
Start importing Assets/HQ Acoustic system/Amplifier_normal.tga using Guid(fb9dcd890c1fd4f408deb6bb86e6aa25) Importer(815301076,1909f56bfc062723c751e8b465ee728b)  -> (artifact id: '2e2f606c3b05d89735f627b57f437a85') in 0.041987 seconds 
========================================================================
Received Import Request.
  Time since last request: 0.000050 seconds.
  path: Assets/HQ Acoustic system/Subwoofer.FBX
  artifactKey: Guid(952cf7ee7fb27ea4780ae5c140d77b6e) Importer(815301076,1909f56bfc062723c751e8b465ee728b)
Start importing Assets/HQ Acoustic system/Subwoofer.FBX using Guid(952cf7ee7fb27ea4780ae5c140d77b6e) Importer(815301076,1909f56bfc062723c751e8b465ee728b)  -> (artifact id: '26ccfc44070c71fd1bbb799c0238b067') in 0.711355 seconds 
========================================================================
Received Import Request.
  Time since last request: 0.000062 seconds.
  path: Assets/HQ Acoustic system/Satellite_low.FBX
  artifactKey: Guid(8eb8edb82ed73cb418750550d784e536) Importer(815301076,1909f56bfc062723c751e8b465ee728b)
Start importing Assets/HQ Acoustic system/Satellite_low.FBX using Guid(8eb8edb82ed73cb418750550d784e536) Importer(815301076,1909f56bfc062723c751e8b465ee728b)  -> (artifact id: 'c3bf719988b5526cd62d498491bf6985') in 0.241176 seconds 
========================================================================
Received Import Request.
  Time since last request: 0.000172 seconds.
  path: Assets/HQ Acoustic system/Subwoofer.prefab
  artifactKey: Guid(d71691cb16f685e42a08863fdaa2d6e7) Importer(815301076,1909f56bfc062723c751e8b465ee728b)
Start importing Assets/HQ Acoustic system/Subwoofer.prefab using Guid(d71691cb16f685e42a08863fdaa2d6e7) Importer(815301076,1909f56bfc062723c751e8b465ee728b)  -> (artifact id: '7e44b500c4258b140d1d3c378b3ba622') in 0.267918 seconds 
========================================================================
Received Import Request.
  Time since last request: 0.000219 seconds.
  path: Assets/HQ Acoustic system/Satellite_hight.prefab
  artifactKey: Guid(cb618eae855076242926bab5edf2b8c0) Importer(815301076,1909f56bfc062723c751e8b465ee728b)
Start importing Assets/HQ Acoustic system/Satellite_hight.prefab using Guid(cb618eae855076242926bab5edf2b8c0) Importer(815301076,1909f56bfc062723c751e8b465ee728b)  -> (artifact id: '240e62dffc4ee0f9e208ca6e0b916ef1') in 0.271488 seconds 
========================================================================
Received Import Request.
  Time since last request: 20.146373 seconds.
  path: Assets/HQ Acoustic system/Acoustic_low_normal.tga
  artifactKey: Guid(7af92b4a61f66534385a4d9795a03011) Importer(815301076,1909f56bfc062723c751e8b465ee728b)
Start importing Assets/HQ Acoustic system/Acoustic_low_normal.tga using Guid(7af92b4a61f66534385a4d9795a03011) Importer(815301076,1909f56bfc062723c751e8b465ee728b)  -> (artifact id: '1b32fa1d088d1e11b0e3bb7653b67523') in 0.075369 seconds 
========================================================================
Received Import Request.
  Time since last request: 0.000077 seconds.
  path: Assets/HQ Acoustic system/Amplifier_diffuse.tga
  artifactKey: Guid(847db88b2e0fb0d40a8571218a02d64d) Importer(815301076,1909f56bfc062723c751e8b465ee728b)
Start importing Assets/HQ Acoustic system/Amplifier_diffuse.tga using Guid(847db88b2e0fb0d40a8571218a02d64d) Importer(815301076,1909f56bfc062723c751e8b465ee728b)  -> (artifact id: 'f00ae413d96080260cb9009cb0011906') in 0.156621 seconds 
========================================================================
Received Import Request.
  Time since last request: 0.000080 seconds.
  path: Assets/HQ Acoustic system/Amplifier.prefab
  artifactKey: Guid(10720e2c0f89c1d4b9332e0709f6ea2d) Importer(815301076,1909f56bfc062723c751e8b465ee728b)
Start importing Assets/HQ Acoustic system/Amplifier.prefab using Guid(10720e2c0f89c1d4b9332e0709f6ea2d) Importer(815301076,1909f56bfc062723c751e8b465ee728b)  -> (artifact id: '84ff2f4e4f8e3d54bd169e3302933433') in 0.081626 seconds 
========================================================================
Received Import Request.
  Time since last request: 29.587665 seconds.
  path: Assets/HQ Acoustic system/Materials/Amplifier.mat
  artifactKey: Guid(5a2006fe0d7e5a14fa1c811f9443ccc7) Importer(815301076,1909f56bfc062723c751e8b465ee728b)
Start importing Assets/HQ Acoustic system/Materials/Amplifier.mat using Guid(5a2006fe0d7e5a14fa1c811f9443ccc7) Importer(815301076,1909f56bfc062723c751e8b465ee728b)  -> (artifact id: '94958fa37c63d0f8617a5a07f905334f') in 0.087942 seconds 
========================================================================
Received Prepare
Registering precompiled user dll's ...
Registered in 0.011126 seconds.
Begin MonoManager ReloadAssembly
Symbol file LoadedFromMemory doesn't match image C:\Users\meles\Desktop\Bar Cooking\Library\PackageCache\com.unity.visualscripting@1.7.5\Editor\VisualScripting.Core\Dependencies\YamlDotNet\Unity.VisualScripting.YamlDotNet.dll
Symbol file LoadedFromMemory doesn't match image C:\Users\meles\Desktop\Bar Cooking\Library\PackageCache\com.unity.visualscripting@1.7.5\Editor\VisualScripting.Core\Dependencies\DotNetZip\Unity.VisualScripting.IonicZip.dll
Native extension for WindowsStandalone target not found
Refreshing native plugins compatible for Editor in 1.51 ms, found 3 plugins.
Preloading 0 native plugins for Editor in 0.00 ms.
Mono: successfully reloaded assembly
- Completed reload, in  2.286 seconds
Domain Reload Profiling:
	ReloadAssembly (2288ms)
		BeginReloadAssembly (256ms)
			ExecutionOrderSort (0ms)
			DisableScriptedObjects (9ms)
			BackupInstance (0ms)
			ReleaseScriptingObjects (0ms)
			CreateAndSetChildDomain (67ms)
		EndReloadAssembly (1816ms)
			LoadAssemblies (148ms)
			RebuildTransferFunctionScriptingTraits (0ms)
			SetupTypeCache (432ms)
			ReleaseScriptCaches (2ms)
			RebuildScriptCaches (82ms)
			SetupLoadedEditorAssemblies (756ms)
				LogAssemblyErrors (0ms)
				InitializePlatformSupportModulesInManaged (23ms)
				SetLoadedEditorAssemblies (1ms)
				RefreshPlugins (2ms)
				BeforeProcessingInitializeOnLoad (132ms)
				ProcessInitializeOnLoadAttributes (533ms)
				ProcessInitializeOnLoadMethodAttributes (48ms)
				AfterProcessingInitializeOnLoad (16ms)
				EditorAssembliesLoaded (1ms)
			ExecutionOrderSort2 (0ms)
			AwakeInstancesAfterBackupRestoration (43ms)
Platform modules already initialized, skipping
Refreshing native plugins compatible for Editor in 1.68 ms, found 3 plugins.
Preloading 0 native plugins for Editor in 0.00 ms.
Unloading 3537 Unused Serialized files (Serialized files now loaded: 0)
Unloading 19 unused Assets / (80.7 KB). Loaded Objects now: 4766.
Memory consumption went from 238.8 MB to 238.7 MB.
Total: 5.060200 ms (FindLiveObjects: 0.618800 ms CreateObjectMapping: 0.334400 ms MarkObjects: 3.960100 ms  DeleteObjects: 0.145400 ms)

AssetImportParameters requested are different than current active one (requested -> active):
  custom:video-decoder-ogg-theora: a1e56fd34408186e4bbccfd4996cb3dc -> 
  custom:container-muxer-webm: aa71ff27fc2769a1b78a27578f13a17b -> 
  custom:container-demuxer-webm: 4f35f7cbe854078d1ac9338744f61a02 -> 
  custom:video-encoder-webm-vp8: eb34c28f22e8b96e1ab97ce403110664 -> 
  custom:audio-encoder-webm-vorbis: bf7c407c2cedff20999df2af8eb42d56 -> 
  custom:framework-win-MediaFoundation: 216162199b28c13a410421893ffa2e32 -> 
  custom:container-demuxer-ogg: 62fdf1f143b41e24485cea50d1cbac27 -> 
  custom:video-decoder-webm-vp8: 9c59270c3fd7afecdb556c50c9e8de78 -> 
  custom:audio-decoder-ogg-vorbis: bf7c407c2cedff20999df2af8eb42d56 -> 
========================================================================
Received Import Request.
  Time since last request: 105.677719 seconds.
  path: Assets/Prefab/Satellite_center.prefab
  artifactKey: Guid(bd24db164c1b0a04b8b50a651bca8f72) Importer(815301076,1909f56bfc062723c751e8b465ee728b)
Start importing Assets/Prefab/Satellite_center.prefab using Guid(bd24db164c1b0a04b8b50a651bca8f72) Importer(815301076,1909f56bfc062723c751e8b465ee728b)  -> (artifact id: '3ec8f6885bf5ee937871509972947adc') in 0.068063 seconds 
========================================================================
Received Import Request.
  Time since last request: 0.000058 seconds.
  path: Assets/Prefab/Subwoofer.prefab
  artifactKey: Guid(d71691cb16f685e42a08863fdaa2d6e7) Importer(815301076,1909f56bfc062723c751e8b465ee728b)
Start importing Assets/Prefab/Subwoofer.prefab using Guid(d71691cb16f685e42a08863fdaa2d6e7) Importer(815301076,1909f56bfc062723c751e8b465ee728b)  -> (artifact id: '0b407647e5b7efd6e90b092d2305c23e') in 0.007418 seconds 
Editor requested this worker to shutdown with reason: Scaling down because of idle timeout
AssetImportWorker is now disconnected from the server
Process exiting
Exiting without the bug reporter. Application will terminate with return code 0